2022-04-14 10:01:47,325 INFO  - MaterializeWorkflowDescriptorActor [UUID(581e40d8)]: Parsing workflow as WDL 1.0
2022-04-14 10:01:47,960 INFO  - MaterializeWorkflowDescriptorActor [UUID(581e40d8)]: Call-to-Backend assignments: coverage_reports.plot_target_coverage -> Local, wf_basemods.reprocess_motifs -> Local, pb_basemods.cleanup_chunked_dataset_files -> Local, wf_basemods.modifications_report -> Local, pb_basemods.update_reference -> Local, pb_basemods.auto_consolidate_alignments -> Local, mapping.pbmm2_align -> Local, coverage_reports.pbreports_coverage -> Local, coverage_reports.target_coverage -> Local, pb_basemods.dataset_filter -> Local, get_input_sizes.get_bam_size -> Local, wf_basemods.gather_basemods_gff -> Local, wf_basemods.find_motifs -> Local, wf_basemods.gather_basemods_csv -> Local, coverage_reports.gc_coverage_plot -> Local, mapping.split_reads -> Local, coverage_reports.target_coverage -> Local, mapping.gather_alignments -> Local, coverage_reports.summarize_coverage -> Local, wf_basemods.split_alignments -> Local, get_input_sizes.get_ref_size -> Local, wf_basemods.ipdsummary -> Local, wf_basemods.gather_bigwig -> Local, mapping.cleanup_chunked_dataset_files -> Local, mapping.mapping_stats -> Local, coverage_reports.gc_coverage_plot -> Local, pb_basemods.update_subreads -> Local, mapping.auto_consolidate_alignments -> Local, coverage_reports.plot_target_coverage -> Local, coverage_reports.summarize_coverage -> Local, wf_basemods.motifs_report -> Local, coverage_reports.pbreports_coverage -> Local
2022-04-14 10:01:47,968 WARN  - Local [UUID(581e40d8)]: Key/s [cpu, memory] is/are not supported by backend. Unsupported attributes will not be part of job executions.
2022-04-14 10:01:47,968 WARN  - Local [UUID(581e40d8)]: Key/s [cpu, memory] is/are not supported by backend. Unsupported attributes will not be part of job executions.
2022-04-14 10:01:47,968 WARN  - Local [UUID(581e40d8)]: Key/s [cpu, memory] is/are not supported by backend. Unsupported attributes will not be part of job executions.
2022-04-14 10:01:47,968 WARN  - Local [UUID(581e40d8)]: Key/s [cpu, memory] is/are not supported by backend. Unsupported attributes will not be part of job executions.
2022-04-14 10:01:47,968 WARN  - Local [UUID(581e40d8)]: Key/s [backend, memory] is/are not supported by backend. Unsupported attributes will not be part of job executions.
2022-04-14 10:01:47,968 WARN  - Local [UUID(581e40d8)]: Key/s [cpu, memory] is/are not supported by backend. Unsupported attributes will not be part of job executions.
2022-04-14 10:01:47,968 WARN  - Local [UUID(581e40d8)]: Key/s [cpu, memory] is/are not supported by backend. Unsupported attributes will not be part of job executions.
2022-04-14 10:01:47,968 WARN  - Local [UUID(581e40d8)]: Key/s [cpu, memory] is/are not supported by backend. Unsupported attributes will not be part of job executions.
2022-04-14 10:01:47,968 WARN  - Local [UUID(581e40d8)]: Key/s [cpu, memory] is/are not supported by backend. Unsupported attributes will not be part of job executions.
2022-04-14 10:01:47,968 WARN  - Local [UUID(581e40d8)]: Key/s [cpu, memory] is/are not supported by backend. Unsupported attributes will not be part of job executions.
2022-04-14 10:01:47,968 WARN  - Local [UUID(581e40d8)]: Key/s [cpu, memory] is/are not supported by backend. Unsupported attributes will not be part of job executions.
2022-04-14 10:01:47,968 WARN  - Local [UUID(581e40d8)]: Key/s [cpu, memory] is/are not supported by backend. Unsupported attributes will not be part of job executions.
2022-04-14 10:01:47,968 WARN  - Local [UUID(581e40d8)]: Key/s [cpu, memory] is/are not supported by backend. Unsupported attributes will not be part of job executions.
2022-04-14 10:01:47,968 WARN  - Local [UUID(581e40d8)]: Key/s [cpu, memory] is/are not supported by backend. Unsupported attributes will not be part of job executions.
2022-04-14 10:01:47,968 WARN  - Local [UUID(581e40d8)]: Key/s [cpu, memory] is/are not supported by backend. Unsupported attributes will not be part of job executions.
2022-04-14 10:01:47,968 WARN  - Local [UUID(581e40d8)]: Key/s [cpu, memory] is/are not supported by backend. Unsupported attributes will not be part of job executions.
2022-04-14 10:01:47,968 WARN  - Local [UUID(581e40d8)]: Key/s [cpu, memory] is/are not supported by backend. Unsupported attributes will not be part of job executions.
2022-04-14 10:01:47,968 WARN  - Local [UUID(581e40d8)]: Key/s [cpu, memory] is/are not supported by backend. Unsupported attributes will not be part of job executions.
2022-04-14 10:01:47,968 WARN  - Local [UUID(581e40d8)]: Key/s [cpu, memory] is/are not supported by backend. Unsupported attributes will not be part of job executions.
2022-04-14 10:01:47,968 WARN  - Local [UUID(581e40d8)]: Key/s [cpu, memory] is/are not supported by backend. Unsupported attributes will not be part of job executions.
2022-04-14 10:01:47,968 WARN  - Local [UUID(581e40d8)]: Key/s [cpu, memory] is/are not supported by backend. Unsupported attributes will not be part of job executions.
2022-04-14 10:01:47,968 WARN  - Local [UUID(581e40d8)]: Key/s [cpu, memory] is/are not supported by backend. Unsupported attributes will not be part of job executions.
2022-04-14 10:01:47,968 WARN  - Local [UUID(581e40d8)]: Key/s [cpu, memory] is/are not supported by backend. Unsupported attributes will not be part of job executions.
2022-04-14 10:01:47,968 WARN  - Local [UUID(581e40d8)]: Key/s [cpu, memory] is/are not supported by backend. Unsupported attributes will not be part of job executions.
2022-04-14 10:01:47,968 WARN  - Local [UUID(581e40d8)]: Key/s [cpu, memory] is/are not supported by backend. Unsupported attributes will not be part of job executions.
2022-04-14 10:01:47,968 WARN  - Local [UUID(581e40d8)]: Key/s [cpu, memory] is/are not supported by backend. Unsupported attributes will not be part of job executions.
2022-04-14 10:01:47,968 WARN  - Local [UUID(581e40d8)]: Key/s [backend, memory] is/are not supported by backend. Unsupported attributes will not be part of job executions.
2022-04-14 10:01:47,968 WARN  - Local [UUID(581e40d8)]: Key/s [cpu, memory] is/are not supported by backend. Unsupported attributes will not be part of job executions.
2022-04-14 10:01:47,968 WARN  - Local [UUID(581e40d8)]: Key/s [cpu, memory] is/are not supported by backend. Unsupported attributes will not be part of job executions.
2022-04-14 10:01:47,968 WARN  - Local [UUID(581e40d8)]: Key/s [cpu, memory] is/are not supported by backend. Unsupported attributes will not be part of job executions.
2022-04-14 10:01:47,968 WARN  - Local [UUID(581e40d8)]: Key/s [cpu, memory] is/are not supported by backend. Unsupported attributes will not be part of job executions.
2022-04-14 10:01:47,968 WARN  - Local [UUID(581e40d8)]: Key/s [cpu, memory] is/are not supported by backend. Unsupported attributes will not be part of job executions.
2022-04-14 10:01:50,005 INFO  - WorkflowExecutionActor-581e40d8-7bb5-4c29-be1d-e4054a8a8b53 [UUID(581e40d8)]: Starting pb_basemods.update_reference, pb_basemods.update_subreads
2022-04-14 10:10:44,426 WARN  - BackgroundConfigAsyncJobExecutionActor [UUID(581e40d8)pb_basemods.update_subreads:NA:1]: Unrecognized runtime attribute keys: backend, memory
2022-04-14 10:10:44,430 INFO  - BackgroundConfigAsyncJobExecutionActor [UUID(581e40d8)pb_basemods.update_subreads:NA:1]: `touch .NOARCHIVE
set -vex
dataset \
  --skipCounts \
  --log-level INFO \
  absolutize \
  /pub33/pbio10/smrtlink/userdata/jobs_root.default/cromwell-executions/pb_basemods/581e40d8-7bb5-4c29-be1d-e4054a8a8b53/call-update_subreads/inputs/1224379642/demultiplex.bc2018--bc2018.subreadset.xml \
  --outdir .`
2022-04-14 10:10:44,434 INFO  - BackgroundConfigAsyncJobExecutionActor [UUID(581e40d8)pb_basemods.update_subreads:NA:1]: executing: /bin/bash /pub33/pbio10/smrtlink/userdata/jobs_root.default/cromwell-executions/pb_basemods/581e40d8-7bb5-4c29-be1d-e4054a8a8b53/call-update_subreads/execution/script
2022-04-14 10:10:46,391 INFO  - BackgroundConfigAsyncJobExecutionActor [UUID(581e40d8)pb_basemods.update_subreads:NA:1]: job id: 1963353
2022-04-14 10:10:46,391 INFO  - BackgroundConfigAsyncJobExecutionActor [UUID(581e40d8)pb_basemods.update_subreads:NA:1]: Status change from - to Done
2022-04-14 10:10:52,213 INFO  - WorkflowExecutionActor-581e40d8-7bb5-4c29-be1d-e4054a8a8b53 [UUID(581e40d8)]: Starting pb_basemods.dataset_filter
2022-04-14 10:12:44,426 WARN  - BackgroundConfigAsyncJobExecutionActor [UUID(581e40d8)pb_basemods.update_reference:NA:1]: Unrecognized runtime attribute keys: backend, memory
2022-04-14 10:12:44,431 INFO  - BackgroundConfigAsyncJobExecutionActor [UUID(581e40d8)pb_basemods.update_reference:NA:1]: `touch .NOARCHIVE
set -vex
dataset \
  --skipCounts \
  --log-level INFO \
  absolutize \
  /pub33/pbio10/smrtlink/userdata/jobs_root.default/cromwell-executions/pb_basemods/581e40d8-7bb5-4c29-be1d-e4054a8a8b53/call-update_reference/inputs/-1895845120/smrtlink_reference.referenceset.xml \
  --outdir .`
2022-04-14 10:12:44,432 INFO  - BackgroundConfigAsyncJobExecutionActor [UUID(581e40d8)pb_basemods.update_reference:NA:1]: executing: /bin/bash /pub33/pbio10/smrtlink/userdata/jobs_root.default/cromwell-executions/pb_basemods/581e40d8-7bb5-4c29-be1d-e4054a8a8b53/call-update_reference/execution/script
2022-04-14 10:12:46,394 INFO  - BackgroundConfigAsyncJobExecutionActor [UUID(581e40d8)pb_basemods.update_reference:NA:1]: job id: 1964113
2022-04-14 10:12:46,395 INFO  - BackgroundConfigAsyncJobExecutionActor [UUID(581e40d8)pb_basemods.update_reference:NA:1]: Status change from - to Done
2022-04-14 10:13:05,426 WARN  - BackgroundConfigAsyncJobExecutionActor [UUID(581e40d8)pb_basemods.dataset_filter:NA:1]: Unrecognized runtime attribute keys: cpu, memory
2022-04-14 10:13:05,431 INFO  - BackgroundConfigAsyncJobExecutionActor [UUID(581e40d8)pb_basemods.dataset_filter:NA:1]: `touch .NOARCHIVE
set -vex
python3 \
  -m pbcoretools.tasks.dataset_filter \
  --log-level INFO \
  /pub33/pbio10/smrtlink/userdata/jobs_root.default/cromwell-executions/pb_basemods/581e40d8-7bb5-4c29-be1d-e4054a8a8b53/call-dataset_filter/inputs/231856566/demultiplex.bc2018--bc2018.subreadset.xml \
  filtered.subreadset.xml \
  '' \
   \
   \
   \
  --downsample 0`
2022-04-14 10:13:05,433 INFO  - BackgroundConfigAsyncJobExecutionActor [UUID(581e40d8)pb_basemods.dataset_filter:NA:1]: executing: /bin/bash /pub33/pbio10/smrtlink/userdata/jobs_root.default/cromwell-executions/pb_basemods/581e40d8-7bb5-4c29-be1d-e4054a8a8b53/call-dataset_filter/execution/script
2022-04-14 10:13:06,378 INFO  - BackgroundConfigAsyncJobExecutionActor [UUID(581e40d8)pb_basemods.dataset_filter:NA:1]: job id: 1964512
2022-04-14 10:13:06,378 INFO  - BackgroundConfigAsyncJobExecutionActor [UUID(581e40d8)pb_basemods.dataset_filter:NA:1]: Status change from - to Done
2022-04-14 10:13:13,984 INFO  - 554549c7-580d-40fa-b3a0-978006a49e2e-SubWorkflowActor-SubWorkflow-get_input_sizes:-1:1 [UUID(554549c7)]: Starting get_input_sizes.get_bam_size
2022-04-14 10:13:16,023 INFO  - 554549c7-580d-40fa-b3a0-978006a49e2e-SubWorkflowActor-SubWorkflow-get_input_sizes:-1:1 [UUID(554549c7)]: Starting get_input_sizes.get_ref_size
2022-04-14 10:13:44,426 WARN  - BackgroundConfigAsyncJobExecutionActor [UUID(554549c7)get_input_sizes.get_bam_size:NA:1]: Unrecognized runtime attribute keys: cpu, memory
2022-04-14 10:13:44,433 INFO  - BackgroundConfigAsyncJobExecutionActor [UUID(554549c7)get_input_sizes.get_bam_size:NA:1]: `python3 -m pbcoretools.tasks.memory.get_dataset_size \
  /pub33/pbio10/smrtlink/userdata/jobs_root.default/cromwell-executions/pb_basemods/581e40d8-7bb5-4c29-be1d-e4054a8a8b53/call-mapping/mapping/52f92c4a-48ac-4cd7-aa20-828d1a17ddf2/call-get_input_sizes/get_input_sizes/554549c7-580d-40fa-b3a0-978006a49e2e/call-get_bam_size/inputs/1982529358/filtered.subreadset.xml \
  --skip-counts \
  --get-index-size`
2022-04-14 10:13:44,435 INFO  - BackgroundConfigAsyncJobExecutionActor [UUID(554549c7)get_input_sizes.get_bam_size:NA:1]: executing: /bin/bash /pub33/pbio10/smrtlink/userdata/jobs_root.default/cromwell-executions/pb_basemods/581e40d8-7bb5-4c29-be1d-e4054a8a8b53/call-mapping/mapping/52f92c4a-48ac-4cd7-aa20-828d1a17ddf2/call-get_input_sizes/get_input_sizes/554549c7-580d-40fa-b3a0-978006a49e2e/call-get_bam_size/execution/script
2022-04-14 10:13:46,376 INFO  - BackgroundConfigAsyncJobExecutionActor [UUID(554549c7)get_input_sizes.get_bam_size:NA:1]: job id: 1965025
2022-04-14 10:13:46,376 INFO  - BackgroundConfigAsyncJobExecutionActor [UUID(554549c7)get_input_sizes.get_bam_size:NA:1]: Status change from - to Done
2022-04-14 10:14:14,430 WARN  - BackgroundConfigAsyncJobExecutionActor [UUID(554549c7)get_input_sizes.get_ref_size:NA:1]: Unrecognized runtime attribute keys: cpu, memory
2022-04-14 10:14:14,435 INFO  - BackgroundConfigAsyncJobExecutionActor [UUID(554549c7)get_input_sizes.get_ref_size:NA:1]: `python3 -m pbcoretools.tasks.memory.get_dataset_size \
  /pub33/pbio10/smrtlink/userdata/jobs_root.default/cromwell-executions/pb_basemods/581e40d8-7bb5-4c29-be1d-e4054a8a8b53/call-mapping/mapping/52f92c4a-48ac-4cd7-aa20-828d1a17ddf2/call-get_input_sizes/get_input_sizes/554549c7-580d-40fa-b3a0-978006a49e2e/call-get_ref_size/inputs/839495812/smrtlink_reference.referenceset.xml \
  --no-skip-counts \`
2022-04-14 10:14:14,437 INFO  - BackgroundConfigAsyncJobExecutionActor [UUID(554549c7)get_input_sizes.get_ref_size:NA:1]: executing: /bin/bash /pub33/pbio10/smrtlink/userdata/jobs_root.default/cromwell-executions/pb_basemods/581e40d8-7bb5-4c29-be1d-e4054a8a8b53/call-mapping/mapping/52f92c4a-48ac-4cd7-aa20-828d1a17ddf2/call-get_input_sizes/get_input_sizes/554549c7-580d-40fa-b3a0-978006a49e2e/call-get_ref_size/execution/script
2022-04-14 10:14:16,385 INFO  - BackgroundConfigAsyncJobExecutionActor [UUID(554549c7)get_input_sizes.get_ref_size:NA:1]: job id: 1965441
2022-04-14 10:14:16,386 INFO  - BackgroundConfigAsyncJobExecutionActor [UUID(554549c7)get_input_sizes.get_ref_size:NA:1]: Status change from - to Done
2022-04-14 10:14:24,384 INFO  - 554549c7-580d-40fa-b3a0-978006a49e2e-SubWorkflowActor-SubWorkflow-get_input_sizes:-1:1 [UUID(554549c7)]: Workflow get_input_sizes complete. Final Outputs:
{
  "get_input_sizes.bam_filters": 1,
  "get_input_sizes.index_memory_gb": 2,
  "get_input_sizes.bam_size": 7046382,
  "get_input_sizes.bam_files": 1,
  "get_input_sizes.bam_length_mb": 21479,
  "get_input_sizes.genome_length_mb": 1,
  "get_input_sizes.num_contigs": 1
}
2022-04-14 10:14:26,424 INFO  - 52f92c4a-48ac-4cd7-aa20-828d1a17ddf2-SubWorkflowActor-SubWorkflow-mapping:-1:1 [UUID(52f92c4a)]: Starting mapping.split_reads
2022-04-14 10:15:52,427 WARN  - BackgroundConfigAsyncJobExecutionActor [UUID(52f92c4a)mapping.split_reads:NA:1]: Unrecognized runtime attribute keys: cpu, memory
2022-04-14 10:15:52,431 INFO  - BackgroundConfigAsyncJobExecutionActor [UUID(52f92c4a)mapping.split_reads:NA:1]: `touch .NOARCHIVE
dataset \
  --log-level INFO \
  split --zmws --simple-chunk-ids  \
  --maxChunks 8 \
  --targetSize 20000 \
  --outdir . \
  /pub33/pbio10/smrtlink/userdata/jobs_root.default/cromwell-executions/pb_basemods/581e40d8-7bb5-4c29-be1d-e4054a8a8b53/call-mapping/mapping/52f92c4a-48ac-4cd7-aa20-828d1a17ddf2/call-split_reads/inputs/1982529358/filtered.subreadset.xml`
2022-04-14 10:15:52,433 INFO  - BackgroundConfigAsyncJobExecutionActor [UUID(52f92c4a)mapping.split_reads:NA:1]: executing: /bin/bash /pub33/pbio10/smrtlink/userdata/jobs_root.default/cromwell-executions/pb_basemods/581e40d8-7bb5-4c29-be1d-e4054a8a8b53/call-mapping/mapping/52f92c4a-48ac-4cd7-aa20-828d1a17ddf2/call-split_reads/execution/script
2022-04-14 10:15:56,378 INFO  - BackgroundConfigAsyncJobExecutionActor [UUID(52f92c4a)mapping.split_reads:NA:1]: job id: 1966115
2022-04-14 10:15:56,379 INFO  - BackgroundConfigAsyncJobExecutionActor [UUID(52f92c4a)mapping.split_reads:NA:1]: Status change from - to WaitingForReturnCode
2022-04-14 10:16:26,324 INFO  - BackgroundConfigAsyncJobExecutionActor [UUID(52f92c4a)mapping.split_reads:NA:1]: Status change from WaitingForReturnCode to Done
2022-04-14 10:16:31,884 INFO  - 52f92c4a-48ac-4cd7-aa20-828d1a17ddf2-SubWorkflowActor-SubWorkflow-mapping:-1:1 [UUID(52f92c4a)]: Starting mapping.pbmm2_align (8 shards)
2022-04-14 10:17:35,427 WARN  - BackgroundConfigAsyncJobExecutionActor [UUID(52f92c4a)mapping.pbmm2_align:6:1]: Unrecognized runtime attribute keys: cpu, memory
2022-04-14 10:17:35,435 INFO  - BackgroundConfigAsyncJobExecutionActor [UUID(52f92c4a)mapping.pbmm2_align:6:1]: `set -vex
TMPDIR=/pub33/pbio10/smrtlink/userdata/tmp_dir \
pbmm2 \
  align \
  /pub33/pbio10/smrtlink/userdata/jobs_root.default/cromwell-executions/pb_basemods/581e40d8-7bb5-4c29-be1d-e4054a8a8b53/call-mapping/mapping/52f92c4a-48ac-4cd7-aa20-828d1a17ddf2/call-pbmm2_align/shard-6/inputs/839495812/smrtlink_reference.referenceset.xml \
  /pub33/pbio10/smrtlink/userdata/jobs_root.default/cromwell-executions/pb_basemods/581e40d8-7bb5-4c29-be1d-e4054a8a8b53/call-mapping/mapping/52f92c4a-48ac-4cd7-aa20-828d1a17ddf2/call-pbmm2_align/shard-6/inputs/-1532668086/filtered.chunk6.subreadset.xml \
  mapped.alignmentset.xml \
  --sort \
  --min-gap-comp-id-perc 70.0 \
  --min-length 50 \
  --sample "" \
   \
   \
   \
   \
   \
   \
   \
  -j 15 \
  --log-level INFO \
  --log-file pbmm2.log \
  --alarms alarms.json && \
ls mapped.alignmentset.xml || ( \
cp mapped.json mapped.datastore.json && \
python3 \
  -m pbcoretools.tasks.dataset_to_datastore \
  mapped.datastore.json \
  mapped.alignmentset.xml
)`
2022-04-14 10:17:35,437 INFO  - BackgroundConfigAsyncJobExecutionActor [UUID(52f92c4a)mapping.pbmm2_align:6:1]: executing: /bin/bash /pub33/pbio10/smrtlink/userdata/jobs_root.default/cromwell-executions/pb_basemods/581e40d8-7bb5-4c29-be1d-e4054a8a8b53/call-mapping/mapping/52f92c4a-48ac-4cd7-aa20-828d1a17ddf2/call-pbmm2_align/shard-6/execution/script
2022-04-14 10:17:36,378 INFO  - BackgroundConfigAsyncJobExecutionActor [UUID(52f92c4a)mapping.pbmm2_align:6:1]: job id: 1966741
2022-04-14 10:17:36,379 INFO  - BackgroundConfigAsyncJobExecutionActor [UUID(52f92c4a)mapping.pbmm2_align:6:1]: Status change from - to WaitingForReturnCode
2022-04-14 10:22:17,654 INFO  - BackgroundConfigAsyncJobExecutionActor [UUID(52f92c4a)mapping.pbmm2_align:6:1]: Status change from WaitingForReturnCode to Done
2022-04-14 10:24:08,426 WARN  - BackgroundConfigAsyncJobExecutionActor [UUID(52f92c4a)mapping.pbmm2_align:7:1]: Unrecognized runtime attribute keys: cpu, memory
2022-04-14 10:24:08,434 INFO  - BackgroundConfigAsyncJobExecutionActor [UUID(52f92c4a)mapping.pbmm2_align:7:1]: `set -vex
TMPDIR=/pub33/pbio10/smrtlink/userdata/tmp_dir \
pbmm2 \
  align \
  /pub33/pbio10/smrtlink/userdata/jobs_root.default/cromwell-executions/pb_basemods/581e40d8-7bb5-4c29-be1d-e4054a8a8b53/call-mapping/mapping/52f92c4a-48ac-4cd7-aa20-828d1a17ddf2/call-pbmm2_align/shard-7/inputs/839495812/smrtlink_reference.referenceset.xml \
  /pub33/pbio10/smrtlink/userdata/jobs_root.default/cromwell-executions/pb_basemods/581e40d8-7bb5-4c29-be1d-e4054a8a8b53/call-mapping/mapping/52f92c4a-48ac-4cd7-aa20-828d1a17ddf2/call-pbmm2_align/shard-7/inputs/-1532668086/filtered.chunk7.subreadset.xml \
  mapped.alignmentset.xml \
  --sort \
  --min-gap-comp-id-perc 70.0 \
  --min-length 50 \
  --sample "" \
   \
   \
   \
   \
   \
   \
   \
  -j 15 \
  --log-level INFO \
  --log-file pbmm2.log \
  --alarms alarms.json && \
ls mapped.alignmentset.xml || ( \
cp mapped.json mapped.datastore.json && \
python3 \
  -m pbcoretools.tasks.dataset_to_datastore \
  mapped.datastore.json \
  mapped.alignmentset.xml
)`
2022-04-14 10:24:08,435 INFO  - BackgroundConfigAsyncJobExecutionActor [UUID(52f92c4a)mapping.pbmm2_align:7:1]: executing: /bin/bash /pub33/pbio10/smrtlink/userdata/jobs_root.default/cromwell-executions/pb_basemods/581e40d8-7bb5-4c29-be1d-e4054a8a8b53/call-mapping/mapping/52f92c4a-48ac-4cd7-aa20-828d1a17ddf2/call-pbmm2_align/shard-7/execution/script
2022-04-14 10:24:11,378 INFO  - BackgroundConfigAsyncJobExecutionActor [UUID(52f92c4a)mapping.pbmm2_align:7:1]: job id: 1967708
2022-04-14 10:24:11,380 INFO  - BackgroundConfigAsyncJobExecutionActor [UUID(52f92c4a)mapping.pbmm2_align:7:1]: Status change from - to WaitingForReturnCode
2022-04-14 10:27:46,303 INFO  - BackgroundConfigAsyncJobExecutionActor [UUID(52f92c4a)mapping.pbmm2_align:7:1]: Status change from WaitingForReturnCode to Done
2022-04-14 10:29:44,430 WARN  - BackgroundConfigAsyncJobExecutionActor [UUID(52f92c4a)mapping.pbmm2_align:1:1]: Unrecognized runtime attribute keys: cpu, memory
2022-04-14 10:29:44,451 INFO  - BackgroundConfigAsyncJobExecutionActor [UUID(52f92c4a)mapping.pbmm2_align:1:1]: `set -vex
TMPDIR=/pub33/pbio10/smrtlink/userdata/tmp_dir \
pbmm2 \
  align \
  /pub33/pbio10/smrtlink/userdata/jobs_root.default/cromwell-executions/pb_basemods/581e40d8-7bb5-4c29-be1d-e4054a8a8b53/call-mapping/mapping/52f92c4a-48ac-4cd7-aa20-828d1a17ddf2/call-pbmm2_align/shard-1/inputs/839495812/smrtlink_reference.referenceset.xml \
  /pub33/pbio10/smrtlink/userdata/jobs_root.default/cromwell-executions/pb_basemods/581e40d8-7bb5-4c29-be1d-e4054a8a8b53/call-mapping/mapping/52f92c4a-48ac-4cd7-aa20-828d1a17ddf2/call-pbmm2_align/shard-1/inputs/-1532668086/filtered.chunk1.subreadset.xml \
  mapped.alignmentset.xml \
  --sort \
  --min-gap-comp-id-perc 70.0 \
  --min-length 50 \
  --sample "" \
   \
   \
   \
   \
   \
   \
   \
  -j 15 \
  --log-level INFO \
  --log-file pbmm2.log \
  --alarms alarms.json && \
ls mapped.alignmentset.xml || ( \
cp mapped.json mapped.datastore.json && \
python3 \
  -m pbcoretools.tasks.dataset_to_datastore \
  mapped.datastore.json \
  mapped.alignmentset.xml
)`
2022-04-14 10:29:44,454 INFO  - BackgroundConfigAsyncJobExecutionActor [UUID(52f92c4a)mapping.pbmm2_align:1:1]: executing: /bin/bash /pub33/pbio10/smrtlink/userdata/jobs_root.default/cromwell-executions/pb_basemods/581e40d8-7bb5-4c29-be1d-e4054a8a8b53/call-mapping/mapping/52f92c4a-48ac-4cd7-aa20-828d1a17ddf2/call-pbmm2_align/shard-1/execution/script
2022-04-14 10:29:46,376 INFO  - BackgroundConfigAsyncJobExecutionActor [UUID(52f92c4a)mapping.pbmm2_align:1:1]: job id: 1968992
2022-04-14 10:29:46,377 INFO  - BackgroundConfigAsyncJobExecutionActor [UUID(52f92c4a)mapping.pbmm2_align:1:1]: Status change from - to WaitingForReturnCode
2022-04-14 10:33:40,695 INFO  - BackgroundConfigAsyncJobExecutionActor [UUID(52f92c4a)mapping.pbmm2_align:1:1]: Status change from WaitingForReturnCode to Done
2022-04-14 10:35:14,426 WARN  - BackgroundConfigAsyncJobExecutionActor [UUID(52f92c4a)mapping.pbmm2_align:3:1]: Unrecognized runtime attribute keys: cpu, memory
2022-04-14 10:35:14,431 INFO  - BackgroundConfigAsyncJobExecutionActor [UUID(52f92c4a)mapping.pbmm2_align:3:1]: `set -vex
TMPDIR=/pub33/pbio10/smrtlink/userdata/tmp_dir \
pbmm2 \
  align \
  /pub33/pbio10/smrtlink/userdata/jobs_root.default/cromwell-executions/pb_basemods/581e40d8-7bb5-4c29-be1d-e4054a8a8b53/call-mapping/mapping/52f92c4a-48ac-4cd7-aa20-828d1a17ddf2/call-pbmm2_align/shard-3/inputs/839495812/smrtlink_reference.referenceset.xml \
  /pub33/pbio10/smrtlink/userdata/jobs_root.default/cromwell-executions/pb_basemods/581e40d8-7bb5-4c29-be1d-e4054a8a8b53/call-mapping/mapping/52f92c4a-48ac-4cd7-aa20-828d1a17ddf2/call-pbmm2_align/shard-3/inputs/-1532668086/filtered.chunk3.subreadset.xml \
  mapped.alignmentset.xml \
  --sort \
  --min-gap-comp-id-perc 70.0 \
  --min-length 50 \
  --sample "" \
   \
   \
   \
   \
   \
   \
   \
  -j 15 \
  --log-level INFO \
  --log-file pbmm2.log \
  --alarms alarms.json && \
ls mapped.alignmentset.xml || ( \
cp mapped.json mapped.datastore.json && \
python3 \
  -m pbcoretools.tasks.dataset_to_datastore \
  mapped.datastore.json \
  mapped.alignmentset.xml
)`
2022-04-14 10:35:14,433 INFO  - BackgroundConfigAsyncJobExecutionActor [UUID(52f92c4a)mapping.pbmm2_align:3:1]: executing: /bin/bash /pub33/pbio10/smrtlink/userdata/jobs_root.default/cromwell-executions/pb_basemods/581e40d8-7bb5-4c29-be1d-e4054a8a8b53/call-mapping/mapping/52f92c4a-48ac-4cd7-aa20-828d1a17ddf2/call-pbmm2_align/shard-3/execution/script
2022-04-14 10:35:16,375 INFO  - BackgroundConfigAsyncJobExecutionActor [UUID(52f92c4a)mapping.pbmm2_align:3:1]: job id: 1970332
2022-04-14 10:35:16,376 INFO  - BackgroundConfigAsyncJobExecutionActor [UUID(52f92c4a)mapping.pbmm2_align:3:1]: Status change from - to WaitingForReturnCode
2022-04-14 10:39:02,396 INFO  - BackgroundConfigAsyncJobExecutionActor [UUID(52f92c4a)mapping.pbmm2_align:3:1]: Status change from WaitingForReturnCode to Done
2022-04-14 10:40:53,427 WARN  - BackgroundConfigAsyncJobExecutionActor [UUID(52f92c4a)mapping.pbmm2_align:2:1]: Unrecognized runtime attribute keys: cpu, memory
2022-04-14 10:40:53,435 INFO  - BackgroundConfigAsyncJobExecutionActor [UUID(52f92c4a)mapping.pbmm2_align:2:1]: `set -vex
TMPDIR=/pub33/pbio10/smrtlink/userdata/tmp_dir \
pbmm2 \
  align \
  /pub33/pbio10/smrtlink/userdata/jobs_root.default/cromwell-executions/pb_basemods/581e40d8-7bb5-4c29-be1d-e4054a8a8b53/call-mapping/mapping/52f92c4a-48ac-4cd7-aa20-828d1a17ddf2/call-pbmm2_align/shard-2/inputs/839495812/smrtlink_reference.referenceset.xml \
  /pub33/pbio10/smrtlink/userdata/jobs_root.default/cromwell-executions/pb_basemods/581e40d8-7bb5-4c29-be1d-e4054a8a8b53/call-mapping/mapping/52f92c4a-48ac-4cd7-aa20-828d1a17ddf2/call-pbmm2_align/shard-2/inputs/-1532668086/filtered.chunk2.subreadset.xml \
  mapped.alignmentset.xml \
  --sort \
  --min-gap-comp-id-perc 70.0 \
  --min-length 50 \
  --sample "" \
   \
   \
   \
   \
   \
   \
   \
  -j 15 \
  --log-level INFO \
  --log-file pbmm2.log \
  --alarms alarms.json && \
ls mapped.alignmentset.xml || ( \
cp mapped.json mapped.datastore.json && \
python3 \
  -m pbcoretools.tasks.dataset_to_datastore \
  mapped.datastore.json \
  mapped.alignmentset.xml
)`
2022-04-14 10:40:53,437 INFO  - BackgroundConfigAsyncJobExecutionActor [UUID(52f92c4a)mapping.pbmm2_align:2:1]: executing: /bin/bash /pub33/pbio10/smrtlink/userdata/jobs_root.default/cromwell-executions/pb_basemods/581e40d8-7bb5-4c29-be1d-e4054a8a8b53/call-mapping/mapping/52f92c4a-48ac-4cd7-aa20-828d1a17ddf2/call-pbmm2_align/shard-2/execution/script
2022-04-14 10:40:56,376 INFO  - BackgroundConfigAsyncJobExecutionActor [UUID(52f92c4a)mapping.pbmm2_align:2:1]: job id: 1971774
2022-04-14 10:40:56,377 INFO  - BackgroundConfigAsyncJobExecutionActor [UUID(52f92c4a)mapping.pbmm2_align:2:1]: Status change from - to WaitingForReturnCode
2022-04-14 10:44:23,004 INFO  - BackgroundConfigAsyncJobExecutionActor [UUID(52f92c4a)mapping.pbmm2_align:2:1]: Status change from WaitingForReturnCode to Done
2022-04-14 10:47:05,437 WARN  - BackgroundConfigAsyncJobExecutionActor [UUID(52f92c4a)mapping.pbmm2_align:5:1]: Unrecognized runtime attribute keys: cpu, memory
2022-04-14 10:47:05,450 INFO  - BackgroundConfigAsyncJobExecutionActor [UUID(52f92c4a)mapping.pbmm2_align:5:1]: `set -vex
TMPDIR=/pub33/pbio10/smrtlink/userdata/tmp_dir \
pbmm2 \
  align \
  /pub33/pbio10/smrtlink/userdata/jobs_root.default/cromwell-executions/pb_basemods/581e40d8-7bb5-4c29-be1d-e4054a8a8b53/call-mapping/mapping/52f92c4a-48ac-4cd7-aa20-828d1a17ddf2/call-pbmm2_align/shard-5/inputs/839495812/smrtlink_reference.referenceset.xml \
  /pub33/pbio10/smrtlink/userdata/jobs_root.default/cromwell-executions/pb_basemods/581e40d8-7bb5-4c29-be1d-e4054a8a8b53/call-mapping/mapping/52f92c4a-48ac-4cd7-aa20-828d1a17ddf2/call-pbmm2_align/shard-5/inputs/-1532668086/filtered.chunk5.subreadset.xml \
  mapped.alignmentset.xml \
  --sort \
  --min-gap-comp-id-perc 70.0 \
  --min-length 50 \
  --sample "" \
   \
   \
   \
   \
   \
   \
   \
  -j 15 \
  --log-level INFO \
  --log-file pbmm2.log \
  --alarms alarms.json && \
ls mapped.alignmentset.xml || ( \
cp mapped.json mapped.datastore.json && \
python3 \
  -m pbcoretools.tasks.dataset_to_datastore \
  mapped.datastore.json \
  mapped.alignmentset.xml
)`
2022-04-14 10:47:05,452 INFO  - BackgroundConfigAsyncJobExecutionActor [UUID(52f92c4a)mapping.pbmm2_align:5:1]: executing: /bin/bash /pub33/pbio10/smrtlink/userdata/jobs_root.default/cromwell-executions/pb_basemods/581e40d8-7bb5-4c29-be1d-e4054a8a8b53/call-mapping/mapping/52f92c4a-48ac-4cd7-aa20-828d1a17ddf2/call-pbmm2_align/shard-5/execution/script
2022-04-14 10:47:06,387 INFO  - BackgroundConfigAsyncJobExecutionActor [UUID(52f92c4a)mapping.pbmm2_align:5:1]: job id: 1973123
2022-04-14 10:47:06,388 INFO  - BackgroundConfigAsyncJobExecutionActor [UUID(52f92c4a)mapping.pbmm2_align:5:1]: Status change from - to WaitingForReturnCode
2022-04-14 10:50:41,883 INFO  - BackgroundConfigAsyncJobExecutionActor [UUID(52f92c4a)mapping.pbmm2_align:5:1]: Status change from WaitingForReturnCode to Done
2022-04-14 10:52:38,427 WARN  - BackgroundConfigAsyncJobExecutionActor [UUID(52f92c4a)mapping.pbmm2_align:4:1]: Unrecognized runtime attribute keys: cpu, memory
2022-04-14 10:52:38,434 INFO  - BackgroundConfigAsyncJobExecutionActor [UUID(52f92c4a)mapping.pbmm2_align:4:1]: `set -vex
TMPDIR=/pub33/pbio10/smrtlink/userdata/tmp_dir \
pbmm2 \
  align \
  /pub33/pbio10/smrtlink/userdata/jobs_root.default/cromwell-executions/pb_basemods/581e40d8-7bb5-4c29-be1d-e4054a8a8b53/call-mapping/mapping/52f92c4a-48ac-4cd7-aa20-828d1a17ddf2/call-pbmm2_align/shard-4/inputs/839495812/smrtlink_reference.referenceset.xml \
  /pub33/pbio10/smrtlink/userdata/jobs_root.default/cromwell-executions/pb_basemods/581e40d8-7bb5-4c29-be1d-e4054a8a8b53/call-mapping/mapping/52f92c4a-48ac-4cd7-aa20-828d1a17ddf2/call-pbmm2_align/shard-4/inputs/-1532668086/filtered.chunk4.subreadset.xml \
  mapped.alignmentset.xml \
  --sort \
  --min-gap-comp-id-perc 70.0 \
  --min-length 50 \
  --sample "" \
   \
   \
   \
   \
   \
   \
   \
  -j 15 \
  --log-level INFO \
  --log-file pbmm2.log \
  --alarms alarms.json && \
ls mapped.alignmentset.xml || ( \
cp mapped.json mapped.datastore.json && \
python3 \
  -m pbcoretools.tasks.dataset_to_datastore \
  mapped.datastore.json \
  mapped.alignmentset.xml
)`
2022-04-14 10:52:38,436 INFO  - BackgroundConfigAsyncJobExecutionActor [UUID(52f92c4a)mapping.pbmm2_align:4:1]: executing: /bin/bash /pub33/pbio10/smrtlink/userdata/jobs_root.default/cromwell-executions/pb_basemods/581e40d8-7bb5-4c29-be1d-e4054a8a8b53/call-mapping/mapping/52f92c4a-48ac-4cd7-aa20-828d1a17ddf2/call-pbmm2_align/shard-4/execution/script
2022-04-14 10:52:41,376 INFO  - BackgroundConfigAsyncJobExecutionActor [UUID(52f92c4a)mapping.pbmm2_align:4:1]: job id: 1974354
2022-04-14 10:52:41,377 INFO  - BackgroundConfigAsyncJobExecutionActor [UUID(52f92c4a)mapping.pbmm2_align:4:1]: Status change from - to WaitingForReturnCode
2022-04-14 10:56:19,404 INFO  - BackgroundConfigAsyncJobExecutionActor [UUID(52f92c4a)mapping.pbmm2_align:4:1]: Status change from WaitingForReturnCode to Done
2022-04-14 10:59:02,427 WARN  - BackgroundConfigAsyncJobExecutionActor [UUID(52f92c4a)mapping.pbmm2_align:0:1]: Unrecognized runtime attribute keys: cpu, memory
2022-04-14 10:59:02,434 INFO  - BackgroundConfigAsyncJobExecutionActor [UUID(52f92c4a)mapping.pbmm2_align:0:1]: `set -vex
TMPDIR=/pub33/pbio10/smrtlink/userdata/tmp_dir \
pbmm2 \
  align \
  /pub33/pbio10/smrtlink/userdata/jobs_root.default/cromwell-executions/pb_basemods/581e40d8-7bb5-4c29-be1d-e4054a8a8b53/call-mapping/mapping/52f92c4a-48ac-4cd7-aa20-828d1a17ddf2/call-pbmm2_align/shard-0/inputs/839495812/smrtlink_reference.referenceset.xml \
  /pub33/pbio10/smrtlink/userdata/jobs_root.default/cromwell-executions/pb_basemods/581e40d8-7bb5-4c29-be1d-e4054a8a8b53/call-mapping/mapping/52f92c4a-48ac-4cd7-aa20-828d1a17ddf2/call-pbmm2_align/shard-0/inputs/-1532668086/filtered.chunk0.subreadset.xml \
  mapped.alignmentset.xml \
  --sort \
  --min-gap-comp-id-perc 70.0 \
  --min-length 50 \
  --sample "" \
   \
   \
   \
   \
   \
   \
   \
  -j 15 \
  --log-level INFO \
  --log-file pbmm2.log \
  --alarms alarms.json && \
ls mapped.alignmentset.xml || ( \
cp mapped.json mapped.datastore.json && \
python3 \
  -m pbcoretools.tasks.dataset_to_datastore \
  mapped.datastore.json \
  mapped.alignmentset.xml
)`
2022-04-14 10:59:02,436 INFO  - BackgroundConfigAsyncJobExecutionActor [UUID(52f92c4a)mapping.pbmm2_align:0:1]: executing: /bin/bash /pub33/pbio10/smrtlink/userdata/jobs_root.default/cromwell-executions/pb_basemods/581e40d8-7bb5-4c29-be1d-e4054a8a8b53/call-mapping/mapping/52f92c4a-48ac-4cd7-aa20-828d1a17ddf2/call-pbmm2_align/shard-0/execution/script
2022-04-14 10:59:06,378 INFO  - BackgroundConfigAsyncJobExecutionActor [UUID(52f92c4a)mapping.pbmm2_align:0:1]: job id: 1975830
2022-04-14 10:59:06,379 INFO  - BackgroundConfigAsyncJobExecutionActor [UUID(52f92c4a)mapping.pbmm2_align:0:1]: Status change from - to WaitingForReturnCode
2022-04-14 11:02:41,174 INFO  - BackgroundConfigAsyncJobExecutionActor [UUID(52f92c4a)mapping.pbmm2_align:0:1]: Status change from WaitingForReturnCode to Done
2022-04-14 11:02:47,274 INFO  - 52f92c4a-48ac-4cd7-aa20-828d1a17ddf2-SubWorkflowActor-SubWorkflow-mapping:-1:1 [UUID(52f92c4a)]: Starting mapping.gather_alignments
2022-04-14 11:06:20,427 WARN  - BackgroundConfigAsyncJobExecutionActor [UUID(52f92c4a)mapping.gather_alignments:NA:1]: Unrecognized runtime attribute keys: cpu, memory
2022-04-14 11:06:20,442 INFO  - BackgroundConfigAsyncJobExecutionActor [UUID(52f92c4a)mapping.gather_alignments:NA:1]: `dataset \
  --log-level INFO \
  --strict \
  create \
  --trustCounts \
  --no-sub-datasets \
  --unique-collections \
  --name 'Mapped Reads' \
  mapped.alignmentset.xml \
  /pub33/pbio10/smrtlink/userdata/jobs_root.default/cromwell-executions/pb_basemods/581e40d8-7bb5-4c29-be1d-e4054a8a8b53/call-mapping/mapping/52f92c4a-48ac-4cd7-aa20-828d1a17ddf2/call-gather_alignments/inputs/-1485774203/mapped.alignmentset.xml /pub33/pbio10/smrtlink/userdata/jobs_root.default/cromwell-executions/pb_basemods/581e40d8-7bb5-4c29-be1d-e4054a8a8b53/call-mapping/mapping/52f92c4a-48ac-4cd7-aa20-828d1a17ddf2/call-gather_alignments/inputs/1012241734/mapped.alignmentset.xml /pub33/pbio10/smrtlink/userdata/jobs_root.default/cromwell-executions/pb_basemods/581e40d8-7bb5-4c29-be1d-e4054a8a8b53/call-mapping/mapping/52f92c4a-48ac-4cd7-aa20-828d1a17ddf2/call-gather_alignments/inputs/-784709625/mapped.alignmentset.xml /pub33/pbio10/smrtlink/userdata/jobs_root.default/cromwell-executions/pb_basemods/581e40d8-7bb5-4c29-be1d-e4054a8a8b53/call-mapping/mapping/52f92c4a-48ac-4cd7-aa20-828d1a17ddf2/call-gather_alignments/inputs/1713306312/mapped.alignmentset.xml /pub33/pbio10/smrtlink/userdata/jobs_root.default/cromwell-executions/pb_basemods/581e40d8-7bb5-4c29-be1d-e4054a8a8b53/call-mapping/mapping/52f92c4a-48ac-4cd7-aa20-828d1a17ddf2/call-gather_alignments/inputs/-83645047/mapped.alignmentset.xml /pub33/pbio10/smrtlink/userdata/jobs_root.default/cromwell-executions/pb_basemods/581e40d8-7bb5-4c29-be1d-e4054a8a8b53/call-mapping/mapping/52f92c4a-48ac-4cd7-aa20-828d1a17ddf2/call-gather_alignments/inputs/-1880596406/mapped.alignmentset.xml /pub33/pbio10/smrtlink/userdata/jobs_root.default/cromwell-executions/pb_basemods/581e40d8-7bb5-4c29-be1d-e4054a8a8b53/call-mapping/mapping/52f92c4a-48ac-4cd7-aa20-828d1a17ddf2/call-gather_alignments/inputs/617419531/mapped.alignmentset.xml /pub33/pbio10/smrtlink/userdata/jobs_root.default/cromwell-executions/pb_basemods/581e40d8-7bb5-4c29-be1d-e4054a8a8b53/call-mapping/mapping/52f92c4a-48ac-4cd7-aa20-828d1a17ddf2/call-gather_alignments/inputs/-1179531828/mapped.alignmentset.xml`
2022-04-14 11:06:20,445 INFO  - BackgroundConfigAsyncJobExecutionActor [UUID(52f92c4a)mapping.gather_alignments:NA:1]: executing: /bin/bash /pub33/pbio10/smrtlink/userdata/jobs_root.default/cromwell-executions/pb_basemods/581e40d8-7bb5-4c29-be1d-e4054a8a8b53/call-mapping/mapping/52f92c4a-48ac-4cd7-aa20-828d1a17ddf2/call-gather_alignments/execution/script
2022-04-14 11:06:21,378 INFO  - BackgroundConfigAsyncJobExecutionActor [UUID(52f92c4a)mapping.gather_alignments:NA:1]: job id: 1977362
2022-04-14 11:06:21,378 INFO  - BackgroundConfigAsyncJobExecutionActor [UUID(52f92c4a)mapping.gather_alignments:NA:1]: Status change from - to WaitingForReturnCode
2022-04-14 11:06:23,024 INFO  - BackgroundConfigAsyncJobExecutionActor [UUID(52f92c4a)mapping.gather_alignments:NA:1]: Status change from WaitingForReturnCode to Done
2022-04-14 11:06:27,614 INFO  - 52f92c4a-48ac-4cd7-aa20-828d1a17ddf2-SubWorkflowActor-SubWorkflow-mapping:-1:1 [UUID(52f92c4a)]: Starting mapping.mapping_stats
2022-04-14 11:06:50,427 WARN  - BackgroundConfigAsyncJobExecutionActor [UUID(52f92c4a)mapping.mapping_stats:NA:1]: Unrecognized runtime attribute keys: cpu, memory
2022-04-14 11:06:50,432 INFO  - BackgroundConfigAsyncJobExecutionActor [UUID(52f92c4a)mapping.mapping_stats:NA:1]: `python3 \
  -m pbreports.report.mapping_stats \
  --log-level INFO \
  --nproc 15 \
  --min-concordance 70.0 \
   \
  --all-reads /pub33/pbio10/smrtlink/userdata/jobs_root.default/cromwell-executions/pb_basemods/581e40d8-7bb5-4c29-be1d-e4054a8a8b53/call-mapping/mapping/52f92c4a-48ac-4cd7-aa20-828d1a17ddf2/call-mapping_stats/inputs/1982529358/filtered.subreadset.xml \
  /pub33/pbio10/smrtlink/userdata/jobs_root.default/cromwell-executions/pb_basemods/581e40d8-7bb5-4c29-be1d-e4054a8a8b53/call-mapping/mapping/52f92c4a-48ac-4cd7-aa20-828d1a17ddf2/call-mapping_stats/inputs/287770081/mapped.alignmentset.xml \
  mapping_stats.report.json`
2022-04-14 11:06:50,434 INFO  - BackgroundConfigAsyncJobExecutionActor [UUID(52f92c4a)mapping.mapping_stats:NA:1]: executing: /bin/bash /pub33/pbio10/smrtlink/userdata/jobs_root.default/cromwell-executions/pb_basemods/581e40d8-7bb5-4c29-be1d-e4054a8a8b53/call-mapping/mapping/52f92c4a-48ac-4cd7-aa20-828d1a17ddf2/call-mapping_stats/execution/script
2022-04-14 11:06:51,377 INFO  - BackgroundConfigAsyncJobExecutionActor [UUID(52f92c4a)mapping.mapping_stats:NA:1]: job id: 1977628
2022-04-14 11:06:51,379 INFO  - BackgroundConfigAsyncJobExecutionActor [UUID(52f92c4a)mapping.mapping_stats:NA:1]: Status change from - to WaitingForReturnCode
2022-04-14 11:07:21,593 INFO  - BackgroundConfigAsyncJobExecutionActor [UUID(52f92c4a)mapping.mapping_stats:NA:1]: Status change from WaitingForReturnCode to Done
2022-04-14 11:07:25,754 INFO  - 52f92c4a-48ac-4cd7-aa20-828d1a17ddf2-SubWorkflowActor-SubWorkflow-mapping:-1:1 [UUID(52f92c4a)]: Workflow mapping complete. Final Outputs:
{
  "mapping.coverage_gff": null,
  "mapping.plot_target_coverage_png": null,
  "mapping.index_memory_gb": 2,
  "mapping.genome_length_mb": 1,
  "mapping.report_target_coverage": null,
  "mapping.mapped_bam_datastore": null,
  "mapping.mapped": "/pub33/pbio10/smrtlink/userdata/jobs_root.default/cromwell-executions/pb_basemods/581e40d8-7bb5-4c29-be1d-e4054a8a8b53/call-mapping/mapping/52f92c4a-48ac-4cd7-aa20-828d1a17ddf2/call-gather_alignments/execution/mapped.alignmentset.xml",
  "mapping.report_mapping_stats": "/pub33/pbio10/smrtlink/userdata/jobs_root.default/cromwell-executions/pb_basemods/581e40d8-7bb5-4c29-be1d-e4054a8a8b53/call-mapping/mapping/52f92c4a-48ac-4cd7-aa20-828d1a17ddf2/call-mapping_stats/execution/mapping_stats.report.json",
  "mapping.report_coverage": null
}
2022-04-14 11:07:27,774 INFO  - WorkflowExecutionActor-581e40d8-7bb5-4c29-be1d-e4054a8a8b53 [UUID(581e40d8)]: Starting pb_basemods.auto_consolidate_alignments
2022-04-14 11:07:29,813 INFO  - dc5e40e6-375d-4ba6-9cd6-c3632dbd94ae-SubWorkflowActor-SubWorkflow-coverage_reports:-1:1 [UUID(dc5e40e6)]: Starting coverage_reports.summarize_coverage
2022-04-14 11:07:29,814 INFO  - b2e7c803-c23c-40ac-a886-401e021470b8-SubWorkflowActor-SubWorkflow-wf_basemods:-1:1 [UUID(b2e7c803)]: Starting wf_basemods.split_alignments
2022-04-14 11:07:31,854 INFO  - dc5e40e6-375d-4ba6-9cd6-c3632dbd94ae-SubWorkflowActor-SubWorkflow-coverage_reports:-1:1 [UUID(dc5e40e6)]: Starting coverage_reports.gc_coverage_plot
2022-04-14 11:07:36,428 WARN  - BackgroundConfigAsyncJobExecutionActor [UUID(581e40d8)pb_basemods.auto_consolidate_alignments:NA:1]: Unrecognized runtime attribute keys: cpu, memory
2022-04-14 11:07:36,431 INFO  - BackgroundConfigAsyncJobExecutionActor [UUID(581e40d8)pb_basemods.auto_consolidate_alignments:NA:1]: `# We specify TMPDIR despite --noTmp b/c the XML will be written to TMPDIR anyway.
# --noTmp refers only to BAM.
set -vex

TMPDIR=/pub33/pbio10/smrtlink/userdata/tmp_dir \
python3 -m pbcoretools.tasks.auto_consolidate \
  --log-level INFO \
  --noTmp \
   \
  /pub33/pbio10/smrtlink/userdata/jobs_root.default/cromwell-executions/pb_basemods/581e40d8-7bb5-4c29-be1d-e4054a8a8b53/call-auto_consolidate_alignments/inputs/287770081/mapped.alignmentset.xml \
  --datastore mapped.datastore.json \
  mapped.bam`
2022-04-14 11:07:36,433 INFO  - BackgroundConfigAsyncJobExecutionActor [UUID(581e40d8)pb_basemods.auto_consolidate_alignments:NA:1]: executing: /bin/bash /pub33/pbio10/smrtlink/userdata/jobs_root.default/cromwell-executions/pb_basemods/581e40d8-7bb5-4c29-be1d-e4054a8a8b53/call-auto_consolidate_alignments/execution/script
2022-04-14 11:07:41,378 INFO  - BackgroundConfigAsyncJobExecutionActor [UUID(581e40d8)pb_basemods.auto_consolidate_alignments:NA:1]: job id: 1978086
2022-04-14 11:07:41,378 INFO  - BackgroundConfigAsyncJobExecutionActor [UUID(581e40d8)pb_basemods.auto_consolidate_alignments:NA:1]: Status change from - to Done
2022-04-14 11:07:56,425 WARN  - BackgroundConfigAsyncJobExecutionActor [UUID(dc5e40e6)coverage_reports.summarize_coverage:NA:1]: Unrecognized runtime attribute keys: cpu, memory
2022-04-14 11:07:56,433 INFO  - BackgroundConfigAsyncJobExecutionActor [UUID(dc5e40e6)coverage_reports.summarize_coverage:NA:1]: `python3 \
  -m pbreports.report.summarize_coverage \
  --log-level INFO \
  /pub33/pbio10/smrtlink/userdata/jobs_root.default/cromwell-executions/pb_basemods/581e40d8-7bb5-4c29-be1d-e4054a8a8b53/call-coverage_reports/coverage_reports/dc5e40e6-375d-4ba6-9cd6-c3632dbd94ae/call-summarize_coverage/inputs/287770081/mapped.alignmentset.xml \
  /pub33/pbio10/smrtlink/userdata/jobs_root.default/cromwell-executions/pb_basemods/581e40d8-7bb5-4c29-be1d-e4054a8a8b53/call-coverage_reports/coverage_reports/dc5e40e6-375d-4ba6-9cd6-c3632dbd94ae/call-summarize_coverage/inputs/839495812/smrtlink_reference.referenceset.xml \
  coverage.gff`
2022-04-14 11:07:56,435 INFO  - BackgroundConfigAsyncJobExecutionActor [UUID(dc5e40e6)coverage_reports.summarize_coverage:NA:1]: executing: /bin/bash /pub33/pbio10/smrtlink/userdata/jobs_root.default/cromwell-executions/pb_basemods/581e40d8-7bb5-4c29-be1d-e4054a8a8b53/call-coverage_reports/coverage_reports/dc5e40e6-375d-4ba6-9cd6-c3632dbd94ae/call-summarize_coverage/execution/script
2022-04-14 11:08:01,377 INFO  - BackgroundConfigAsyncJobExecutionActor [UUID(dc5e40e6)coverage_reports.summarize_coverage:NA:1]: job id: 1978315
2022-04-14 11:08:01,378 INFO  - BackgroundConfigAsyncJobExecutionActor [UUID(dc5e40e6)coverage_reports.summarize_coverage:NA:1]: Status change from - to WaitingForReturnCode
2022-04-14 11:08:14,428 WARN  - BackgroundConfigAsyncJobExecutionActor [UUID(b2e7c803)wf_basemods.split_alignments:NA:1]: Unrecognized runtime attribute keys: cpu, memory
2022-04-14 11:08:14,433 INFO  - BackgroundConfigAsyncJobExecutionActor [UUID(b2e7c803)wf_basemods.split_alignments:NA:1]: `touch .NOARCHIVE
dataset \
  --log-level DEBUG \
  split \
  --maxChunks 8 \
   \
  --contigs --breakContigs \
  --outdir . \
  /pub33/pbio10/smrtlink/userdata/jobs_root.default/cromwell-executions/pb_basemods/581e40d8-7bb5-4c29-be1d-e4054a8a8b53/call-wf_basemods/wf_basemods/b2e7c803-c23c-40ac-a886-401e021470b8/call-split_alignments/inputs/287770081/mapped.alignmentset.xml`
2022-04-14 11:08:14,435 INFO  - BackgroundConfigAsyncJobExecutionActor [UUID(b2e7c803)wf_basemods.split_alignments:NA:1]: executing: /bin/bash /pub33/pbio10/smrtlink/userdata/jobs_root.default/cromwell-executions/pb_basemods/581e40d8-7bb5-4c29-be1d-e4054a8a8b53/call-wf_basemods/wf_basemods/b2e7c803-c23c-40ac-a886-401e021470b8/call-split_alignments/execution/script
2022-04-14 11:08:16,376 INFO  - BackgroundConfigAsyncJobExecutionActor [UUID(b2e7c803)wf_basemods.split_alignments:NA:1]: job id: 1978497
2022-04-14 11:08:16,377 INFO  - BackgroundConfigAsyncJobExecutionActor [UUID(b2e7c803)wf_basemods.split_alignments:NA:1]: Status change from - to WaitingForReturnCode
2022-04-14 11:08:16,754 INFO  - BackgroundConfigAsyncJobExecutionActor [UUID(dc5e40e6)coverage_reports.summarize_coverage:NA:1]: Status change from WaitingForReturnCode to Done
2022-04-14 11:08:23,624 INFO  - BackgroundConfigAsyncJobExecutionActor [UUID(b2e7c803)wf_basemods.split_alignments:NA:1]: Status change from WaitingForReturnCode to Done
2022-04-14 11:08:28,964 INFO  - b2e7c803-c23c-40ac-a886-401e021470b8-SubWorkflowActor-SubWorkflow-wf_basemods:-1:1 [UUID(b2e7c803)]: Starting wf_basemods.ipdsummary (8 shards)
2022-04-14 11:08:35,426 WARN  - BackgroundConfigAsyncJobExecutionActor [UUID(dc5e40e6)coverage_reports.gc_coverage_plot:NA:1]: Unrecognized runtime attribute keys: cpu, memory
2022-04-14 11:08:35,432 INFO  - BackgroundConfigAsyncJobExecutionActor [UUID(dc5e40e6)coverage_reports.gc_coverage_plot:NA:1]: `python3 \
  -m pbreports.tasks.plot_gc_coverage \
  --log-level INFO \
  --region-size 100 \
  /pub33/pbio10/smrtlink/userdata/jobs_root.default/cromwell-executions/pb_basemods/581e40d8-7bb5-4c29-be1d-e4054a8a8b53/call-coverage_reports/coverage_reports/dc5e40e6-375d-4ba6-9cd6-c3632dbd94ae/call-gc_coverage_plot/inputs/287770081/mapped.alignmentset.xml /pub33/pbio10/smrtlink/userdata/jobs_root.default/cromwell-executions/pb_basemods/581e40d8-7bb5-4c29-be1d-e4054a8a8b53/call-coverage_reports/coverage_reports/dc5e40e6-375d-4ba6-9cd6-c3632dbd94ae/call-gc_coverage_plot/inputs/839495812/smrtlink_reference.referenceset.xml \
  -o gc_coverage_boxplot.png`
2022-04-14 11:08:35,434 INFO  - BackgroundConfigAsyncJobExecutionActor [UUID(dc5e40e6)coverage_reports.gc_coverage_plot:NA:1]: executing: /bin/bash /pub33/pbio10/smrtlink/userdata/jobs_root.default/cromwell-executions/pb_basemods/581e40d8-7bb5-4c29-be1d-e4054a8a8b53/call-coverage_reports/coverage_reports/dc5e40e6-375d-4ba6-9cd6-c3632dbd94ae/call-gc_coverage_plot/execution/script
2022-04-14 11:08:36,377 INFO  - BackgroundConfigAsyncJobExecutionActor [UUID(dc5e40e6)coverage_reports.gc_coverage_plot:NA:1]: job id: 1978715
2022-04-14 11:08:36,378 INFO  - BackgroundConfigAsyncJobExecutionActor [UUID(dc5e40e6)coverage_reports.gc_coverage_plot:NA:1]: Status change from - to WaitingForReturnCode
2022-04-14 11:08:56,914 INFO  - BackgroundConfigAsyncJobExecutionActor [UUID(dc5e40e6)coverage_reports.gc_coverage_plot:NA:1]: Status change from WaitingForReturnCode to Done
2022-04-14 11:09:01,614 INFO  - dc5e40e6-375d-4ba6-9cd6-c3632dbd94ae-SubWorkflowActor-SubWorkflow-coverage_reports:-1:1 [UUID(dc5e40e6)]: Starting coverage_reports.pbreports_coverage
2022-04-14 11:09:08,426 WARN  - BackgroundConfigAsyncJobExecutionActor [UUID(b2e7c803)wf_basemods.ipdsummary:0:1]: Unrecognized runtime attribute keys: cpu, memory
2022-04-14 11:09:08,432 INFO  - BackgroundConfigAsyncJobExecutionActor [UUID(b2e7c803)wf_basemods.ipdsummary:0:1]: `ipdSummary \
  --log-level INFO \
  --numWorkers 15 \
  /pub33/pbio10/smrtlink/userdata/jobs_root.default/cromwell-executions/pb_basemods/581e40d8-7bb5-4c29-be1d-e4054a8a8b53/call-wf_basemods/wf_basemods/b2e7c803-c23c-40ac-a886-401e021470b8/call-ipdsummary/shard-0/inputs/-344419381/mapped.chunk0.alignmentset.xml \
  --reference /pub33/pbio10/smrtlink/userdata/jobs_root.default/cromwell-executions/pb_basemods/581e40d8-7bb5-4c29-be1d-e4054a8a8b53/call-wf_basemods/wf_basemods/b2e7c803-c23c-40ac-a886-401e021470b8/call-ipdsummary/shard-0/inputs/839495812/smrtlink_reference.referenceset.xml \
  --gff basemods.gff \
  --csv basemods.csv \
  --bigwig ipds.bw \
  --pvalue 0.001 \
  --alignmentSetRefWindows \
  --identify m4C,m6A \
   \`
2022-04-14 11:09:08,433 INFO  - BackgroundConfigAsyncJobExecutionActor [UUID(b2e7c803)wf_basemods.ipdsummary:0:1]: executing: /bin/bash /pub33/pbio10/smrtlink/userdata/jobs_root.default/cromwell-executions/pb_basemods/581e40d8-7bb5-4c29-be1d-e4054a8a8b53/call-wf_basemods/wf_basemods/b2e7c803-c23c-40ac-a886-401e021470b8/call-ipdsummary/shard-0/execution/script
2022-04-14 11:09:11,376 INFO  - BackgroundConfigAsyncJobExecutionActor [UUID(b2e7c803)wf_basemods.ipdsummary:0:1]: job id: 1979089
2022-04-14 11:09:11,377 INFO  - BackgroundConfigAsyncJobExecutionActor [UUID(b2e7c803)wf_basemods.ipdsummary:0:1]: Status change from - to WaitingForReturnCode
2022-04-14 11:09:47,426 WARN  - BackgroundConfigAsyncJobExecutionActor [UUID(b2e7c803)wf_basemods.ipdsummary:7:1]: Unrecognized runtime attribute keys: cpu, memory
2022-04-14 11:09:47,432 INFO  - BackgroundConfigAsyncJobExecutionActor [UUID(b2e7c803)wf_basemods.ipdsummary:7:1]: `ipdSummary \
  --log-level INFO \
  --numWorkers 15 \
  /pub33/pbio10/smrtlink/userdata/jobs_root.default/cromwell-executions/pb_basemods/581e40d8-7bb5-4c29-be1d-e4054a8a8b53/call-wf_basemods/wf_basemods/b2e7c803-c23c-40ac-a886-401e021470b8/call-ipdsummary/shard-7/inputs/-344419381/mapped.chunk7.alignmentset.xml \
  --reference /pub33/pbio10/smrtlink/userdata/jobs_root.default/cromwell-executions/pb_basemods/581e40d8-7bb5-4c29-be1d-e4054a8a8b53/call-wf_basemods/wf_basemods/b2e7c803-c23c-40ac-a886-401e021470b8/call-ipdsummary/shard-7/inputs/839495812/smrtlink_reference.referenceset.xml \
  --gff basemods.gff \
  --csv basemods.csv \
  --bigwig ipds.bw \
  --pvalue 0.001 \
  --alignmentSetRefWindows \
  --identify m4C,m6A \
   \`
2022-04-14 11:09:47,434 INFO  - BackgroundConfigAsyncJobExecutionActor [UUID(b2e7c803)wf_basemods.ipdsummary:7:1]: executing: /bin/bash /pub33/pbio10/smrtlink/userdata/jobs_root.default/cromwell-executions/pb_basemods/581e40d8-7bb5-4c29-be1d-e4054a8a8b53/call-wf_basemods/wf_basemods/b2e7c803-c23c-40ac-a886-401e021470b8/call-ipdsummary/shard-7/execution/script
2022-04-14 11:09:51,383 INFO  - BackgroundConfigAsyncJobExecutionActor [UUID(b2e7c803)wf_basemods.ipdsummary:7:1]: job id: 1979520
2022-04-14 11:09:51,384 INFO  - BackgroundConfigAsyncJobExecutionActor [UUID(b2e7c803)wf_basemods.ipdsummary:7:1]: Status change from - to WaitingForReturnCode
2022-04-14 11:13:00,684 INFO  - BackgroundConfigAsyncJobExecutionActor [UUID(b2e7c803)wf_basemods.ipdsummary:0:1]: Status change from WaitingForReturnCode to Done
2022-04-14 11:13:08,484 INFO  - BackgroundConfigAsyncJobExecutionActor [UUID(b2e7c803)wf_basemods.ipdsummary:7:1]: Status change from WaitingForReturnCode to Done
2022-04-14 11:13:11,427 WARN  - BackgroundConfigAsyncJobExecutionActor [UUID(b2e7c803)wf_basemods.ipdsummary:1:1]: Unrecognized runtime attribute keys: cpu, memory
2022-04-14 11:13:11,434 INFO  - BackgroundConfigAsyncJobExecutionActor [UUID(b2e7c803)wf_basemods.ipdsummary:1:1]: `ipdSummary \
  --log-level INFO \
  --numWorkers 15 \
  /pub33/pbio10/smrtlink/userdata/jobs_root.default/cromwell-executions/pb_basemods/581e40d8-7bb5-4c29-be1d-e4054a8a8b53/call-wf_basemods/wf_basemods/b2e7c803-c23c-40ac-a886-401e021470b8/call-ipdsummary/shard-1/inputs/-344419381/mapped.chunk1.alignmentset.xml \
  --reference /pub33/pbio10/smrtlink/userdata/jobs_root.default/cromwell-executions/pb_basemods/581e40d8-7bb5-4c29-be1d-e4054a8a8b53/call-wf_basemods/wf_basemods/b2e7c803-c23c-40ac-a886-401e021470b8/call-ipdsummary/shard-1/inputs/839495812/smrtlink_reference.referenceset.xml \
  --gff basemods.gff \
  --csv basemods.csv \
  --bigwig ipds.bw \
  --pvalue 0.001 \
  --alignmentSetRefWindows \
  --identify m4C,m6A \
   \`
2022-04-14 11:13:11,436 INFO  - BackgroundConfigAsyncJobExecutionActor [UUID(b2e7c803)wf_basemods.ipdsummary:1:1]: executing: /bin/bash /pub33/pbio10/smrtlink/userdata/jobs_root.default/cromwell-executions/pb_basemods/581e40d8-7bb5-4c29-be1d-e4054a8a8b53/call-wf_basemods/wf_basemods/b2e7c803-c23c-40ac-a886-401e021470b8/call-ipdsummary/shard-1/execution/script
2022-04-14 11:13:16,378 INFO  - BackgroundConfigAsyncJobExecutionActor [UUID(b2e7c803)wf_basemods.ipdsummary:1:1]: job id: 1980103
2022-04-14 11:13:16,378 INFO  - BackgroundConfigAsyncJobExecutionActor [UUID(b2e7c803)wf_basemods.ipdsummary:1:1]: Status change from - to WaitingForReturnCode
2022-04-14 11:17:15,474 INFO  - BackgroundConfigAsyncJobExecutionActor [UUID(b2e7c803)wf_basemods.ipdsummary:1:1]: Status change from WaitingForReturnCode to Done
2022-04-14 11:18:14,427 WARN  - BackgroundConfigAsyncJobExecutionActor [UUID(b2e7c803)wf_basemods.ipdsummary:3:1]: Unrecognized runtime attribute keys: cpu, memory
2022-04-14 11:18:14,433 INFO  - BackgroundConfigAsyncJobExecutionActor [UUID(b2e7c803)wf_basemods.ipdsummary:3:1]: `ipdSummary \
  --log-level INFO \
  --numWorkers 15 \
  /pub33/pbio10/smrtlink/userdata/jobs_root.default/cromwell-executions/pb_basemods/581e40d8-7bb5-4c29-be1d-e4054a8a8b53/call-wf_basemods/wf_basemods/b2e7c803-c23c-40ac-a886-401e021470b8/call-ipdsummary/shard-3/inputs/-344419381/mapped.chunk3.alignmentset.xml \
  --reference /pub33/pbio10/smrtlink/userdata/jobs_root.default/cromwell-executions/pb_basemods/581e40d8-7bb5-4c29-be1d-e4054a8a8b53/call-wf_basemods/wf_basemods/b2e7c803-c23c-40ac-a886-401e021470b8/call-ipdsummary/shard-3/inputs/839495812/smrtlink_reference.referenceset.xml \
  --gff basemods.gff \
  --csv basemods.csv \
  --bigwig ipds.bw \
  --pvalue 0.001 \
  --alignmentSetRefWindows \
  --identify m4C,m6A \
   \`
2022-04-14 11:18:14,435 INFO  - BackgroundConfigAsyncJobExecutionActor [UUID(b2e7c803)wf_basemods.ipdsummary:3:1]: executing: /bin/bash /pub33/pbio10/smrtlink/userdata/jobs_root.default/cromwell-executions/pb_basemods/581e40d8-7bb5-4c29-be1d-e4054a8a8b53/call-wf_basemods/wf_basemods/b2e7c803-c23c-40ac-a886-401e021470b8/call-ipdsummary/shard-3/execution/script
2022-04-14 11:18:16,367 INFO  - BackgroundConfigAsyncJobExecutionActor [UUID(b2e7c803)wf_basemods.ipdsummary:3:1]: job id: 1981602
2022-04-14 11:18:16,368 INFO  - BackgroundConfigAsyncJobExecutionActor [UUID(b2e7c803)wf_basemods.ipdsummary:3:1]: Status change from - to WaitingForReturnCode
2022-04-14 11:22:07,523 INFO  - BackgroundConfigAsyncJobExecutionActor [UUID(b2e7c803)wf_basemods.ipdsummary:3:1]: Status change from WaitingForReturnCode to Done
2022-04-14 11:23:11,429 WARN  - BackgroundConfigAsyncJobExecutionActor [UUID(b2e7c803)wf_basemods.ipdsummary:4:1]: Unrecognized runtime attribute keys: cpu, memory
2022-04-14 11:23:11,437 INFO  - BackgroundConfigAsyncJobExecutionActor [UUID(b2e7c803)wf_basemods.ipdsummary:4:1]: `ipdSummary \
  --log-level INFO \
  --numWorkers 15 \
  /pub33/pbio10/smrtlink/userdata/jobs_root.default/cromwell-executions/pb_basemods/581e40d8-7bb5-4c29-be1d-e4054a8a8b53/call-wf_basemods/wf_basemods/b2e7c803-c23c-40ac-a886-401e021470b8/call-ipdsummary/shard-4/inputs/-344419381/mapped.chunk4.alignmentset.xml \
  --reference /pub33/pbio10/smrtlink/userdata/jobs_root.default/cromwell-executions/pb_basemods/581e40d8-7bb5-4c29-be1d-e4054a8a8b53/call-wf_basemods/wf_basemods/b2e7c803-c23c-40ac-a886-401e021470b8/call-ipdsummary/shard-4/inputs/839495812/smrtlink_reference.referenceset.xml \
  --gff basemods.gff \
  --csv basemods.csv \
  --bigwig ipds.bw \
  --pvalue 0.001 \
  --alignmentSetRefWindows \
  --identify m4C,m6A \
   \`
2022-04-14 11:23:11,439 INFO  - BackgroundConfigAsyncJobExecutionActor [UUID(b2e7c803)wf_basemods.ipdsummary:4:1]: executing: /bin/bash /pub33/pbio10/smrtlink/userdata/jobs_root.default/cromwell-executions/pb_basemods/581e40d8-7bb5-4c29-be1d-e4054a8a8b53/call-wf_basemods/wf_basemods/b2e7c803-c23c-40ac-a886-401e021470b8/call-ipdsummary/shard-4/execution/script
2022-04-14 11:23:16,377 INFO  - BackgroundConfigAsyncJobExecutionActor [UUID(b2e7c803)wf_basemods.ipdsummary:4:1]: job id: 1982931
2022-04-14 11:23:16,378 INFO  - BackgroundConfigAsyncJobExecutionActor [UUID(b2e7c803)wf_basemods.ipdsummary:4:1]: Status change from - to WaitingForReturnCode
2022-04-14 11:27:04,804 INFO  - BackgroundConfigAsyncJobExecutionActor [UUID(b2e7c803)wf_basemods.ipdsummary:4:1]: Status change from WaitingForReturnCode to Done
2022-04-14 11:29:14,429 WARN  - BackgroundConfigAsyncJobExecutionActor [UUID(b2e7c803)wf_basemods.ipdsummary:2:1]: Unrecognized runtime attribute keys: cpu, memory
2022-04-14 11:29:14,437 INFO  - BackgroundConfigAsyncJobExecutionActor [UUID(b2e7c803)wf_basemods.ipdsummary:2:1]: `ipdSummary \
  --log-level INFO \
  --numWorkers 15 \
  /pub33/pbio10/smrtlink/userdata/jobs_root.default/cromwell-executions/pb_basemods/581e40d8-7bb5-4c29-be1d-e4054a8a8b53/call-wf_basemods/wf_basemods/b2e7c803-c23c-40ac-a886-401e021470b8/call-ipdsummary/shard-2/inputs/-344419381/mapped.chunk2.alignmentset.xml \
  --reference /pub33/pbio10/smrtlink/userdata/jobs_root.default/cromwell-executions/pb_basemods/581e40d8-7bb5-4c29-be1d-e4054a8a8b53/call-wf_basemods/wf_basemods/b2e7c803-c23c-40ac-a886-401e021470b8/call-ipdsummary/shard-2/inputs/839495812/smrtlink_reference.referenceset.xml \
  --gff basemods.gff \
  --csv basemods.csv \
  --bigwig ipds.bw \
  --pvalue 0.001 \
  --alignmentSetRefWindows \
  --identify m4C,m6A \
   \`
2022-04-14 11:29:14,439 INFO  - BackgroundConfigAsyncJobExecutionActor [UUID(b2e7c803)wf_basemods.ipdsummary:2:1]: executing: /bin/bash /pub33/pbio10/smrtlink/userdata/jobs_root.default/cromwell-executions/pb_basemods/581e40d8-7bb5-4c29-be1d-e4054a8a8b53/call-wf_basemods/wf_basemods/b2e7c803-c23c-40ac-a886-401e021470b8/call-ipdsummary/shard-2/execution/script
2022-04-14 11:29:16,377 INFO  - BackgroundConfigAsyncJobExecutionActor [UUID(b2e7c803)wf_basemods.ipdsummary:2:1]: job id: 1984272
2022-04-14 11:29:16,378 INFO  - BackgroundConfigAsyncJobExecutionActor [UUID(b2e7c803)wf_basemods.ipdsummary:2:1]: Status change from - to WaitingForReturnCode
2022-04-14 11:33:25,165 INFO  - BackgroundConfigAsyncJobExecutionActor [UUID(b2e7c803)wf_basemods.ipdsummary:2:1]: Status change from WaitingForReturnCode to Done
2022-04-14 11:36:02,427 WARN  - BackgroundConfigAsyncJobExecutionActor [UUID(b2e7c803)wf_basemods.ipdsummary:5:1]: Unrecognized runtime attribute keys: cpu, memory
2022-04-14 11:36:02,434 INFO  - BackgroundConfigAsyncJobExecutionActor [UUID(b2e7c803)wf_basemods.ipdsummary:5:1]: `ipdSummary \
  --log-level INFO \
  --numWorkers 15 \
  /pub33/pbio10/smrtlink/userdata/jobs_root.default/cromwell-executions/pb_basemods/581e40d8-7bb5-4c29-be1d-e4054a8a8b53/call-wf_basemods/wf_basemods/b2e7c803-c23c-40ac-a886-401e021470b8/call-ipdsummary/shard-5/inputs/-344419381/mapped.chunk5.alignmentset.xml \
  --reference /pub33/pbio10/smrtlink/userdata/jobs_root.default/cromwell-executions/pb_basemods/581e40d8-7bb5-4c29-be1d-e4054a8a8b53/call-wf_basemods/wf_basemods/b2e7c803-c23c-40ac-a886-401e021470b8/call-ipdsummary/shard-5/inputs/839495812/smrtlink_reference.referenceset.xml \
  --gff basemods.gff \
  --csv basemods.csv \
  --bigwig ipds.bw \
  --pvalue 0.001 \
  --alignmentSetRefWindows \
  --identify m4C,m6A \
   \`
2022-04-14 11:36:02,436 INFO  - BackgroundConfigAsyncJobExecutionActor [UUID(b2e7c803)wf_basemods.ipdsummary:5:1]: executing: /bin/bash /pub33/pbio10/smrtlink/userdata/jobs_root.default/cromwell-executions/pb_basemods/581e40d8-7bb5-4c29-be1d-e4054a8a8b53/call-wf_basemods/wf_basemods/b2e7c803-c23c-40ac-a886-401e021470b8/call-ipdsummary/shard-5/execution/script
2022-04-14 11:36:06,377 INFO  - BackgroundConfigAsyncJobExecutionActor [UUID(b2e7c803)wf_basemods.ipdsummary:5:1]: job id: 1985670
2022-04-14 11:36:06,377 INFO  - BackgroundConfigAsyncJobExecutionActor [UUID(b2e7c803)wf_basemods.ipdsummary:5:1]: Status change from - to WaitingForReturnCode
2022-04-14 11:39:36,003 INFO  - BackgroundConfigAsyncJobExecutionActor [UUID(b2e7c803)wf_basemods.ipdsummary:5:1]: Status change from WaitingForReturnCode to Done
2022-04-14 11:54:41,426 WARN  - BackgroundConfigAsyncJobExecutionActor [UUID(b2e7c803)wf_basemods.ipdsummary:6:1]: Unrecognized runtime attribute keys: cpu, memory
2022-04-14 11:54:41,433 INFO  - BackgroundConfigAsyncJobExecutionActor [UUID(b2e7c803)wf_basemods.ipdsummary:6:1]: `ipdSummary \
  --log-level INFO \
  --numWorkers 15 \
  /pub33/pbio10/smrtlink/userdata/jobs_root.default/cromwell-executions/pb_basemods/581e40d8-7bb5-4c29-be1d-e4054a8a8b53/call-wf_basemods/wf_basemods/b2e7c803-c23c-40ac-a886-401e021470b8/call-ipdsummary/shard-6/inputs/-344419381/mapped.chunk6.alignmentset.xml \
  --reference /pub33/pbio10/smrtlink/userdata/jobs_root.default/cromwell-executions/pb_basemods/581e40d8-7bb5-4c29-be1d-e4054a8a8b53/call-wf_basemods/wf_basemods/b2e7c803-c23c-40ac-a886-401e021470b8/call-ipdsummary/shard-6/inputs/839495812/smrtlink_reference.referenceset.xml \
  --gff basemods.gff \
  --csv basemods.csv \
  --bigwig ipds.bw \
  --pvalue 0.001 \
  --alignmentSetRefWindows \
  --identify m4C,m6A \
   \`
2022-04-14 11:54:41,434 INFO  - BackgroundConfigAsyncJobExecutionActor [UUID(b2e7c803)wf_basemods.ipdsummary:6:1]: executing: /bin/bash /pub33/pbio10/smrtlink/userdata/jobs_root.default/cromwell-executions/pb_basemods/581e40d8-7bb5-4c29-be1d-e4054a8a8b53/call-wf_basemods/wf_basemods/b2e7c803-c23c-40ac-a886-401e021470b8/call-ipdsummary/shard-6/execution/script
2022-04-14 11:54:46,391 INFO  - BackgroundConfigAsyncJobExecutionActor [UUID(b2e7c803)wf_basemods.ipdsummary:6:1]: job id: 1987862
2022-04-14 11:54:46,392 INFO  - BackgroundConfigAsyncJobExecutionActor [UUID(b2e7c803)wf_basemods.ipdsummary:6:1]: Status change from - to WaitingForReturnCode
2022-04-14 11:58:05,283 INFO  - BackgroundConfigAsyncJobExecutionActor [UUID(b2e7c803)wf_basemods.ipdsummary:6:1]: Status change from WaitingForReturnCode to Done
2022-04-14 11:58:11,404 INFO  - b2e7c803-c23c-40ac-a886-401e021470b8-SubWorkflowActor-SubWorkflow-wf_basemods:-1:1 [UUID(b2e7c803)]: Starting wf_basemods.gather_basemods_csv, wf_basemods.gather_basemods_gff, wf_basemods.gather_bigwig
2022-04-14 12:37:50,425 WARN  - BackgroundConfigAsyncJobExecutionActor [UUID(dc5e40e6)coverage_reports.pbreports_coverage:NA:1]: Unrecognized runtime attribute keys: cpu, memory
2022-04-14 12:37:50,433 INFO  - BackgroundConfigAsyncJobExecutionActor [UUID(dc5e40e6)coverage_reports.pbreports_coverage:NA:1]: `python3 \
  -m pbreports.report.coverage \
  --log-level INFO \
  --gc-cov-plot /pub33/pbio10/smrtlink/userdata/jobs_root.default/cromwell-executions/pb_basemods/581e40d8-7bb5-4c29-be1d-e4054a8a8b53/call-coverage_reports/coverage_reports/dc5e40e6-375d-4ba6-9cd6-c3632dbd94ae/call-pbreports_coverage/inputs/-1258660716/gc_coverage_boxplot.png \
  /pub33/pbio10/smrtlink/userdata/jobs_root.default/cromwell-executions/pb_basemods/581e40d8-7bb5-4c29-be1d-e4054a8a8b53/call-coverage_reports/coverage_reports/dc5e40e6-375d-4ba6-9cd6-c3632dbd94ae/call-pbreports_coverage/inputs/839495812/smrtlink_reference.referenceset.xml /pub33/pbio10/smrtlink/userdata/jobs_root.default/cromwell-executions/pb_basemods/581e40d8-7bb5-4c29-be1d-e4054a8a8b53/call-coverage_reports/coverage_reports/dc5e40e6-375d-4ba6-9cd6-c3632dbd94ae/call-pbreports_coverage/inputs/482307653/coverage.gff \
  coverage.report.json`
2022-04-14 12:37:50,436 INFO  - BackgroundConfigAsyncJobExecutionActor [UUID(dc5e40e6)coverage_reports.pbreports_coverage:NA:1]: executing: /bin/bash /pub33/pbio10/smrtlink/userdata/jobs_root.default/cromwell-executions/pb_basemods/581e40d8-7bb5-4c29-be1d-e4054a8a8b53/call-coverage_reports/coverage_reports/dc5e40e6-375d-4ba6-9cd6-c3632dbd94ae/call-pbreports_coverage/execution/script
2022-04-14 12:37:51,366 INFO  - BackgroundConfigAsyncJobExecutionActor [UUID(dc5e40e6)coverage_reports.pbreports_coverage:NA:1]: job id: 1991650
2022-04-14 12:37:51,367 INFO  - BackgroundConfigAsyncJobExecutionActor [UUID(dc5e40e6)coverage_reports.pbreports_coverage:NA:1]: Status change from - to WaitingForReturnCode
2022-04-14 12:37:53,293 INFO  - BackgroundConfigAsyncJobExecutionActor [UUID(dc5e40e6)coverage_reports.pbreports_coverage:NA:1]: Status change from WaitingForReturnCode to Done
2022-04-14 12:37:58,173 INFO  - dc5e40e6-375d-4ba6-9cd6-c3632dbd94ae-SubWorkflowActor-SubWorkflow-coverage_reports:-1:1 [UUID(dc5e40e6)]: Workflow coverage_reports complete. Final Outputs:
{
  "coverage_reports.plot_target_coverage_png": null,
  "coverage_reports.report_coverage": "/pub33/pbio10/smrtlink/userdata/jobs_root.default/cromwell-executions/pb_basemods/581e40d8-7bb5-4c29-be1d-e4054a8a8b53/call-coverage_reports/coverage_reports/dc5e40e6-375d-4ba6-9cd6-c3632dbd94ae/call-pbreports_coverage/execution/coverage.report.json",
  "coverage_reports.coverage_gff": "/pub33/pbio10/smrtlink/userdata/jobs_root.default/cromwell-executions/pb_basemods/581e40d8-7bb5-4c29-be1d-e4054a8a8b53/call-coverage_reports/coverage_reports/dc5e40e6-375d-4ba6-9cd6-c3632dbd94ae/call-summarize_coverage/execution/coverage.gff",
  "coverage_reports.report_target_coverage": null
}
2022-04-14 13:24:23,428 WARN  - BackgroundConfigAsyncJobExecutionActor [UUID(b2e7c803)wf_basemods.gather_basemods_gff:NA:1]: Unrecognized runtime attribute keys: cpu, memory
2022-04-14 13:24:23,440 INFO  - BackgroundConfigAsyncJobExecutionActor [UUID(b2e7c803)wf_basemods.gather_basemods_gff:NA:1]: `python3 \
  -m pbcoretools.tasks.gather \
  --log-level INFO \
   \
  basemods.gff \
  /pub33/pbio10/smrtlink/userdata/jobs_root.default/cromwell-executions/pb_basemods/581e40d8-7bb5-4c29-be1d-e4054a8a8b53/call-wf_basemods/wf_basemods/b2e7c803-c23c-40ac-a886-401e021470b8/call-gather_basemods_gff/inputs/-23965236/basemods.gff /pub33/pbio10/smrtlink/userdata/jobs_root.default/cromwell-executions/pb_basemods/581e40d8-7bb5-4c29-be1d-e4054a8a8b53/call-wf_basemods/wf_basemods/b2e7c803-c23c-40ac-a886-401e021470b8/call-gather_basemods_gff/inputs/-1820916595/basemods.gff /pub33/pbio10/smrtlink/userdata/jobs_root.default/cromwell-executions/pb_basemods/581e40d8-7bb5-4c29-be1d-e4054a8a8b53/call-wf_basemods/wf_basemods/b2e7c803-c23c-40ac-a886-401e021470b8/call-gather_basemods_gff/inputs/677099342/basemods.gff /pub33/pbio10/smrtlink/userdata/jobs_root.default/cromwell-executions/pb_basemods/581e40d8-7bb5-4c29-be1d-e4054a8a8b53/call-wf_basemods/wf_basemods/b2e7c803-c23c-40ac-a886-401e021470b8/call-gather_basemods_gff/inputs/-1119852017/basemods.gff /pub33/pbio10/smrtlink/userdata/jobs_root.default/cromwell-executions/pb_basemods/581e40d8-7bb5-4c29-be1d-e4054a8a8b53/call-wf_basemods/wf_basemods/b2e7c803-c23c-40ac-a886-401e021470b8/call-gather_basemods_gff/inputs/1378163920/basemods.gff /pub33/pbio10/smrtlink/userdata/jobs_root.default/cromwell-executions/pb_basemods/581e40d8-7bb5-4c29-be1d-e4054a8a8b53/call-wf_basemods/wf_basemods/b2e7c803-c23c-40ac-a886-401e021470b8/call-gather_basemods_gff/inputs/-418787439/basemods.gff /pub33/pbio10/smrtlink/userdata/jobs_root.default/cromwell-executions/pb_basemods/581e40d8-7bb5-4c29-be1d-e4054a8a8b53/call-wf_basemods/wf_basemods/b2e7c803-c23c-40ac-a886-401e021470b8/call-gather_basemods_gff/inputs/2079228498/basemods.gff /pub33/pbio10/smrtlink/userdata/jobs_root.default/cromwell-executions/pb_basemods/581e40d8-7bb5-4c29-be1d-e4054a8a8b53/call-wf_basemods/wf_basemods/b2e7c803-c23c-40ac-a886-401e021470b8/call-gather_basemods_gff/inputs/282277139/basemods.gff`
2022-04-14 13:24:23,442 INFO  - BackgroundConfigAsyncJobExecutionActor [UUID(b2e7c803)wf_basemods.gather_basemods_gff:NA:1]: executing: /bin/bash /pub33/pbio10/smrtlink/userdata/jobs_root.default/cromwell-executions/pb_basemods/581e40d8-7bb5-4c29-be1d-e4054a8a8b53/call-wf_basemods/wf_basemods/b2e7c803-c23c-40ac-a886-401e021470b8/call-gather_basemods_gff/execution/script
2022-04-14 13:24:26,376 INFO  - BackgroundConfigAsyncJobExecutionActor [UUID(b2e7c803)wf_basemods.gather_basemods_gff:NA:1]: job id: 1995335
2022-04-14 13:24:26,377 INFO  - BackgroundConfigAsyncJobExecutionActor [UUID(b2e7c803)wf_basemods.gather_basemods_gff:NA:1]: Status change from - to Done
2022-04-14 13:24:30,904 INFO  - b2e7c803-c23c-40ac-a886-401e021470b8-SubWorkflowActor-SubWorkflow-wf_basemods:-1:1 [UUID(b2e7c803)]: Starting wf_basemods.find_motifs
2022-04-14 14:03:35,427 WARN  - BackgroundConfigAsyncJobExecutionActor [UUID(b2e7c803)wf_basemods.gather_basemods_csv:NA:1]: Unrecognized runtime attribute keys: cpu, memory
2022-04-14 14:03:35,439 INFO  - BackgroundConfigAsyncJobExecutionActor [UUID(b2e7c803)wf_basemods.gather_basemods_csv:NA:1]: `python3 \
  -m pbcoretools.tasks.gather \
  --log-level INFO \
   \
  basemods.csv \
  /pub33/pbio10/smrtlink/userdata/jobs_root.default/cromwell-executions/pb_basemods/581e40d8-7bb5-4c29-be1d-e4054a8a8b53/call-wf_basemods/wf_basemods/b2e7c803-c23c-40ac-a886-401e021470b8/call-gather_basemods_csv/inputs/-23965236/basemods.csv /pub33/pbio10/smrtlink/userdata/jobs_root.default/cromwell-executions/pb_basemods/581e40d8-7bb5-4c29-be1d-e4054a8a8b53/call-wf_basemods/wf_basemods/b2e7c803-c23c-40ac-a886-401e021470b8/call-gather_basemods_csv/inputs/-1820916595/basemods.csv /pub33/pbio10/smrtlink/userdata/jobs_root.default/cromwell-executions/pb_basemods/581e40d8-7bb5-4c29-be1d-e4054a8a8b53/call-wf_basemods/wf_basemods/b2e7c803-c23c-40ac-a886-401e021470b8/call-gather_basemods_csv/inputs/677099342/basemods.csv /pub33/pbio10/smrtlink/userdata/jobs_root.default/cromwell-executions/pb_basemods/581e40d8-7bb5-4c29-be1d-e4054a8a8b53/call-wf_basemods/wf_basemods/b2e7c803-c23c-40ac-a886-401e021470b8/call-gather_basemods_csv/inputs/-1119852017/basemods.csv /pub33/pbio10/smrtlink/userdata/jobs_root.default/cromwell-executions/pb_basemods/581e40d8-7bb5-4c29-be1d-e4054a8a8b53/call-wf_basemods/wf_basemods/b2e7c803-c23c-40ac-a886-401e021470b8/call-gather_basemods_csv/inputs/1378163920/basemods.csv /pub33/pbio10/smrtlink/userdata/jobs_root.default/cromwell-executions/pb_basemods/581e40d8-7bb5-4c29-be1d-e4054a8a8b53/call-wf_basemods/wf_basemods/b2e7c803-c23c-40ac-a886-401e021470b8/call-gather_basemods_csv/inputs/-418787439/basemods.csv /pub33/pbio10/smrtlink/userdata/jobs_root.default/cromwell-executions/pb_basemods/581e40d8-7bb5-4c29-be1d-e4054a8a8b53/call-wf_basemods/wf_basemods/b2e7c803-c23c-40ac-a886-401e021470b8/call-gather_basemods_csv/inputs/2079228498/basemods.csv /pub33/pbio10/smrtlink/userdata/jobs_root.default/cromwell-executions/pb_basemods/581e40d8-7bb5-4c29-be1d-e4054a8a8b53/call-wf_basemods/wf_basemods/b2e7c803-c23c-40ac-a886-401e021470b8/call-gather_basemods_csv/inputs/282277139/basemods.csv`
2022-04-14 14:03:35,441 INFO  - BackgroundConfigAsyncJobExecutionActor [UUID(b2e7c803)wf_basemods.gather_basemods_csv:NA:1]: executing: /bin/bash /pub33/pbio10/smrtlink/userdata/jobs_root.default/cromwell-executions/pb_basemods/581e40d8-7bb5-4c29-be1d-e4054a8a8b53/call-wf_basemods/wf_basemods/b2e7c803-c23c-40ac-a886-401e021470b8/call-gather_basemods_csv/execution/script
2022-04-14 14:03:36,376 INFO  - BackgroundConfigAsyncJobExecutionActor [UUID(b2e7c803)wf_basemods.gather_basemods_csv:NA:1]: job id: 1998675
2022-04-14 14:03:36,376 INFO  - BackgroundConfigAsyncJobExecutionActor [UUID(b2e7c803)wf_basemods.gather_basemods_csv:NA:1]: Status change from - to Done
2022-04-14 14:03:39,924 INFO  - b2e7c803-c23c-40ac-a886-401e021470b8-SubWorkflowActor-SubWorkflow-wf_basemods:-1:1 [UUID(b2e7c803)]: Starting wf_basemods.modifications_report
2022-04-14 14:43:44,426 WARN  - BackgroundConfigAsyncJobExecutionActor [UUID(b2e7c803)wf_basemods.gather_bigwig:NA:1]: Unrecognized runtime attribute keys: cpu, memory
2022-04-14 14:43:44,443 INFO  - BackgroundConfigAsyncJobExecutionActor [UUID(b2e7c803)wf_basemods.gather_bigwig:NA:1]: `python3 \
  -m kineticsTools.tasks.gather_bigwig \
  --log-level INFO \
  ipds.bw \
  /pub33/pbio10/smrtlink/userdata/jobs_root.default/cromwell-executions/pb_basemods/581e40d8-7bb5-4c29-be1d-e4054a8a8b53/call-wf_basemods/wf_basemods/b2e7c803-c23c-40ac-a886-401e021470b8/call-gather_bigwig/inputs/-23965236/ipds.bw /pub33/pbio10/smrtlink/userdata/jobs_root.default/cromwell-executions/pb_basemods/581e40d8-7bb5-4c29-be1d-e4054a8a8b53/call-wf_basemods/wf_basemods/b2e7c803-c23c-40ac-a886-401e021470b8/call-gather_bigwig/inputs/-1820916595/ipds.bw /pub33/pbio10/smrtlink/userdata/jobs_root.default/cromwell-executions/pb_basemods/581e40d8-7bb5-4c29-be1d-e4054a8a8b53/call-wf_basemods/wf_basemods/b2e7c803-c23c-40ac-a886-401e021470b8/call-gather_bigwig/inputs/677099342/ipds.bw /pub33/pbio10/smrtlink/userdata/jobs_root.default/cromwell-executions/pb_basemods/581e40d8-7bb5-4c29-be1d-e4054a8a8b53/call-wf_basemods/wf_basemods/b2e7c803-c23c-40ac-a886-401e021470b8/call-gather_bigwig/inputs/-1119852017/ipds.bw /pub33/pbio10/smrtlink/userdata/jobs_root.default/cromwell-executions/pb_basemods/581e40d8-7bb5-4c29-be1d-e4054a8a8b53/call-wf_basemods/wf_basemods/b2e7c803-c23c-40ac-a886-401e021470b8/call-gather_bigwig/inputs/1378163920/ipds.bw /pub33/pbio10/smrtlink/userdata/jobs_root.default/cromwell-executions/pb_basemods/581e40d8-7bb5-4c29-be1d-e4054a8a8b53/call-wf_basemods/wf_basemods/b2e7c803-c23c-40ac-a886-401e021470b8/call-gather_bigwig/inputs/-418787439/ipds.bw /pub33/pbio10/smrtlink/userdata/jobs_root.default/cromwell-executions/pb_basemods/581e40d8-7bb5-4c29-be1d-e4054a8a8b53/call-wf_basemods/wf_basemods/b2e7c803-c23c-40ac-a886-401e021470b8/call-gather_bigwig/inputs/2079228498/ipds.bw /pub33/pbio10/smrtlink/userdata/jobs_root.default/cromwell-executions/pb_basemods/581e40d8-7bb5-4c29-be1d-e4054a8a8b53/call-wf_basemods/wf_basemods/b2e7c803-c23c-40ac-a886-401e021470b8/call-gather_bigwig/inputs/282277139/ipds.bw`
2022-04-14 14:43:44,445 INFO  - BackgroundConfigAsyncJobExecutionActor [UUID(b2e7c803)wf_basemods.gather_bigwig:NA:1]: executing: /bin/bash /pub33/pbio10/smrtlink/userdata/jobs_root.default/cromwell-executions/pb_basemods/581e40d8-7bb5-4c29-be1d-e4054a8a8b53/call-wf_basemods/wf_basemods/b2e7c803-c23c-40ac-a886-401e021470b8/call-gather_bigwig/execution/script
2022-04-14 14:43:46,376 INFO  - BackgroundConfigAsyncJobExecutionActor [UUID(b2e7c803)wf_basemods.gather_bigwig:NA:1]: job id: 2002265
2022-04-14 14:43:46,376 INFO  - BackgroundConfigAsyncJobExecutionActor [UUID(b2e7c803)wf_basemods.gather_bigwig:NA:1]: Status change from - to Done
2022-04-14 15:20:35,427 WARN  - BackgroundConfigAsyncJobExecutionActor [UUID(b2e7c803)wf_basemods.find_motifs:NA:1]: Unrecognized runtime attribute keys: cpu, memory
2022-04-14 15:20:35,433 INFO  - BackgroundConfigAsyncJobExecutionActor [UUID(b2e7c803)wf_basemods.find_motifs:NA:1]: `python3 <<EOF
from pbcore.io import ReferenceSet
import os
fasta_file = ReferenceSet("/pub33/pbio10/smrtlink/userdata/jobs_root.default/cromwell-executions/pb_basemods/581e40d8-7bb5-4c29-be1d-e4054a8a8b53/call-wf_basemods/wf_basemods/b2e7c803-c23c-40ac-a886-401e021470b8/call-find_motifs/inputs/839495812/smrtlink_reference.referenceset.xml", skipCounts=True).toExternalFiles()[0]
os.symlink(fasta_file, "reference.fasta")
EOF
motifMaker find \
  --parallelize \
  --gff /pub33/pbio10/smrtlink/userdata/jobs_root.default/cromwell-executions/pb_basemods/581e40d8-7bb5-4c29-be1d-e4054a8a8b53/call-wf_basemods/wf_basemods/b2e7c803-c23c-40ac-a886-401e021470b8/call-find_motifs/inputs/1903156175/basemods.gff \
  --fasta reference.fasta \
  --output motifs.csv \
  --minScore 100`
2022-04-14 15:20:35,435 INFO  - BackgroundConfigAsyncJobExecutionActor [UUID(b2e7c803)wf_basemods.find_motifs:NA:1]: executing: /bin/bash /pub33/pbio10/smrtlink/userdata/jobs_root.default/cromwell-executions/pb_basemods/581e40d8-7bb5-4c29-be1d-e4054a8a8b53/call-wf_basemods/wf_basemods/b2e7c803-c23c-40ac-a886-401e021470b8/call-find_motifs/execution/script
2022-04-14 15:20:36,376 INFO  - BackgroundConfigAsyncJobExecutionActor [UUID(b2e7c803)wf_basemods.find_motifs:NA:1]: job id: 2005871
2022-04-14 15:20:36,377 INFO  - BackgroundConfigAsyncJobExecutionActor [UUID(b2e7c803)wf_basemods.find_motifs:NA:1]: Status change from - to WaitingForReturnCode
2022-04-14 15:21:15,493 INFO  - BackgroundConfigAsyncJobExecutionActor [UUID(b2e7c803)wf_basemods.find_motifs:NA:1]: Status change from WaitingForReturnCode to Done
2022-04-14 15:21:19,213 INFO  - b2e7c803-c23c-40ac-a886-401e021470b8-SubWorkflowActor-SubWorkflow-wf_basemods:-1:1 [UUID(b2e7c803)]: Starting wf_basemods.reprocess_motifs
2022-04-14 15:55:20,426 WARN  - BackgroundConfigAsyncJobExecutionActor [UUID(b2e7c803)wf_basemods.modifications_report:NA:1]: Unrecognized runtime attribute keys: cpu, memory
2022-04-14 15:55:20,429 INFO  - BackgroundConfigAsyncJobExecutionActor [UUID(b2e7c803)wf_basemods.modifications_report:NA:1]: `python3 \
  -m pbreports.report.modifications \
  --log-level INFO \
  --modqv-cutoff 100 \
  /pub33/pbio10/smrtlink/userdata/jobs_root.default/cromwell-executions/pb_basemods/581e40d8-7bb5-4c29-be1d-e4054a8a8b53/call-wf_basemods/wf_basemods/b2e7c803-c23c-40ac-a886-401e021470b8/call-modifications_report/inputs/1773425582/basemods.csv \
  modifications.report.json`
2022-04-14 15:55:20,431 INFO  - BackgroundConfigAsyncJobExecutionActor [UUID(b2e7c803)wf_basemods.modifications_report:NA:1]: executing: /bin/bash /pub33/pbio10/smrtlink/userdata/jobs_root.default/cromwell-executions/pb_basemods/581e40d8-7bb5-4c29-be1d-e4054a8a8b53/call-wf_basemods/wf_basemods/b2e7c803-c23c-40ac-a886-401e021470b8/call-modifications_report/execution/script
2022-04-14 15:55:21,377 INFO  - BackgroundConfigAsyncJobExecutionActor [UUID(b2e7c803)wf_basemods.modifications_report:NA:1]: job id: 2009197
2022-04-14 15:55:21,378 INFO  - BackgroundConfigAsyncJobExecutionActor [UUID(b2e7c803)wf_basemods.modifications_report:NA:1]: Status change from - to WaitingForReturnCode
2022-04-14 15:55:25,853 INFO  - BackgroundConfigAsyncJobExecutionActor [UUID(b2e7c803)wf_basemods.modifications_report:NA:1]: Status change from WaitingForReturnCode to Done
2022-04-14 16:35:05,426 WARN  - BackgroundConfigAsyncJobExecutionActor [UUID(b2e7c803)wf_basemods.reprocess_motifs:NA:1]: Unrecognized runtime attribute keys: cpu, memory
2022-04-14 16:35:05,431 INFO  - BackgroundConfigAsyncJobExecutionActor [UUID(b2e7c803)wf_basemods.reprocess_motifs:NA:1]: `motifMaker reprocess \
  --gff /pub33/pbio10/smrtlink/userdata/jobs_root.default/cromwell-executions/pb_basemods/581e40d8-7bb5-4c29-be1d-e4054a8a8b53/call-wf_basemods/wf_basemods/b2e7c803-c23c-40ac-a886-401e021470b8/call-reprocess_motifs/inputs/1903156175/basemods.gff \
  --motifs /pub33/pbio10/smrtlink/userdata/jobs_root.default/cromwell-executions/pb_basemods/581e40d8-7bb5-4c29-be1d-e4054a8a8b53/call-wf_basemods/wf_basemods/b2e7c803-c23c-40ac-a886-401e021470b8/call-reprocess_motifs/inputs/-128261301/motifs.csv \
  --fasta /pub33/pbio10/smrtlink/userdata/jobs_root.default/cromwell-executions/pb_basemods/581e40d8-7bb5-4c29-be1d-e4054a8a8b53/call-wf_basemods/wf_basemods/b2e7c803-c23c-40ac-a886-401e021470b8/call-reprocess_motifs/inputs/-128261301/reference.fasta \
  --output motifs.gff \
  --minFraction 0.3`
2022-04-14 16:35:05,433 INFO  - BackgroundConfigAsyncJobExecutionActor [UUID(b2e7c803)wf_basemods.reprocess_motifs:NA:1]: executing: /bin/bash /pub33/pbio10/smrtlink/userdata/jobs_root.default/cromwell-executions/pb_basemods/581e40d8-7bb5-4c29-be1d-e4054a8a8b53/call-wf_basemods/wf_basemods/b2e7c803-c23c-40ac-a886-401e021470b8/call-reprocess_motifs/execution/script
2022-04-14 16:35:06,376 INFO  - BackgroundConfigAsyncJobExecutionActor [UUID(b2e7c803)wf_basemods.reprocess_motifs:NA:1]: job id: 2012928
2022-04-14 16:35:06,377 INFO  - BackgroundConfigAsyncJobExecutionActor [UUID(b2e7c803)wf_basemods.reprocess_motifs:NA:1]: Status change from - to Done
2022-04-14 16:35:09,974 INFO  - b2e7c803-c23c-40ac-a886-401e021470b8-SubWorkflowActor-SubWorkflow-wf_basemods:-1:1 [UUID(b2e7c803)]: Starting wf_basemods.motifs_report
2022-04-14 16:56:08,425 WARN  - BackgroundConfigAsyncJobExecutionActor [UUID(b2e7c803)wf_basemods.motifs_report:NA:1]: Unrecognized runtime attribute keys: cpu, memory
2022-04-14 16:56:08,431 INFO  - BackgroundConfigAsyncJobExecutionActor [UUID(b2e7c803)wf_basemods.motifs_report:NA:1]: `python3 \
  -m pbreports.report.motifs \
  --log-level INFO \
  /pub33/pbio10/smrtlink/userdata/jobs_root.default/cromwell-executions/pb_basemods/581e40d8-7bb5-4c29-be1d-e4054a8a8b53/call-wf_basemods/wf_basemods/b2e7c803-c23c-40ac-a886-401e021470b8/call-motifs_report/inputs/-464717480/motifs.gff /pub33/pbio10/smrtlink/userdata/jobs_root.default/cromwell-executions/pb_basemods/581e40d8-7bb5-4c29-be1d-e4054a8a8b53/call-wf_basemods/wf_basemods/b2e7c803-c23c-40ac-a886-401e021470b8/call-motifs_report/inputs/-128261301/motifs.csv \
  motifs.report.json \
  --maxMotifs 10 \
  --modqv-cutoff 100 \
  --kinetics-csv /pub33/pbio10/smrtlink/userdata/jobs_root.default/cromwell-executions/pb_basemods/581e40d8-7bb5-4c29-be1d-e4054a8a8b53/call-wf_basemods/wf_basemods/b2e7c803-c23c-40ac-a886-401e021470b8/call-motifs_report/inputs/1773425582/basemods.csv \
  --reference /pub33/pbio10/smrtlink/userdata/jobs_root.default/cromwell-executions/pb_basemods/581e40d8-7bb5-4c29-be1d-e4054a8a8b53/call-wf_basemods/wf_basemods/b2e7c803-c23c-40ac-a886-401e021470b8/call-motifs_report/inputs/839495812/smrtlink_reference.referenceset.xml`
2022-04-14 16:56:08,434 INFO  - BackgroundConfigAsyncJobExecutionActor [UUID(b2e7c803)wf_basemods.motifs_report:NA:1]: executing: /bin/bash /pub33/pbio10/smrtlink/userdata/jobs_root.default/cromwell-executions/pb_basemods/581e40d8-7bb5-4c29-be1d-e4054a8a8b53/call-wf_basemods/wf_basemods/b2e7c803-c23c-40ac-a886-401e021470b8/call-motifs_report/execution/script
2022-04-14 16:56:11,366 INFO  - BackgroundConfigAsyncJobExecutionActor [UUID(b2e7c803)wf_basemods.motifs_report:NA:1]: job id: 2015204
2022-04-14 16:56:11,367 INFO  - BackgroundConfigAsyncJobExecutionActor [UUID(b2e7c803)wf_basemods.motifs_report:NA:1]: Status change from - to WaitingForReturnCode
2022-04-14 16:56:15,603 INFO  - BackgroundConfigAsyncJobExecutionActor [UUID(b2e7c803)wf_basemods.motifs_report:NA:1]: Status change from WaitingForReturnCode to Done
2022-04-14 16:56:19,763 INFO  - b2e7c803-c23c-40ac-a886-401e021470b8-SubWorkflowActor-SubWorkflow-wf_basemods:-1:1 [UUID(b2e7c803)]: Workflow wf_basemods complete. Final Outputs:
{
  "wf_basemods.basemods_gff": "/pub33/pbio10/smrtlink/userdata/jobs_root.default/cromwell-executions/pb_basemods/581e40d8-7bb5-4c29-be1d-e4054a8a8b53/call-wf_basemods/wf_basemods/b2e7c803-c23c-40ac-a886-401e021470b8/call-gather_basemods_gff/execution/basemods.gff",
  "wf_basemods.motifs_csv": "/pub33/pbio10/smrtlink/userdata/jobs_root.default/cromwell-executions/pb_basemods/581e40d8-7bb5-4c29-be1d-e4054a8a8b53/call-wf_basemods/wf_basemods/b2e7c803-c23c-40ac-a886-401e021470b8/call-find_motifs/execution/motifs.csv",
  "wf_basemods.motifs_gff": "/pub33/pbio10/smrtlink/userdata/jobs_root.default/cromwell-executions/pb_basemods/581e40d8-7bb5-4c29-be1d-e4054a8a8b53/call-wf_basemods/wf_basemods/b2e7c803-c23c-40ac-a886-401e021470b8/call-reprocess_motifs/execution/motifs.gff",
  "wf_basemods.basemods_csv": "/pub33/pbio10/smrtlink/userdata/jobs_root.default/cromwell-executions/pb_basemods/581e40d8-7bb5-4c29-be1d-e4054a8a8b53/call-wf_basemods/wf_basemods/b2e7c803-c23c-40ac-a886-401e021470b8/call-gather_basemods_csv/execution/basemods.csv",
  "wf_basemods.bigwig_file": "/pub33/pbio10/smrtlink/userdata/jobs_root.default/cromwell-executions/pb_basemods/581e40d8-7bb5-4c29-be1d-e4054a8a8b53/call-wf_basemods/wf_basemods/b2e7c803-c23c-40ac-a886-401e021470b8/call-gather_bigwig/execution/ipds.bw",
  "wf_basemods.report_motifs": "/pub33/pbio10/smrtlink/userdata/jobs_root.default/cromwell-executions/pb_basemods/581e40d8-7bb5-4c29-be1d-e4054a8a8b53/call-wf_basemods/wf_basemods/b2e7c803-c23c-40ac-a886-401e021470b8/call-motifs_report/execution/motifs.report.json",
  "wf_basemods.report_modifications": "/pub33/pbio10/smrtlink/userdata/jobs_root.default/cromwell-executions/pb_basemods/581e40d8-7bb5-4c29-be1d-e4054a8a8b53/call-wf_basemods/wf_basemods/b2e7c803-c23c-40ac-a886-401e021470b8/call-modifications_report/execution/modifications.report.json"
}
2022-04-14 16:56:20,984 INFO  - WorkflowExecutionActor-581e40d8-7bb5-4c29-be1d-e4054a8a8b53 [UUID(581e40d8)]: Workflow pb_basemods complete. Final Outputs:
{
  "pb_basemods.report_modifications": "/pub33/pbio10/smrtlink/userdata/jobs_root.default/cromwell-executions/pb_basemods/581e40d8-7bb5-4c29-be1d-e4054a8a8b53/call-wf_basemods/wf_basemods/b2e7c803-c23c-40ac-a886-401e021470b8/call-modifications_report/execution/modifications.report.json",
  "pb_basemods.basemods_gff": "/pub33/pbio10/smrtlink/userdata/jobs_root.default/cromwell-executions/pb_basemods/581e40d8-7bb5-4c29-be1d-e4054a8a8b53/call-wf_basemods/wf_basemods/b2e7c803-c23c-40ac-a886-401e021470b8/call-gather_basemods_gff/execution/basemods.gff",
  "pb_basemods.motifs_csv": "/pub33/pbio10/smrtlink/userdata/jobs_root.default/cromwell-executions/pb_basemods/581e40d8-7bb5-4c29-be1d-e4054a8a8b53/call-wf_basemods/wf_basemods/b2e7c803-c23c-40ac-a886-401e021470b8/call-find_motifs/execution/motifs.csv",
  "pb_basemods.basemods_csv": "/pub33/pbio10/smrtlink/userdata/jobs_root.default/cromwell-executions/pb_basemods/581e40d8-7bb5-4c29-be1d-e4054a8a8b53/call-wf_basemods/wf_basemods/b2e7c803-c23c-40ac-a886-401e021470b8/call-gather_basemods_csv/execution/basemods.csv",
  "pb_basemods.report_mapping_stats": "/pub33/pbio10/smrtlink/userdata/jobs_root.default/cromwell-executions/pb_basemods/581e40d8-7bb5-4c29-be1d-e4054a8a8b53/call-mapping/mapping/52f92c4a-48ac-4cd7-aa20-828d1a17ddf2/call-mapping_stats/execution/mapping_stats.report.json",
  "pb_basemods.mapped_bam_datastore": null,
  "pb_basemods.motifs_gff": "/pub33/pbio10/smrtlink/userdata/jobs_root.default/cromwell-executions/pb_basemods/581e40d8-7bb5-4c29-be1d-e4054a8a8b53/call-wf_basemods/wf_basemods/b2e7c803-c23c-40ac-a886-401e021470b8/call-reprocess_motifs/execution/motifs.gff",
  "pb_basemods.report_motifs": "/pub33/pbio10/smrtlink/userdata/jobs_root.default/cromwell-executions/pb_basemods/581e40d8-7bb5-4c29-be1d-e4054a8a8b53/call-wf_basemods/wf_basemods/b2e7c803-c23c-40ac-a886-401e021470b8/call-motifs_report/execution/motifs.report.json",
  "pb_basemods.report_coverage": "/pub33/pbio10/smrtlink/userdata/jobs_root.default/cromwell-executions/pb_basemods/581e40d8-7bb5-4c29-be1d-e4054a8a8b53/call-coverage_reports/coverage_reports/dc5e40e6-375d-4ba6-9cd6-c3632dbd94ae/call-pbreports_coverage/execution/coverage.report.json",
  "pb_basemods.bigwig_file": "/pub33/pbio10/smrtlink/userdata/jobs_root.default/cromwell-executions/pb_basemods/581e40d8-7bb5-4c29-be1d-e4054a8a8b53/call-wf_basemods/wf_basemods/b2e7c803-c23c-40ac-a886-401e021470b8/call-gather_bigwig/execution/ipds.bw",
  "pb_basemods.mapped": "/pub33/pbio10/smrtlink/userdata/jobs_root.default/cromwell-executions/pb_basemods/581e40d8-7bb5-4c29-be1d-e4054a8a8b53/call-mapping/mapping/52f92c4a-48ac-4cd7-aa20-828d1a17ddf2/call-gather_alignments/execution/mapped.alignmentset.xml",
  "pb_basemods.coverage_gff": "/pub33/pbio10/smrtlink/userdata/jobs_root.default/cromwell-executions/pb_basemods/581e40d8-7bb5-4c29-be1d-e4054a8a8b53/call-coverage_reports/coverage_reports/dc5e40e6-375d-4ba6-9cd6-c3632dbd94ae/call-summarize_coverage/execution/coverage.gff"
}
2022-04-14 16:56:21,439 INFO  - $f [UUID(581e40d8)]: Copying workflow logs from /pub33/pbio10/smrtlink/userdata/jobs_root.default/cromwell-workflow-logs/workflow.581e40d8-7bb5-4c29-be1d-e4054a8a8b53.log to /pub33/pbio10/smrtlink/userdata/jobs_root/0000/0000001/0000001018/logs/workflow.581e40d8-7bb5-4c29-be1d-e4054a8a8b53.log
