2022-04-14 10:01:47,330 INFO  - MaterializeWorkflowDescriptorActor [UUID(5c4cfdaa)]: Parsing workflow as WDL 1.0
2022-04-14 10:01:47,884 INFO  - MaterializeWorkflowDescriptorActor [UUID(5c4cfdaa)]: Call-to-Backend assignments: wf_basemods.gather_bigwig -> Local, coverage_reports.gc_coverage_plot -> Local, coverage_reports.summarize_coverage -> Local, mapping.gather_alignments -> Local, mapping.cleanup_chunked_dataset_files -> Local, pb_basemods.auto_consolidate_alignments -> Local, coverage_reports.target_coverage -> Local, wf_basemods.split_alignments -> Local, get_input_sizes.get_ref_size -> Local, mapping.split_reads -> Local, pb_basemods.cleanup_chunked_dataset_files -> Local, coverage_reports.plot_target_coverage -> Local, wf_basemods.find_motifs -> Local, coverage_reports.target_coverage -> Local, coverage_reports.gc_coverage_plot -> Local, wf_basemods.gather_basemods_csv -> Local, wf_basemods.ipdsummary -> Local, mapping.mapping_stats -> Local, wf_basemods.gather_basemods_gff -> Local, coverage_reports.summarize_coverage -> Local, pb_basemods.dataset_filter -> Local, coverage_reports.pbreports_coverage -> Local, mapping.pbmm2_align -> Local, coverage_reports.pbreports_coverage -> Local, mapping.auto_consolidate_alignments -> Local, wf_basemods.modifications_report -> Local, coverage_reports.plot_target_coverage -> Local, wf_basemods.motifs_report -> Local, get_input_sizes.get_bam_size -> Local, wf_basemods.reprocess_motifs -> Local, pb_basemods.update_subreads -> Local, pb_basemods.update_reference -> Local
2022-04-14 10:01:47,890 WARN  - Local [UUID(5c4cfdaa)]: Key/s [cpu, memory] is/are not supported by backend. Unsupported attributes will not be part of job executions.
2022-04-14 10:01:47,890 WARN  - Local [UUID(5c4cfdaa)]: Key/s [cpu, memory] is/are not supported by backend. Unsupported attributes will not be part of job executions.
2022-04-14 10:01:47,890 WARN  - Local [UUID(5c4cfdaa)]: Key/s [cpu, memory] is/are not supported by backend. Unsupported attributes will not be part of job executions.
2022-04-14 10:01:47,890 WARN  - Local [UUID(5c4cfdaa)]: Key/s [cpu, memory] is/are not supported by backend. Unsupported attributes will not be part of job executions.
2022-04-14 10:01:47,890 WARN  - Local [UUID(5c4cfdaa)]: Key/s [cpu, memory] is/are not supported by backend. Unsupported attributes will not be part of job executions.
2022-04-14 10:01:47,890 WARN  - Local [UUID(5c4cfdaa)]: Key/s [cpu, memory] is/are not supported by backend. Unsupported attributes will not be part of job executions.
2022-04-14 10:01:47,890 WARN  - Local [UUID(5c4cfdaa)]: Key/s [cpu, memory] is/are not supported by backend. Unsupported attributes will not be part of job executions.
2022-04-14 10:01:47,890 WARN  - Local [UUID(5c4cfdaa)]: Key/s [cpu, memory] is/are not supported by backend. Unsupported attributes will not be part of job executions.
2022-04-14 10:01:47,890 WARN  - Local [UUID(5c4cfdaa)]: Key/s [cpu, memory] is/are not supported by backend. Unsupported attributes will not be part of job executions.
2022-04-14 10:01:47,890 WARN  - Local [UUID(5c4cfdaa)]: Key/s [cpu, memory] is/are not supported by backend. Unsupported attributes will not be part of job executions.
2022-04-14 10:01:47,890 WARN  - Local [UUID(5c4cfdaa)]: Key/s [cpu, memory] is/are not supported by backend. Unsupported attributes will not be part of job executions.
2022-04-14 10:01:47,890 WARN  - Local [UUID(5c4cfdaa)]: Key/s [cpu, memory] is/are not supported by backend. Unsupported attributes will not be part of job executions.
2022-04-14 10:01:47,891 WARN  - Local [UUID(5c4cfdaa)]: Key/s [cpu, memory] is/are not supported by backend. Unsupported attributes will not be part of job executions.
2022-04-14 10:01:47,891 WARN  - Local [UUID(5c4cfdaa)]: Key/s [cpu, memory] is/are not supported by backend. Unsupported attributes will not be part of job executions.
2022-04-14 10:01:47,891 WARN  - Local [UUID(5c4cfdaa)]: Key/s [cpu, memory] is/are not supported by backend. Unsupported attributes will not be part of job executions.
2022-04-14 10:01:47,891 WARN  - Local [UUID(5c4cfdaa)]: Key/s [cpu, memory] is/are not supported by backend. Unsupported attributes will not be part of job executions.
2022-04-14 10:01:47,891 WARN  - Local [UUID(5c4cfdaa)]: Key/s [cpu, memory] is/are not supported by backend. Unsupported attributes will not be part of job executions.
2022-04-14 10:01:47,891 WARN  - Local [UUID(5c4cfdaa)]: Key/s [cpu, memory] is/are not supported by backend. Unsupported attributes will not be part of job executions.
2022-04-14 10:01:47,891 WARN  - Local [UUID(5c4cfdaa)]: Key/s [cpu, memory] is/are not supported by backend. Unsupported attributes will not be part of job executions.
2022-04-14 10:01:47,891 WARN  - Local [UUID(5c4cfdaa)]: Key/s [cpu, memory] is/are not supported by backend. Unsupported attributes will not be part of job executions.
2022-04-14 10:01:47,891 WARN  - Local [UUID(5c4cfdaa)]: Key/s [cpu, memory] is/are not supported by backend. Unsupported attributes will not be part of job executions.
2022-04-14 10:01:47,891 WARN  - Local [UUID(5c4cfdaa)]: Key/s [cpu, memory] is/are not supported by backend. Unsupported attributes will not be part of job executions.
2022-04-14 10:01:47,891 WARN  - Local [UUID(5c4cfdaa)]: Key/s [cpu, memory] is/are not supported by backend. Unsupported attributes will not be part of job executions.
2022-04-14 10:01:47,891 WARN  - Local [UUID(5c4cfdaa)]: Key/s [cpu, memory] is/are not supported by backend. Unsupported attributes will not be part of job executions.
2022-04-14 10:01:47,891 WARN  - Local [UUID(5c4cfdaa)]: Key/s [cpu, memory] is/are not supported by backend. Unsupported attributes will not be part of job executions.
2022-04-14 10:01:47,891 WARN  - Local [UUID(5c4cfdaa)]: Key/s [cpu, memory] is/are not supported by backend. Unsupported attributes will not be part of job executions.
2022-04-14 10:01:47,891 WARN  - Local [UUID(5c4cfdaa)]: Key/s [cpu, memory] is/are not supported by backend. Unsupported attributes will not be part of job executions.
2022-04-14 10:01:47,891 WARN  - Local [UUID(5c4cfdaa)]: Key/s [cpu, memory] is/are not supported by backend. Unsupported attributes will not be part of job executions.
2022-04-14 10:01:47,891 WARN  - Local [UUID(5c4cfdaa)]: Key/s [cpu, memory] is/are not supported by backend. Unsupported attributes will not be part of job executions.
2022-04-14 10:01:47,891 WARN  - Local [UUID(5c4cfdaa)]: Key/s [cpu, memory] is/are not supported by backend. Unsupported attributes will not be part of job executions.
2022-04-14 10:01:47,891 WARN  - Local [UUID(5c4cfdaa)]: Key/s [backend, memory] is/are not supported by backend. Unsupported attributes will not be part of job executions.
2022-04-14 10:01:47,891 WARN  - Local [UUID(5c4cfdaa)]: Key/s [backend, memory] is/are not supported by backend. Unsupported attributes will not be part of job executions.
2022-04-14 10:01:49,924 INFO  - WorkflowExecutionActor-5c4cfdaa-3f43-4132-8dc3-0489a621ae23 [UUID(5c4cfdaa)]: Starting pb_basemods.update_reference, pb_basemods.update_subreads
2022-04-14 10:10:29,429 WARN  - BackgroundConfigAsyncJobExecutionActor [UUID(5c4cfdaa)pb_basemods.update_subreads:NA:1]: Unrecognized runtime attribute keys: backend, memory
2022-04-14 10:10:29,433 INFO  - BackgroundConfigAsyncJobExecutionActor [UUID(5c4cfdaa)pb_basemods.update_subreads:NA:1]: `touch .NOARCHIVE
set -vex
dataset \
  --skipCounts \
  --log-level INFO \
  absolutize \
  /pub33/pbio10/smrtlink/userdata/jobs_root.default/cromwell-executions/pb_basemods/5c4cfdaa-3f43-4132-8dc3-0489a621ae23/call-update_subreads/inputs/-839383697/demultiplex.bc2021--bc2021.subreadset.xml \
  --outdir .`
2022-04-14 10:10:29,436 INFO  - BackgroundConfigAsyncJobExecutionActor [UUID(5c4cfdaa)pb_basemods.update_subreads:NA:1]: executing: /bin/bash /pub33/pbio10/smrtlink/userdata/jobs_root.default/cromwell-executions/pb_basemods/5c4cfdaa-3f43-4132-8dc3-0489a621ae23/call-update_subreads/execution/script
2022-04-14 10:10:31,377 INFO  - BackgroundConfigAsyncJobExecutionActor [UUID(5c4cfdaa)pb_basemods.update_subreads:NA:1]: job id: 1963211
2022-04-14 10:10:31,377 INFO  - BackgroundConfigAsyncJobExecutionActor [UUID(5c4cfdaa)pb_basemods.update_subreads:NA:1]: Status change from - to Done
2022-04-14 10:10:36,914 INFO  - WorkflowExecutionActor-5c4cfdaa-3f43-4132-8dc3-0489a621ae23 [UUID(5c4cfdaa)]: Starting pb_basemods.dataset_filter
2022-04-14 10:12:35,425 WARN  - BackgroundConfigAsyncJobExecutionActor [UUID(5c4cfdaa)pb_basemods.update_reference:NA:1]: Unrecognized runtime attribute keys: backend, memory
2022-04-14 10:12:35,430 INFO  - BackgroundConfigAsyncJobExecutionActor [UUID(5c4cfdaa)pb_basemods.update_reference:NA:1]: `touch .NOARCHIVE
set -vex
dataset \
  --skipCounts \
  --log-level INFO \
  absolutize \
  /pub33/pbio10/smrtlink/userdata/jobs_root.default/cromwell-executions/pb_basemods/5c4cfdaa-3f43-4132-8dc3-0489a621ae23/call-update_reference/inputs/-1895845120/smrtlink_reference.referenceset.xml \
  --outdir .`
2022-04-14 10:12:35,431 INFO  - BackgroundConfigAsyncJobExecutionActor [UUID(5c4cfdaa)pb_basemods.update_reference:NA:1]: executing: /bin/bash /pub33/pbio10/smrtlink/userdata/jobs_root.default/cromwell-executions/pb_basemods/5c4cfdaa-3f43-4132-8dc3-0489a621ae23/call-update_reference/execution/script
2022-04-14 10:12:36,376 INFO  - BackgroundConfigAsyncJobExecutionActor [UUID(5c4cfdaa)pb_basemods.update_reference:NA:1]: job id: 1963976
2022-04-14 10:12:36,377 INFO  - BackgroundConfigAsyncJobExecutionActor [UUID(5c4cfdaa)pb_basemods.update_reference:NA:1]: Status change from - to Done
2022-04-14 10:12:59,426 WARN  - BackgroundConfigAsyncJobExecutionActor [UUID(5c4cfdaa)pb_basemods.dataset_filter:NA:1]: Unrecognized runtime attribute keys: cpu, memory
2022-04-14 10:12:59,430 INFO  - BackgroundConfigAsyncJobExecutionActor [UUID(5c4cfdaa)pb_basemods.dataset_filter:NA:1]: `touch .NOARCHIVE
set -vex
python3 \
  -m pbcoretools.tasks.dataset_filter \
  --log-level INFO \
  /pub33/pbio10/smrtlink/userdata/jobs_root.default/cromwell-executions/pb_basemods/5c4cfdaa-3f43-4132-8dc3-0489a621ae23/call-dataset_filter/inputs/1037976682/demultiplex.bc2021--bc2021.subreadset.xml \
  filtered.subreadset.xml \
  '' \
   \
   \
   \
  --downsample 0`
2022-04-14 10:12:59,431 INFO  - BackgroundConfigAsyncJobExecutionActor [UUID(5c4cfdaa)pb_basemods.dataset_filter:NA:1]: executing: /bin/bash /pub33/pbio10/smrtlink/userdata/jobs_root.default/cromwell-executions/pb_basemods/5c4cfdaa-3f43-4132-8dc3-0489a621ae23/call-dataset_filter/execution/script
2022-04-14 10:13:01,377 INFO  - BackgroundConfigAsyncJobExecutionActor [UUID(5c4cfdaa)pb_basemods.dataset_filter:NA:1]: job id: 1964382
2022-04-14 10:13:01,377 INFO  - BackgroundConfigAsyncJobExecutionActor [UUID(5c4cfdaa)pb_basemods.dataset_filter:NA:1]: Status change from - to Done
2022-04-14 10:13:10,934 INFO  - a955d1b6-a841-424a-90d3-c80bfc5a8f73-SubWorkflowActor-SubWorkflow-get_input_sizes:-1:1 [UUID(a955d1b6)]: Starting get_input_sizes.get_bam_size
2022-04-14 10:13:12,974 INFO  - a955d1b6-a841-424a-90d3-c80bfc5a8f73-SubWorkflowActor-SubWorkflow-get_input_sizes:-1:1 [UUID(a955d1b6)]: Starting get_input_sizes.get_ref_size
2022-04-14 10:13:38,428 WARN  - BackgroundConfigAsyncJobExecutionActor [UUID(a955d1b6)get_input_sizes.get_bam_size:NA:1]: Unrecognized runtime attribute keys: cpu, memory
2022-04-14 10:13:38,437 INFO  - BackgroundConfigAsyncJobExecutionActor [UUID(a955d1b6)get_input_sizes.get_bam_size:NA:1]: `python3 -m pbcoretools.tasks.memory.get_dataset_size \
  /pub33/pbio10/smrtlink/userdata/jobs_root.default/cromwell-executions/pb_basemods/5c4cfdaa-3f43-4132-8dc3-0489a621ae23/call-mapping/mapping/edb61810-cb50-4672-83a9-52dd27ea5c45/call-get_input_sizes/get_input_sizes/a955d1b6-a841-424a-90d3-c80bfc5a8f73/call-get_bam_size/inputs/-900960742/filtered.subreadset.xml \
  --skip-counts \
  --get-index-size`
2022-04-14 10:13:38,439 INFO  - BackgroundConfigAsyncJobExecutionActor [UUID(a955d1b6)get_input_sizes.get_bam_size:NA:1]: executing: /bin/bash /pub33/pbio10/smrtlink/userdata/jobs_root.default/cromwell-executions/pb_basemods/5c4cfdaa-3f43-4132-8dc3-0489a621ae23/call-mapping/mapping/edb61810-cb50-4672-83a9-52dd27ea5c45/call-get_input_sizes/get_input_sizes/a955d1b6-a841-424a-90d3-c80bfc5a8f73/call-get_bam_size/execution/script
2022-04-14 10:13:41,377 INFO  - BackgroundConfigAsyncJobExecutionActor [UUID(a955d1b6)get_input_sizes.get_bam_size:NA:1]: job id: 1964951
2022-04-14 10:13:41,377 INFO  - BackgroundConfigAsyncJobExecutionActor [UUID(a955d1b6)get_input_sizes.get_bam_size:NA:1]: Status change from - to Done
2022-04-14 10:14:08,428 WARN  - BackgroundConfigAsyncJobExecutionActor [UUID(a955d1b6)get_input_sizes.get_ref_size:NA:1]: Unrecognized runtime attribute keys: cpu, memory
2022-04-14 10:14:08,436 INFO  - BackgroundConfigAsyncJobExecutionActor [UUID(a955d1b6)get_input_sizes.get_ref_size:NA:1]: `python3 -m pbcoretools.tasks.memory.get_dataset_size \
  /pub33/pbio10/smrtlink/userdata/jobs_root.default/cromwell-executions/pb_basemods/5c4cfdaa-3f43-4132-8dc3-0489a621ae23/call-mapping/mapping/edb61810-cb50-4672-83a9-52dd27ea5c45/call-get_input_sizes/get_input_sizes/a955d1b6-a841-424a-90d3-c80bfc5a8f73/call-get_ref_size/inputs/59415632/smrtlink_reference.referenceset.xml \
  --no-skip-counts \`
2022-04-14 10:14:08,438 INFO  - BackgroundConfigAsyncJobExecutionActor [UUID(a955d1b6)get_input_sizes.get_ref_size:NA:1]: executing: /bin/bash /pub33/pbio10/smrtlink/userdata/jobs_root.default/cromwell-executions/pb_basemods/5c4cfdaa-3f43-4132-8dc3-0489a621ae23/call-mapping/mapping/edb61810-cb50-4672-83a9-52dd27ea5c45/call-get_input_sizes/get_input_sizes/a955d1b6-a841-424a-90d3-c80bfc5a8f73/call-get_ref_size/execution/script
2022-04-14 10:14:11,388 INFO  - BackgroundConfigAsyncJobExecutionActor [UUID(a955d1b6)get_input_sizes.get_ref_size:NA:1]: job id: 1965359
2022-04-14 10:14:11,388 INFO  - BackgroundConfigAsyncJobExecutionActor [UUID(a955d1b6)get_input_sizes.get_ref_size:NA:1]: Status change from - to Done
2022-04-14 10:14:18,264 INFO  - a955d1b6-a841-424a-90d3-c80bfc5a8f73-SubWorkflowActor-SubWorkflow-get_input_sizes:-1:1 [UUID(a955d1b6)]: Workflow get_input_sizes complete. Final Outputs:
{
  "get_input_sizes.bam_filters": 1,
  "get_input_sizes.index_memory_gb": 2,
  "get_input_sizes.bam_size": 7882657,
  "get_input_sizes.bam_files": 1,
  "get_input_sizes.bam_length_mb": 24446,
  "get_input_sizes.genome_length_mb": 1,
  "get_input_sizes.num_contigs": 1
}
2022-04-14 10:14:20,303 INFO  - edb61810-cb50-4672-83a9-52dd27ea5c45-SubWorkflowActor-SubWorkflow-mapping:-1:1 [UUID(edb61810)]: Starting mapping.split_reads
2022-04-14 10:14:35,429 WARN  - BackgroundConfigAsyncJobExecutionActor [UUID(edb61810)mapping.split_reads:NA:1]: Unrecognized runtime attribute keys: cpu, memory
2022-04-14 10:14:35,434 INFO  - BackgroundConfigAsyncJobExecutionActor [UUID(edb61810)mapping.split_reads:NA:1]: `touch .NOARCHIVE
dataset \
  --log-level INFO \
  split --zmws --simple-chunk-ids  \
  --maxChunks 8 \
  --targetSize 20000 \
  --outdir . \
  /pub33/pbio10/smrtlink/userdata/jobs_root.default/cromwell-executions/pb_basemods/5c4cfdaa-3f43-4132-8dc3-0489a621ae23/call-mapping/mapping/edb61810-cb50-4672-83a9-52dd27ea5c45/call-split_reads/inputs/-900960742/filtered.subreadset.xml`
2022-04-14 10:14:35,444 INFO  - BackgroundConfigAsyncJobExecutionActor [UUID(edb61810)mapping.split_reads:NA:1]: executing: /bin/bash /pub33/pbio10/smrtlink/userdata/jobs_root.default/cromwell-executions/pb_basemods/5c4cfdaa-3f43-4132-8dc3-0489a621ae23/call-mapping/mapping/edb61810-cb50-4672-83a9-52dd27ea5c45/call-split_reads/execution/script
2022-04-14 10:14:36,389 INFO  - BackgroundConfigAsyncJobExecutionActor [UUID(edb61810)mapping.split_reads:NA:1]: job id: 1965984
2022-04-14 10:14:36,392 INFO  - BackgroundConfigAsyncJobExecutionActor [UUID(edb61810)mapping.split_reads:NA:1]: Status change from - to WaitingForReturnCode
2022-04-14 10:15:21,963 INFO  - BackgroundConfigAsyncJobExecutionActor [UUID(edb61810)mapping.split_reads:NA:1]: Status change from WaitingForReturnCode to Done
2022-04-14 10:15:26,605 INFO  - edb61810-cb50-4672-83a9-52dd27ea5c45-SubWorkflowActor-SubWorkflow-mapping:-1:1 [UUID(edb61810)]: Starting mapping.pbmm2_align (8 shards)
2022-04-14 10:17:20,427 WARN  - BackgroundConfigAsyncJobExecutionActor [UUID(edb61810)mapping.pbmm2_align:3:1]: Unrecognized runtime attribute keys: cpu, memory
2022-04-14 10:17:20,434 INFO  - BackgroundConfigAsyncJobExecutionActor [UUID(edb61810)mapping.pbmm2_align:3:1]: `set -vex
TMPDIR=/pub33/pbio10/smrtlink/userdata/tmp_dir \
pbmm2 \
  align \
  /pub33/pbio10/smrtlink/userdata/jobs_root.default/cromwell-executions/pb_basemods/5c4cfdaa-3f43-4132-8dc3-0489a621ae23/call-mapping/mapping/edb61810-cb50-4672-83a9-52dd27ea5c45/call-pbmm2_align/shard-3/inputs/59415632/smrtlink_reference.referenceset.xml \
  /pub33/pbio10/smrtlink/userdata/jobs_root.default/cromwell-executions/pb_basemods/5c4cfdaa-3f43-4132-8dc3-0489a621ae23/call-mapping/mapping/edb61810-cb50-4672-83a9-52dd27ea5c45/call-pbmm2_align/shard-3/inputs/368840412/filtered.chunk3.subreadset.xml \
  mapped.alignmentset.xml \
  --sort \
  --min-gap-comp-id-perc 70.0 \
  --min-length 50 \
  --sample "" \
   \
   \
   \
   \
   \
   \
   \
  -j 15 \
  --log-level INFO \
  --log-file pbmm2.log \
  --alarms alarms.json && \
ls mapped.alignmentset.xml || ( \
cp mapped.json mapped.datastore.json && \
python3 \
  -m pbcoretools.tasks.dataset_to_datastore \
  mapped.datastore.json \
  mapped.alignmentset.xml
)`
2022-04-14 10:17:20,436 INFO  - BackgroundConfigAsyncJobExecutionActor [UUID(edb61810)mapping.pbmm2_align:3:1]: executing: /bin/bash /pub33/pbio10/smrtlink/userdata/jobs_root.default/cromwell-executions/pb_basemods/5c4cfdaa-3f43-4132-8dc3-0489a621ae23/call-mapping/mapping/edb61810-cb50-4672-83a9-52dd27ea5c45/call-pbmm2_align/shard-3/execution/script
2022-04-14 10:17:21,377 INFO  - BackgroundConfigAsyncJobExecutionActor [UUID(edb61810)mapping.pbmm2_align:3:1]: job id: 1966637
2022-04-14 10:17:21,378 INFO  - BackgroundConfigAsyncJobExecutionActor [UUID(edb61810)mapping.pbmm2_align:3:1]: Status change from - to WaitingForReturnCode
2022-04-14 10:21:34,713 INFO  - BackgroundConfigAsyncJobExecutionActor [UUID(edb61810)mapping.pbmm2_align:3:1]: Status change from WaitingForReturnCode to Done
2022-04-14 10:22:20,426 WARN  - BackgroundConfigAsyncJobExecutionActor [UUID(edb61810)mapping.pbmm2_align:5:1]: Unrecognized runtime attribute keys: cpu, memory
2022-04-14 10:22:20,433 INFO  - BackgroundConfigAsyncJobExecutionActor [UUID(edb61810)mapping.pbmm2_align:5:1]: `set -vex
TMPDIR=/pub33/pbio10/smrtlink/userdata/tmp_dir \
pbmm2 \
  align \
  /pub33/pbio10/smrtlink/userdata/jobs_root.default/cromwell-executions/pb_basemods/5c4cfdaa-3f43-4132-8dc3-0489a621ae23/call-mapping/mapping/edb61810-cb50-4672-83a9-52dd27ea5c45/call-pbmm2_align/shard-5/inputs/59415632/smrtlink_reference.referenceset.xml \
  /pub33/pbio10/smrtlink/userdata/jobs_root.default/cromwell-executions/pb_basemods/5c4cfdaa-3f43-4132-8dc3-0489a621ae23/call-mapping/mapping/edb61810-cb50-4672-83a9-52dd27ea5c45/call-pbmm2_align/shard-5/inputs/368840412/filtered.chunk5.subreadset.xml \
  mapped.alignmentset.xml \
  --sort \
  --min-gap-comp-id-perc 70.0 \
  --min-length 50 \
  --sample "" \
   \
   \
   \
   \
   \
   \
   \
  -j 15 \
  --log-level INFO \
  --log-file pbmm2.log \
  --alarms alarms.json && \
ls mapped.alignmentset.xml || ( \
cp mapped.json mapped.datastore.json && \
python3 \
  -m pbcoretools.tasks.dataset_to_datastore \
  mapped.datastore.json \
  mapped.alignmentset.xml
)`
2022-04-14 10:22:20,435 INFO  - BackgroundConfigAsyncJobExecutionActor [UUID(edb61810)mapping.pbmm2_align:5:1]: executing: /bin/bash /pub33/pbio10/smrtlink/userdata/jobs_root.default/cromwell-executions/pb_basemods/5c4cfdaa-3f43-4132-8dc3-0489a621ae23/call-mapping/mapping/edb61810-cb50-4672-83a9-52dd27ea5c45/call-pbmm2_align/shard-5/execution/script
2022-04-14 10:22:21,366 INFO  - BackgroundConfigAsyncJobExecutionActor [UUID(edb61810)mapping.pbmm2_align:5:1]: job id: 1967388
2022-04-14 10:22:21,367 INFO  - BackgroundConfigAsyncJobExecutionActor [UUID(edb61810)mapping.pbmm2_align:5:1]: Status change from - to WaitingForReturnCode
2022-04-14 10:26:18,383 INFO  - BackgroundConfigAsyncJobExecutionActor [UUID(edb61810)mapping.pbmm2_align:5:1]: Status change from WaitingForReturnCode to Done
2022-04-14 10:27:47,426 WARN  - BackgroundConfigAsyncJobExecutionActor [UUID(edb61810)mapping.pbmm2_align:0:1]: Unrecognized runtime attribute keys: cpu, memory
2022-04-14 10:27:47,440 INFO  - BackgroundConfigAsyncJobExecutionActor [UUID(edb61810)mapping.pbmm2_align:0:1]: `set -vex
TMPDIR=/pub33/pbio10/smrtlink/userdata/tmp_dir \
pbmm2 \
  align \
  /pub33/pbio10/smrtlink/userdata/jobs_root.default/cromwell-executions/pb_basemods/5c4cfdaa-3f43-4132-8dc3-0489a621ae23/call-mapping/mapping/edb61810-cb50-4672-83a9-52dd27ea5c45/call-pbmm2_align/shard-0/inputs/59415632/smrtlink_reference.referenceset.xml \
  /pub33/pbio10/smrtlink/userdata/jobs_root.default/cromwell-executions/pb_basemods/5c4cfdaa-3f43-4132-8dc3-0489a621ae23/call-mapping/mapping/edb61810-cb50-4672-83a9-52dd27ea5c45/call-pbmm2_align/shard-0/inputs/368840412/filtered.chunk0.subreadset.xml \
  mapped.alignmentset.xml \
  --sort \
  --min-gap-comp-id-perc 70.0 \
  --min-length 50 \
  --sample "" \
   \
   \
   \
   \
   \
   \
   \
  -j 15 \
  --log-level INFO \
  --log-file pbmm2.log \
  --alarms alarms.json && \
ls mapped.alignmentset.xml || ( \
cp mapped.json mapped.datastore.json && \
python3 \
  -m pbcoretools.tasks.dataset_to_datastore \
  mapped.datastore.json \
  mapped.alignmentset.xml
)`
2022-04-14 10:27:47,442 INFO  - BackgroundConfigAsyncJobExecutionActor [UUID(edb61810)mapping.pbmm2_align:0:1]: executing: /bin/bash /pub33/pbio10/smrtlink/userdata/jobs_root.default/cromwell-executions/pb_basemods/5c4cfdaa-3f43-4132-8dc3-0489a621ae23/call-mapping/mapping/edb61810-cb50-4672-83a9-52dd27ea5c45/call-pbmm2_align/shard-0/execution/script
2022-04-14 10:27:51,381 INFO  - BackgroundConfigAsyncJobExecutionActor [UUID(edb61810)mapping.pbmm2_align:0:1]: job id: 1968549
2022-04-14 10:27:51,382 INFO  - BackgroundConfigAsyncJobExecutionActor [UUID(edb61810)mapping.pbmm2_align:0:1]: Status change from - to WaitingForReturnCode
2022-04-14 10:32:19,494 INFO  - BackgroundConfigAsyncJobExecutionActor [UUID(edb61810)mapping.pbmm2_align:0:1]: Status change from WaitingForReturnCode to Done
2022-04-14 10:33:47,429 WARN  - BackgroundConfigAsyncJobExecutionActor [UUID(edb61810)mapping.pbmm2_align:4:1]: Unrecognized runtime attribute keys: cpu, memory
2022-04-14 10:33:47,436 INFO  - BackgroundConfigAsyncJobExecutionActor [UUID(edb61810)mapping.pbmm2_align:4:1]: `set -vex
TMPDIR=/pub33/pbio10/smrtlink/userdata/tmp_dir \
pbmm2 \
  align \
  /pub33/pbio10/smrtlink/userdata/jobs_root.default/cromwell-executions/pb_basemods/5c4cfdaa-3f43-4132-8dc3-0489a621ae23/call-mapping/mapping/edb61810-cb50-4672-83a9-52dd27ea5c45/call-pbmm2_align/shard-4/inputs/59415632/smrtlink_reference.referenceset.xml \
  /pub33/pbio10/smrtlink/userdata/jobs_root.default/cromwell-executions/pb_basemods/5c4cfdaa-3f43-4132-8dc3-0489a621ae23/call-mapping/mapping/edb61810-cb50-4672-83a9-52dd27ea5c45/call-pbmm2_align/shard-4/inputs/368840412/filtered.chunk4.subreadset.xml \
  mapped.alignmentset.xml \
  --sort \
  --min-gap-comp-id-perc 70.0 \
  --min-length 50 \
  --sample "" \
   \
   \
   \
   \
   \
   \
   \
  -j 15 \
  --log-level INFO \
  --log-file pbmm2.log \
  --alarms alarms.json && \
ls mapped.alignmentset.xml || ( \
cp mapped.json mapped.datastore.json && \
python3 \
  -m pbcoretools.tasks.dataset_to_datastore \
  mapped.datastore.json \
  mapped.alignmentset.xml
)`
2022-04-14 10:33:47,438 INFO  - BackgroundConfigAsyncJobExecutionActor [UUID(edb61810)mapping.pbmm2_align:4:1]: executing: /bin/bash /pub33/pbio10/smrtlink/userdata/jobs_root.default/cromwell-executions/pb_basemods/5c4cfdaa-3f43-4132-8dc3-0489a621ae23/call-mapping/mapping/edb61810-cb50-4672-83a9-52dd27ea5c45/call-pbmm2_align/shard-4/execution/script
2022-04-14 10:33:51,457 INFO  - BackgroundConfigAsyncJobExecutionActor [UUID(edb61810)mapping.pbmm2_align:4:1]: job id: 1970009
2022-04-14 10:33:51,458 INFO  - BackgroundConfigAsyncJobExecutionActor [UUID(edb61810)mapping.pbmm2_align:4:1]: Status change from - to WaitingForReturnCode
2022-04-14 10:38:04,124 INFO  - BackgroundConfigAsyncJobExecutionActor [UUID(edb61810)mapping.pbmm2_align:4:1]: Status change from WaitingForReturnCode to Done
2022-04-14 10:39:05,427 WARN  - BackgroundConfigAsyncJobExecutionActor [UUID(edb61810)mapping.pbmm2_align:2:1]: Unrecognized runtime attribute keys: cpu, memory
2022-04-14 10:39:05,455 INFO  - BackgroundConfigAsyncJobExecutionActor [UUID(edb61810)mapping.pbmm2_align:2:1]: `set -vex
TMPDIR=/pub33/pbio10/smrtlink/userdata/tmp_dir \
pbmm2 \
  align \
  /pub33/pbio10/smrtlink/userdata/jobs_root.default/cromwell-executions/pb_basemods/5c4cfdaa-3f43-4132-8dc3-0489a621ae23/call-mapping/mapping/edb61810-cb50-4672-83a9-52dd27ea5c45/call-pbmm2_align/shard-2/inputs/59415632/smrtlink_reference.referenceset.xml \
  /pub33/pbio10/smrtlink/userdata/jobs_root.default/cromwell-executions/pb_basemods/5c4cfdaa-3f43-4132-8dc3-0489a621ae23/call-mapping/mapping/edb61810-cb50-4672-83a9-52dd27ea5c45/call-pbmm2_align/shard-2/inputs/368840412/filtered.chunk2.subreadset.xml \
  mapped.alignmentset.xml \
  --sort \
  --min-gap-comp-id-perc 70.0 \
  --min-length 50 \
  --sample "" \
   \
   \
   \
   \
   \
   \
   \
  -j 15 \
  --log-level INFO \
  --log-file pbmm2.log \
  --alarms alarms.json && \
ls mapped.alignmentset.xml || ( \
cp mapped.json mapped.datastore.json && \
python3 \
  -m pbcoretools.tasks.dataset_to_datastore \
  mapped.datastore.json \
  mapped.alignmentset.xml
)`
2022-04-14 10:39:05,458 INFO  - BackgroundConfigAsyncJobExecutionActor [UUID(edb61810)mapping.pbmm2_align:2:1]: executing: /bin/bash /pub33/pbio10/smrtlink/userdata/jobs_root.default/cromwell-executions/pb_basemods/5c4cfdaa-3f43-4132-8dc3-0489a621ae23/call-mapping/mapping/edb61810-cb50-4672-83a9-52dd27ea5c45/call-pbmm2_align/shard-2/execution/script
2022-04-14 10:39:06,389 INFO  - BackgroundConfigAsyncJobExecutionActor [UUID(edb61810)mapping.pbmm2_align:2:1]: job id: 1971401
2022-04-14 10:39:06,409 INFO  - BackgroundConfigAsyncJobExecutionActor [UUID(edb61810)mapping.pbmm2_align:2:1]: Status change from - to WaitingForReturnCode
2022-04-14 10:43:29,846 INFO  - BackgroundConfigAsyncJobExecutionActor [UUID(edb61810)mapping.pbmm2_align:2:1]: Status change from WaitingForReturnCode to Done
2022-04-14 10:44:47,427 WARN  - BackgroundConfigAsyncJobExecutionActor [UUID(edb61810)mapping.pbmm2_align:1:1]: Unrecognized runtime attribute keys: cpu, memory
2022-04-14 10:44:47,441 INFO  - BackgroundConfigAsyncJobExecutionActor [UUID(edb61810)mapping.pbmm2_align:1:1]: `set -vex
TMPDIR=/pub33/pbio10/smrtlink/userdata/tmp_dir \
pbmm2 \
  align \
  /pub33/pbio10/smrtlink/userdata/jobs_root.default/cromwell-executions/pb_basemods/5c4cfdaa-3f43-4132-8dc3-0489a621ae23/call-mapping/mapping/edb61810-cb50-4672-83a9-52dd27ea5c45/call-pbmm2_align/shard-1/inputs/59415632/smrtlink_reference.referenceset.xml \
  /pub33/pbio10/smrtlink/userdata/jobs_root.default/cromwell-executions/pb_basemods/5c4cfdaa-3f43-4132-8dc3-0489a621ae23/call-mapping/mapping/edb61810-cb50-4672-83a9-52dd27ea5c45/call-pbmm2_align/shard-1/inputs/368840412/filtered.chunk1.subreadset.xml \
  mapped.alignmentset.xml \
  --sort \
  --min-gap-comp-id-perc 70.0 \
  --min-length 50 \
  --sample "" \
   \
   \
   \
   \
   \
   \
   \
  -j 15 \
  --log-level INFO \
  --log-file pbmm2.log \
  --alarms alarms.json && \
ls mapped.alignmentset.xml || ( \
cp mapped.json mapped.datastore.json && \
python3 \
  -m pbcoretools.tasks.dataset_to_datastore \
  mapped.datastore.json \
  mapped.alignmentset.xml
)`
2022-04-14 10:44:47,458 INFO  - BackgroundConfigAsyncJobExecutionActor [UUID(edb61810)mapping.pbmm2_align:1:1]: executing: /bin/bash /pub33/pbio10/smrtlink/userdata/jobs_root.default/cromwell-executions/pb_basemods/5c4cfdaa-3f43-4132-8dc3-0489a621ae23/call-mapping/mapping/edb61810-cb50-4672-83a9-52dd27ea5c45/call-pbmm2_align/shard-1/execution/script
2022-04-14 10:44:51,388 INFO  - BackgroundConfigAsyncJobExecutionActor [UUID(edb61810)mapping.pbmm2_align:1:1]: job id: 1972642
2022-04-14 10:44:51,390 INFO  - BackgroundConfigAsyncJobExecutionActor [UUID(edb61810)mapping.pbmm2_align:1:1]: Status change from - to WaitingForReturnCode
2022-04-14 10:49:09,084 INFO  - BackgroundConfigAsyncJobExecutionActor [UUID(edb61810)mapping.pbmm2_align:1:1]: Status change from WaitingForReturnCode to Done
2022-04-14 10:50:59,428 WARN  - BackgroundConfigAsyncJobExecutionActor [UUID(edb61810)mapping.pbmm2_align:7:1]: Unrecognized runtime attribute keys: cpu, memory
2022-04-14 10:50:59,463 INFO  - BackgroundConfigAsyncJobExecutionActor [UUID(edb61810)mapping.pbmm2_align:7:1]: `set -vex
TMPDIR=/pub33/pbio10/smrtlink/userdata/tmp_dir \
pbmm2 \
  align \
  /pub33/pbio10/smrtlink/userdata/jobs_root.default/cromwell-executions/pb_basemods/5c4cfdaa-3f43-4132-8dc3-0489a621ae23/call-mapping/mapping/edb61810-cb50-4672-83a9-52dd27ea5c45/call-pbmm2_align/shard-7/inputs/59415632/smrtlink_reference.referenceset.xml \
  /pub33/pbio10/smrtlink/userdata/jobs_root.default/cromwell-executions/pb_basemods/5c4cfdaa-3f43-4132-8dc3-0489a621ae23/call-mapping/mapping/edb61810-cb50-4672-83a9-52dd27ea5c45/call-pbmm2_align/shard-7/inputs/368840412/filtered.chunk7.subreadset.xml \
  mapped.alignmentset.xml \
  --sort \
  --min-gap-comp-id-perc 70.0 \
  --min-length 50 \
  --sample "" \
   \
   \
   \
   \
   \
   \
   \
  -j 15 \
  --log-level INFO \
  --log-file pbmm2.log \
  --alarms alarms.json && \
ls mapped.alignmentset.xml || ( \
cp mapped.json mapped.datastore.json && \
python3 \
  -m pbcoretools.tasks.dataset_to_datastore \
  mapped.datastore.json \
  mapped.alignmentset.xml
)`
2022-04-14 10:50:59,470 INFO  - BackgroundConfigAsyncJobExecutionActor [UUID(edb61810)mapping.pbmm2_align:7:1]: executing: /bin/bash /pub33/pbio10/smrtlink/userdata/jobs_root.default/cromwell-executions/pb_basemods/5c4cfdaa-3f43-4132-8dc3-0489a621ae23/call-mapping/mapping/edb61810-cb50-4672-83a9-52dd27ea5c45/call-pbmm2_align/shard-7/execution/script
2022-04-14 10:51:01,367 INFO  - BackgroundConfigAsyncJobExecutionActor [UUID(edb61810)mapping.pbmm2_align:7:1]: job id: 1974002
2022-04-14 10:51:01,368 INFO  - BackgroundConfigAsyncJobExecutionActor [UUID(edb61810)mapping.pbmm2_align:7:1]: Status change from - to WaitingForReturnCode
2022-04-14 10:55:57,795 INFO  - BackgroundConfigAsyncJobExecutionActor [UUID(edb61810)mapping.pbmm2_align:7:1]: Status change from WaitingForReturnCode to Done
2022-04-14 10:57:29,426 WARN  - BackgroundConfigAsyncJobExecutionActor [UUID(edb61810)mapping.pbmm2_align:6:1]: Unrecognized runtime attribute keys: cpu, memory
2022-04-14 10:57:29,431 INFO  - BackgroundConfigAsyncJobExecutionActor [UUID(edb61810)mapping.pbmm2_align:6:1]: `set -vex
TMPDIR=/pub33/pbio10/smrtlink/userdata/tmp_dir \
pbmm2 \
  align \
  /pub33/pbio10/smrtlink/userdata/jobs_root.default/cromwell-executions/pb_basemods/5c4cfdaa-3f43-4132-8dc3-0489a621ae23/call-mapping/mapping/edb61810-cb50-4672-83a9-52dd27ea5c45/call-pbmm2_align/shard-6/inputs/59415632/smrtlink_reference.referenceset.xml \
  /pub33/pbio10/smrtlink/userdata/jobs_root.default/cromwell-executions/pb_basemods/5c4cfdaa-3f43-4132-8dc3-0489a621ae23/call-mapping/mapping/edb61810-cb50-4672-83a9-52dd27ea5c45/call-pbmm2_align/shard-6/inputs/368840412/filtered.chunk6.subreadset.xml \
  mapped.alignmentset.xml \
  --sort \
  --min-gap-comp-id-perc 70.0 \
  --min-length 50 \
  --sample "" \
   \
   \
   \
   \
   \
   \
   \
  -j 15 \
  --log-level INFO \
  --log-file pbmm2.log \
  --alarms alarms.json && \
ls mapped.alignmentset.xml || ( \
cp mapped.json mapped.datastore.json && \
python3 \
  -m pbcoretools.tasks.dataset_to_datastore \
  mapped.datastore.json \
  mapped.alignmentset.xml
)`
2022-04-14 10:57:29,433 INFO  - BackgroundConfigAsyncJobExecutionActor [UUID(edb61810)mapping.pbmm2_align:6:1]: executing: /bin/bash /pub33/pbio10/smrtlink/userdata/jobs_root.default/cromwell-executions/pb_basemods/5c4cfdaa-3f43-4132-8dc3-0489a621ae23/call-mapping/mapping/edb61810-cb50-4672-83a9-52dd27ea5c45/call-pbmm2_align/shard-6/execution/script
2022-04-14 10:57:31,376 INFO  - BackgroundConfigAsyncJobExecutionActor [UUID(edb61810)mapping.pbmm2_align:6:1]: job id: 1975480
2022-04-14 10:57:31,378 INFO  - BackgroundConfigAsyncJobExecutionActor [UUID(edb61810)mapping.pbmm2_align:6:1]: Status change from - to WaitingForReturnCode
2022-04-14 11:02:09,045 INFO  - BackgroundConfigAsyncJobExecutionActor [UUID(edb61810)mapping.pbmm2_align:6:1]: Status change from WaitingForReturnCode to Done
2022-04-14 11:02:13,615 INFO  - edb61810-cb50-4672-83a9-52dd27ea5c45-SubWorkflowActor-SubWorkflow-mapping:-1:1 [UUID(edb61810)]: Starting mapping.gather_alignments
2022-04-14 11:06:14,427 WARN  - BackgroundConfigAsyncJobExecutionActor [UUID(edb61810)mapping.gather_alignments:NA:1]: Unrecognized runtime attribute keys: cpu, memory
2022-04-14 11:06:14,438 INFO  - BackgroundConfigAsyncJobExecutionActor [UUID(edb61810)mapping.gather_alignments:NA:1]: `dataset \
  --log-level INFO \
  --strict \
  create \
  --trustCounts \
  --no-sub-datasets \
  --unique-collections \
  --name 'Mapped Reads' \
  mapped.alignmentset.xml \
  /pub33/pbio10/smrtlink/userdata/jobs_root.default/cromwell-executions/pb_basemods/5c4cfdaa-3f43-4132-8dc3-0489a621ae23/call-mapping/mapping/edb61810-cb50-4672-83a9-52dd27ea5c45/call-gather_alignments/inputs/1427686807/mapped.alignmentset.xml /pub33/pbio10/smrtlink/userdata/jobs_root.default/cromwell-executions/pb_basemods/5c4cfdaa-3f43-4132-8dc3-0489a621ae23/call-mapping/mapping/edb61810-cb50-4672-83a9-52dd27ea5c45/call-gather_alignments/inputs/-369264552/mapped.alignmentset.xml /pub33/pbio10/smrtlink/userdata/jobs_root.default/cromwell-executions/pb_basemods/5c4cfdaa-3f43-4132-8dc3-0489a621ae23/call-mapping/mapping/edb61810-cb50-4672-83a9-52dd27ea5c45/call-gather_alignments/inputs/2128751385/mapped.alignmentset.xml /pub33/pbio10/smrtlink/userdata/jobs_root.default/cromwell-executions/pb_basemods/5c4cfdaa-3f43-4132-8dc3-0489a621ae23/call-mapping/mapping/edb61810-cb50-4672-83a9-52dd27ea5c45/call-gather_alignments/inputs/331800026/mapped.alignmentset.xml /pub33/pbio10/smrtlink/userdata/jobs_root.default/cromwell-executions/pb_basemods/5c4cfdaa-3f43-4132-8dc3-0489a621ae23/call-mapping/mapping/edb61810-cb50-4672-83a9-52dd27ea5c45/call-gather_alignments/inputs/-1465151333/mapped.alignmentset.xml /pub33/pbio10/smrtlink/userdata/jobs_root.default/cromwell-executions/pb_basemods/5c4cfdaa-3f43-4132-8dc3-0489a621ae23/call-mapping/mapping/edb61810-cb50-4672-83a9-52dd27ea5c45/call-gather_alignments/inputs/1032864604/mapped.alignmentset.xml /pub33/pbio10/smrtlink/userdata/jobs_root.default/cromwell-executions/pb_basemods/5c4cfdaa-3f43-4132-8dc3-0489a621ae23/call-mapping/mapping/edb61810-cb50-4672-83a9-52dd27ea5c45/call-gather_alignments/inputs/-764086755/mapped.alignmentset.xml /pub33/pbio10/smrtlink/userdata/jobs_root.default/cromwell-executions/pb_basemods/5c4cfdaa-3f43-4132-8dc3-0489a621ae23/call-mapping/mapping/edb61810-cb50-4672-83a9-52dd27ea5c45/call-gather_alignments/inputs/1733929182/mapped.alignmentset.xml`
2022-04-14 11:06:14,440 INFO  - BackgroundConfigAsyncJobExecutionActor [UUID(edb61810)mapping.gather_alignments:NA:1]: executing: /bin/bash /pub33/pbio10/smrtlink/userdata/jobs_root.default/cromwell-executions/pb_basemods/5c4cfdaa-3f43-4132-8dc3-0489a621ae23/call-mapping/mapping/edb61810-cb50-4672-83a9-52dd27ea5c45/call-gather_alignments/execution/script
2022-04-14 11:06:16,376 INFO  - BackgroundConfigAsyncJobExecutionActor [UUID(edb61810)mapping.gather_alignments:NA:1]: job id: 1977319
2022-04-14 11:06:16,377 INFO  - BackgroundConfigAsyncJobExecutionActor [UUID(edb61810)mapping.gather_alignments:NA:1]: Status change from - to WaitingForReturnCode
2022-04-14 11:06:17,034 INFO  - BackgroundConfigAsyncJobExecutionActor [UUID(edb61810)mapping.gather_alignments:NA:1]: Status change from WaitingForReturnCode to Done
2022-04-14 11:06:21,494 INFO  - edb61810-cb50-4672-83a9-52dd27ea5c45-SubWorkflowActor-SubWorkflow-mapping:-1:1 [UUID(edb61810)]: Starting mapping.mapping_stats
2022-04-14 11:06:46,426 WARN  - BackgroundConfigAsyncJobExecutionActor [UUID(edb61810)mapping.mapping_stats:NA:1]: Unrecognized runtime attribute keys: cpu, memory
2022-04-14 11:06:46,432 INFO  - BackgroundConfigAsyncJobExecutionActor [UUID(edb61810)mapping.mapping_stats:NA:1]: `python3 \
  -m pbreports.report.mapping_stats \
  --log-level INFO \
  --nproc 15 \
  --min-concordance 70.0 \
   \
  --all-reads /pub33/pbio10/smrtlink/userdata/jobs_root.default/cromwell-executions/pb_basemods/5c4cfdaa-3f43-4132-8dc3-0489a621ae23/call-mapping/mapping/edb61810-cb50-4672-83a9-52dd27ea5c45/call-mapping_stats/inputs/-900960742/filtered.subreadset.xml \
  /pub33/pbio10/smrtlink/userdata/jobs_root.default/cromwell-executions/pb_basemods/5c4cfdaa-3f43-4132-8dc3-0489a621ae23/call-mapping/mapping/edb61810-cb50-4672-83a9-52dd27ea5c45/call-mapping_stats/inputs/456164723/mapped.alignmentset.xml \
  mapping_stats.report.json`
2022-04-14 11:06:46,435 INFO  - BackgroundConfigAsyncJobExecutionActor [UUID(edb61810)mapping.mapping_stats:NA:1]: executing: /bin/bash /pub33/pbio10/smrtlink/userdata/jobs_root.default/cromwell-executions/pb_basemods/5c4cfdaa-3f43-4132-8dc3-0489a621ae23/call-mapping/mapping/edb61810-cb50-4672-83a9-52dd27ea5c45/call-mapping_stats/execution/script
2022-04-14 11:06:51,377 INFO  - BackgroundConfigAsyncJobExecutionActor [UUID(edb61810)mapping.mapping_stats:NA:1]: job id: 1977589
2022-04-14 11:06:51,379 INFO  - BackgroundConfigAsyncJobExecutionActor [UUID(edb61810)mapping.mapping_stats:NA:1]: Status change from - to WaitingForReturnCode
2022-04-14 11:07:17,604 INFO  - BackgroundConfigAsyncJobExecutionActor [UUID(edb61810)mapping.mapping_stats:NA:1]: Status change from WaitingForReturnCode to Done
2022-04-14 11:07:22,694 INFO  - edb61810-cb50-4672-83a9-52dd27ea5c45-SubWorkflowActor-SubWorkflow-mapping:-1:1 [UUID(edb61810)]: Workflow mapping complete. Final Outputs:
{
  "mapping.coverage_gff": null,
  "mapping.plot_target_coverage_png": null,
  "mapping.index_memory_gb": 2,
  "mapping.genome_length_mb": 1,
  "mapping.report_target_coverage": null,
  "mapping.mapped_bam_datastore": null,
  "mapping.mapped": "/pub33/pbio10/smrtlink/userdata/jobs_root.default/cromwell-executions/pb_basemods/5c4cfdaa-3f43-4132-8dc3-0489a621ae23/call-mapping/mapping/edb61810-cb50-4672-83a9-52dd27ea5c45/call-gather_alignments/execution/mapped.alignmentset.xml",
  "mapping.report_mapping_stats": "/pub33/pbio10/smrtlink/userdata/jobs_root.default/cromwell-executions/pb_basemods/5c4cfdaa-3f43-4132-8dc3-0489a621ae23/call-mapping/mapping/edb61810-cb50-4672-83a9-52dd27ea5c45/call-mapping_stats/execution/mapping_stats.report.json",
  "mapping.report_coverage": null
}
2022-04-14 11:07:24,713 INFO  - WorkflowExecutionActor-5c4cfdaa-3f43-4132-8dc3-0489a621ae23 [UUID(5c4cfdaa)]: Starting pb_basemods.auto_consolidate_alignments
2022-04-14 11:07:26,754 INFO  - 6b8be80e-bc4d-414f-bdbd-9d8dc00a88db-SubWorkflowActor-SubWorkflow-coverage_reports:-1:1 [UUID(6b8be80e)]: Starting coverage_reports.summarize_coverage
2022-04-14 11:07:26,754 INFO  - 1faf5e96-d4c5-44dc-bd45-f1548199dc79-SubWorkflowActor-SubWorkflow-wf_basemods:-1:1 [UUID(1faf5e96)]: Starting wf_basemods.split_alignments
2022-04-14 11:07:28,793 INFO  - 6b8be80e-bc4d-414f-bdbd-9d8dc00a88db-SubWorkflowActor-SubWorkflow-coverage_reports:-1:1 [UUID(6b8be80e)]: Starting coverage_reports.gc_coverage_plot
2022-04-14 11:07:29,426 WARN  - BackgroundConfigAsyncJobExecutionActor [UUID(5c4cfdaa)pb_basemods.auto_consolidate_alignments:NA:1]: Unrecognized runtime attribute keys: cpu, memory
2022-04-14 11:07:29,433 INFO  - BackgroundConfigAsyncJobExecutionActor [UUID(5c4cfdaa)pb_basemods.auto_consolidate_alignments:NA:1]: `# We specify TMPDIR despite --noTmp b/c the XML will be written to TMPDIR anyway.
# --noTmp refers only to BAM.
set -vex

TMPDIR=/pub33/pbio10/smrtlink/userdata/tmp_dir \
python3 -m pbcoretools.tasks.auto_consolidate \
  --log-level INFO \
  --noTmp \
   \
  /pub33/pbio10/smrtlink/userdata/jobs_root.default/cromwell-executions/pb_basemods/5c4cfdaa-3f43-4132-8dc3-0489a621ae23/call-auto_consolidate_alignments/inputs/456164723/mapped.alignmentset.xml \
  --datastore mapped.datastore.json \
  mapped.bam`
2022-04-14 11:07:29,438 INFO  - BackgroundConfigAsyncJobExecutionActor [UUID(5c4cfdaa)pb_basemods.auto_consolidate_alignments:NA:1]: executing: /bin/bash /pub33/pbio10/smrtlink/userdata/jobs_root.default/cromwell-executions/pb_basemods/5c4cfdaa-3f43-4132-8dc3-0489a621ae23/call-auto_consolidate_alignments/execution/script
2022-04-14 11:07:31,375 INFO  - BackgroundConfigAsyncJobExecutionActor [UUID(5c4cfdaa)pb_basemods.auto_consolidate_alignments:NA:1]: job id: 1977999
2022-04-14 11:07:31,376 INFO  - BackgroundConfigAsyncJobExecutionActor [UUID(5c4cfdaa)pb_basemods.auto_consolidate_alignments:NA:1]: Status change from - to Done
2022-04-14 11:07:44,428 WARN  - BackgroundConfigAsyncJobExecutionActor [UUID(1faf5e96)wf_basemods.split_alignments:NA:1]: Unrecognized runtime attribute keys: cpu, memory
2022-04-14 11:07:44,446 INFO  - BackgroundConfigAsyncJobExecutionActor [UUID(1faf5e96)wf_basemods.split_alignments:NA:1]: `touch .NOARCHIVE
dataset \
  --log-level DEBUG \
  split \
  --maxChunks 8 \
   \
  --contigs --breakContigs \
  --outdir . \
  /pub33/pbio10/smrtlink/userdata/jobs_root.default/cromwell-executions/pb_basemods/5c4cfdaa-3f43-4132-8dc3-0489a621ae23/call-wf_basemods/wf_basemods/1faf5e96-d4c5-44dc-bd45-f1548199dc79/call-split_alignments/inputs/456164723/mapped.alignmentset.xml`
2022-04-14 11:07:44,452 INFO  - BackgroundConfigAsyncJobExecutionActor [UUID(1faf5e96)wf_basemods.split_alignments:NA:1]: executing: /bin/bash /pub33/pbio10/smrtlink/userdata/jobs_root.default/cromwell-executions/pb_basemods/5c4cfdaa-3f43-4132-8dc3-0489a621ae23/call-wf_basemods/wf_basemods/1faf5e96-d4c5-44dc-bd45-f1548199dc79/call-split_alignments/execution/script
2022-04-14 11:07:46,378 INFO  - BackgroundConfigAsyncJobExecutionActor [UUID(1faf5e96)wf_basemods.split_alignments:NA:1]: job id: 1978159
2022-04-14 11:07:46,379 INFO  - BackgroundConfigAsyncJobExecutionActor [UUID(1faf5e96)wf_basemods.split_alignments:NA:1]: Status change from - to WaitingForReturnCode
2022-04-14 11:07:53,684 INFO  - BackgroundConfigAsyncJobExecutionActor [UUID(1faf5e96)wf_basemods.split_alignments:NA:1]: Status change from WaitingForReturnCode to Done
2022-04-14 11:08:00,404 INFO  - 1faf5e96-d4c5-44dc-bd45-f1548199dc79-SubWorkflowActor-SubWorkflow-wf_basemods:-1:1 [UUID(1faf5e96)]: Starting wf_basemods.ipdsummary (8 shards)
2022-04-14 11:08:11,426 WARN  - BackgroundConfigAsyncJobExecutionActor [UUID(6b8be80e)coverage_reports.summarize_coverage:NA:1]: Unrecognized runtime attribute keys: cpu, memory
2022-04-14 11:08:11,437 INFO  - BackgroundConfigAsyncJobExecutionActor [UUID(6b8be80e)coverage_reports.summarize_coverage:NA:1]: `python3 \
  -m pbreports.report.summarize_coverage \
  --log-level INFO \
  /pub33/pbio10/smrtlink/userdata/jobs_root.default/cromwell-executions/pb_basemods/5c4cfdaa-3f43-4132-8dc3-0489a621ae23/call-coverage_reports/coverage_reports/6b8be80e-bc4d-414f-bdbd-9d8dc00a88db/call-summarize_coverage/inputs/456164723/mapped.alignmentset.xml \
  /pub33/pbio10/smrtlink/userdata/jobs_root.default/cromwell-executions/pb_basemods/5c4cfdaa-3f43-4132-8dc3-0489a621ae23/call-coverage_reports/coverage_reports/6b8be80e-bc4d-414f-bdbd-9d8dc00a88db/call-summarize_coverage/inputs/59415632/smrtlink_reference.referenceset.xml \
  coverage.gff`
2022-04-14 11:08:11,439 INFO  - BackgroundConfigAsyncJobExecutionActor [UUID(6b8be80e)coverage_reports.summarize_coverage:NA:1]: executing: /bin/bash /pub33/pbio10/smrtlink/userdata/jobs_root.default/cromwell-executions/pb_basemods/5c4cfdaa-3f43-4132-8dc3-0489a621ae23/call-coverage_reports/coverage_reports/6b8be80e-bc4d-414f-bdbd-9d8dc00a88db/call-summarize_coverage/execution/script
2022-04-14 11:08:16,376 INFO  - BackgroundConfigAsyncJobExecutionActor [UUID(6b8be80e)coverage_reports.summarize_coverage:NA:1]: job id: 1978447
2022-04-14 11:08:16,377 INFO  - BackgroundConfigAsyncJobExecutionActor [UUID(6b8be80e)coverage_reports.summarize_coverage:NA:1]: Status change from - to WaitingForReturnCode
2022-04-14 11:08:25,426 WARN  - BackgroundConfigAsyncJobExecutionActor [UUID(6b8be80e)coverage_reports.gc_coverage_plot:NA:1]: Unrecognized runtime attribute keys: cpu, memory
2022-04-14 11:08:25,431 INFO  - BackgroundConfigAsyncJobExecutionActor [UUID(6b8be80e)coverage_reports.gc_coverage_plot:NA:1]: `python3 \
  -m pbreports.tasks.plot_gc_coverage \
  --log-level INFO \
  --region-size 100 \
  /pub33/pbio10/smrtlink/userdata/jobs_root.default/cromwell-executions/pb_basemods/5c4cfdaa-3f43-4132-8dc3-0489a621ae23/call-coverage_reports/coverage_reports/6b8be80e-bc4d-414f-bdbd-9d8dc00a88db/call-gc_coverage_plot/inputs/456164723/mapped.alignmentset.xml /pub33/pbio10/smrtlink/userdata/jobs_root.default/cromwell-executions/pb_basemods/5c4cfdaa-3f43-4132-8dc3-0489a621ae23/call-coverage_reports/coverage_reports/6b8be80e-bc4d-414f-bdbd-9d8dc00a88db/call-gc_coverage_plot/inputs/59415632/smrtlink_reference.referenceset.xml \
  -o gc_coverage_boxplot.png`
2022-04-14 11:08:25,432 INFO  - BackgroundConfigAsyncJobExecutionActor [UUID(6b8be80e)coverage_reports.gc_coverage_plot:NA:1]: executing: /bin/bash /pub33/pbio10/smrtlink/userdata/jobs_root.default/cromwell-executions/pb_basemods/5c4cfdaa-3f43-4132-8dc3-0489a621ae23/call-coverage_reports/coverage_reports/6b8be80e-bc4d-414f-bdbd-9d8dc00a88db/call-gc_coverage_plot/execution/script
2022-04-14 11:08:26,378 INFO  - BackgroundConfigAsyncJobExecutionActor [UUID(6b8be80e)coverage_reports.gc_coverage_plot:NA:1]: job id: 1978667
2022-04-14 11:08:26,379 INFO  - BackgroundConfigAsyncJobExecutionActor [UUID(6b8be80e)coverage_reports.gc_coverage_plot:NA:1]: Status change from - to WaitingForReturnCode
2022-04-14 11:08:32,673 INFO  - BackgroundConfigAsyncJobExecutionActor [UUID(6b8be80e)coverage_reports.summarize_coverage:NA:1]: Status change from WaitingForReturnCode to Done
2022-04-14 11:08:51,873 INFO  - BackgroundConfigAsyncJobExecutionActor [UUID(6b8be80e)coverage_reports.gc_coverage_plot:NA:1]: Status change from WaitingForReturnCode to Done
2022-04-14 11:08:55,484 INFO  - 6b8be80e-bc4d-414f-bdbd-9d8dc00a88db-SubWorkflowActor-SubWorkflow-coverage_reports:-1:1 [UUID(6b8be80e)]: Starting coverage_reports.pbreports_coverage
2022-04-14 11:09:02,428 WARN  - BackgroundConfigAsyncJobExecutionActor [UUID(1faf5e96)wf_basemods.ipdsummary:3:1]: Unrecognized runtime attribute keys: cpu, memory
2022-04-14 11:09:02,434 INFO  - BackgroundConfigAsyncJobExecutionActor [UUID(1faf5e96)wf_basemods.ipdsummary:3:1]: `ipdSummary \
  --log-level INFO \
  --numWorkers 15 \
  /pub33/pbio10/smrtlink/userdata/jobs_root.default/cromwell-executions/pb_basemods/5c4cfdaa-3f43-4132-8dc3-0489a621ae23/call-wf_basemods/wf_basemods/1faf5e96-d4c5-44dc-bd45-f1548199dc79/call-ipdsummary/shard-3/inputs/-141989452/mapped.chunk3.alignmentset.xml \
  --reference /pub33/pbio10/smrtlink/userdata/jobs_root.default/cromwell-executions/pb_basemods/5c4cfdaa-3f43-4132-8dc3-0489a621ae23/call-wf_basemods/wf_basemods/1faf5e96-d4c5-44dc-bd45-f1548199dc79/call-ipdsummary/shard-3/inputs/59415632/smrtlink_reference.referenceset.xml \
  --gff basemods.gff \
  --csv basemods.csv \
  --bigwig ipds.bw \
  --pvalue 0.001 \
  --alignmentSetRefWindows \
  --identify m4C,m6A \
   \`
2022-04-14 11:09:02,436 INFO  - BackgroundConfigAsyncJobExecutionActor [UUID(1faf5e96)wf_basemods.ipdsummary:3:1]: executing: /bin/bash /pub33/pbio10/smrtlink/userdata/jobs_root.default/cromwell-executions/pb_basemods/5c4cfdaa-3f43-4132-8dc3-0489a621ae23/call-wf_basemods/wf_basemods/1faf5e96-d4c5-44dc-bd45-f1548199dc79/call-ipdsummary/shard-3/execution/script
2022-04-14 11:09:06,375 INFO  - BackgroundConfigAsyncJobExecutionActor [UUID(1faf5e96)wf_basemods.ipdsummary:3:1]: job id: 1979014
2022-04-14 11:09:06,375 INFO  - BackgroundConfigAsyncJobExecutionActor [UUID(1faf5e96)wf_basemods.ipdsummary:3:1]: Status change from - to WaitingForReturnCode
2022-04-14 11:09:35,426 WARN  - BackgroundConfigAsyncJobExecutionActor [UUID(1faf5e96)wf_basemods.ipdsummary:2:1]: Unrecognized runtime attribute keys: cpu, memory
2022-04-14 11:09:35,431 INFO  - BackgroundConfigAsyncJobExecutionActor [UUID(1faf5e96)wf_basemods.ipdsummary:2:1]: `ipdSummary \
  --log-level INFO \
  --numWorkers 15 \
  /pub33/pbio10/smrtlink/userdata/jobs_root.default/cromwell-executions/pb_basemods/5c4cfdaa-3f43-4132-8dc3-0489a621ae23/call-wf_basemods/wf_basemods/1faf5e96-d4c5-44dc-bd45-f1548199dc79/call-ipdsummary/shard-2/inputs/-141989452/mapped.chunk2.alignmentset.xml \
  --reference /pub33/pbio10/smrtlink/userdata/jobs_root.default/cromwell-executions/pb_basemods/5c4cfdaa-3f43-4132-8dc3-0489a621ae23/call-wf_basemods/wf_basemods/1faf5e96-d4c5-44dc-bd45-f1548199dc79/call-ipdsummary/shard-2/inputs/59415632/smrtlink_reference.referenceset.xml \
  --gff basemods.gff \
  --csv basemods.csv \
  --bigwig ipds.bw \
  --pvalue 0.001 \
  --alignmentSetRefWindows \
  --identify m4C,m6A \
   \`
2022-04-14 11:09:35,433 INFO  - BackgroundConfigAsyncJobExecutionActor [UUID(1faf5e96)wf_basemods.ipdsummary:2:1]: executing: /bin/bash /pub33/pbio10/smrtlink/userdata/jobs_root.default/cromwell-executions/pb_basemods/5c4cfdaa-3f43-4132-8dc3-0489a621ae23/call-wf_basemods/wf_basemods/1faf5e96-d4c5-44dc-bd45-f1548199dc79/call-ipdsummary/shard-2/execution/script
2022-04-14 11:09:36,395 INFO  - BackgroundConfigAsyncJobExecutionActor [UUID(1faf5e96)wf_basemods.ipdsummary:2:1]: job id: 1979427
2022-04-14 11:09:36,396 INFO  - BackgroundConfigAsyncJobExecutionActor [UUID(1faf5e96)wf_basemods.ipdsummary:2:1]: Status change from - to WaitingForReturnCode
2022-04-14 11:13:08,426 WARN  - BackgroundConfigAsyncJobExecutionActor [UUID(1faf5e96)wf_basemods.ipdsummary:4:1]: Unrecognized runtime attribute keys: cpu, memory
2022-04-14 11:13:08,431 INFO  - BackgroundConfigAsyncJobExecutionActor [UUID(1faf5e96)wf_basemods.ipdsummary:4:1]: `ipdSummary \
  --log-level INFO \
  --numWorkers 15 \
  /pub33/pbio10/smrtlink/userdata/jobs_root.default/cromwell-executions/pb_basemods/5c4cfdaa-3f43-4132-8dc3-0489a621ae23/call-wf_basemods/wf_basemods/1faf5e96-d4c5-44dc-bd45-f1548199dc79/call-ipdsummary/shard-4/inputs/-141989452/mapped.chunk4.alignmentset.xml \
  --reference /pub33/pbio10/smrtlink/userdata/jobs_root.default/cromwell-executions/pb_basemods/5c4cfdaa-3f43-4132-8dc3-0489a621ae23/call-wf_basemods/wf_basemods/1faf5e96-d4c5-44dc-bd45-f1548199dc79/call-ipdsummary/shard-4/inputs/59415632/smrtlink_reference.referenceset.xml \
  --gff basemods.gff \
  --csv basemods.csv \
  --bigwig ipds.bw \
  --pvalue 0.001 \
  --alignmentSetRefWindows \
  --identify m4C,m6A \
   \`
2022-04-14 11:13:08,433 INFO  - BackgroundConfigAsyncJobExecutionActor [UUID(1faf5e96)wf_basemods.ipdsummary:4:1]: executing: /bin/bash /pub33/pbio10/smrtlink/userdata/jobs_root.default/cromwell-executions/pb_basemods/5c4cfdaa-3f43-4132-8dc3-0489a621ae23/call-wf_basemods/wf_basemods/1faf5e96-d4c5-44dc-bd45-f1548199dc79/call-ipdsummary/shard-4/execution/script
2022-04-14 11:13:11,375 INFO  - BackgroundConfigAsyncJobExecutionActor [UUID(1faf5e96)wf_basemods.ipdsummary:4:1]: job id: 1980068
2022-04-14 11:13:11,376 INFO  - BackgroundConfigAsyncJobExecutionActor [UUID(1faf5e96)wf_basemods.ipdsummary:4:1]: Status change from - to WaitingForReturnCode
2022-04-14 11:13:30,994 INFO  - BackgroundConfigAsyncJobExecutionActor [UUID(1faf5e96)wf_basemods.ipdsummary:3:1]: Status change from WaitingForReturnCode to Done
2022-04-14 11:14:45,304 INFO  - BackgroundConfigAsyncJobExecutionActor [UUID(1faf5e96)wf_basemods.ipdsummary:2:1]: Status change from WaitingForReturnCode to Done
2022-04-14 11:17:01,935 INFO  - BackgroundConfigAsyncJobExecutionActor [UUID(1faf5e96)wf_basemods.ipdsummary:4:1]: Status change from WaitingForReturnCode to Done
2022-04-14 11:17:17,428 WARN  - BackgroundConfigAsyncJobExecutionActor [UUID(1faf5e96)wf_basemods.ipdsummary:5:1]: Unrecognized runtime attribute keys: cpu, memory
2022-04-14 11:17:17,433 INFO  - BackgroundConfigAsyncJobExecutionActor [UUID(1faf5e96)wf_basemods.ipdsummary:5:1]: `ipdSummary \
  --log-level INFO \
  --numWorkers 15 \
  /pub33/pbio10/smrtlink/userdata/jobs_root.default/cromwell-executions/pb_basemods/5c4cfdaa-3f43-4132-8dc3-0489a621ae23/call-wf_basemods/wf_basemods/1faf5e96-d4c5-44dc-bd45-f1548199dc79/call-ipdsummary/shard-5/inputs/-141989452/mapped.chunk5.alignmentset.xml \
  --reference /pub33/pbio10/smrtlink/userdata/jobs_root.default/cromwell-executions/pb_basemods/5c4cfdaa-3f43-4132-8dc3-0489a621ae23/call-wf_basemods/wf_basemods/1faf5e96-d4c5-44dc-bd45-f1548199dc79/call-ipdsummary/shard-5/inputs/59415632/smrtlink_reference.referenceset.xml \
  --gff basemods.gff \
  --csv basemods.csv \
  --bigwig ipds.bw \
  --pvalue 0.001 \
  --alignmentSetRefWindows \
  --identify m4C,m6A \
   \`
2022-04-14 11:17:17,435 INFO  - BackgroundConfigAsyncJobExecutionActor [UUID(1faf5e96)wf_basemods.ipdsummary:5:1]: executing: /bin/bash /pub33/pbio10/smrtlink/userdata/jobs_root.default/cromwell-executions/pb_basemods/5c4cfdaa-3f43-4132-8dc3-0489a621ae23/call-wf_basemods/wf_basemods/1faf5e96-d4c5-44dc-bd45-f1548199dc79/call-ipdsummary/shard-5/execution/script
2022-04-14 11:17:21,378 INFO  - BackgroundConfigAsyncJobExecutionActor [UUID(1faf5e96)wf_basemods.ipdsummary:5:1]: job id: 1981455
2022-04-14 11:17:21,379 INFO  - BackgroundConfigAsyncJobExecutionActor [UUID(1faf5e96)wf_basemods.ipdsummary:5:1]: Status change from - to WaitingForReturnCode
2022-04-14 11:20:35,984 INFO  - BackgroundConfigAsyncJobExecutionActor [UUID(1faf5e96)wf_basemods.ipdsummary:5:1]: Status change from WaitingForReturnCode to Done
2022-04-14 11:22:35,427 WARN  - BackgroundConfigAsyncJobExecutionActor [UUID(1faf5e96)wf_basemods.ipdsummary:7:1]: Unrecognized runtime attribute keys: cpu, memory
2022-04-14 11:22:35,434 INFO  - BackgroundConfigAsyncJobExecutionActor [UUID(1faf5e96)wf_basemods.ipdsummary:7:1]: `ipdSummary \
  --log-level INFO \
  --numWorkers 15 \
  /pub33/pbio10/smrtlink/userdata/jobs_root.default/cromwell-executions/pb_basemods/5c4cfdaa-3f43-4132-8dc3-0489a621ae23/call-wf_basemods/wf_basemods/1faf5e96-d4c5-44dc-bd45-f1548199dc79/call-ipdsummary/shard-7/inputs/-141989452/mapped.chunk7.alignmentset.xml \
  --reference /pub33/pbio10/smrtlink/userdata/jobs_root.default/cromwell-executions/pb_basemods/5c4cfdaa-3f43-4132-8dc3-0489a621ae23/call-wf_basemods/wf_basemods/1faf5e96-d4c5-44dc-bd45-f1548199dc79/call-ipdsummary/shard-7/inputs/59415632/smrtlink_reference.referenceset.xml \
  --gff basemods.gff \
  --csv basemods.csv \
  --bigwig ipds.bw \
  --pvalue 0.001 \
  --alignmentSetRefWindows \
  --identify m4C,m6A \
   \`
2022-04-14 11:22:35,436 INFO  - BackgroundConfigAsyncJobExecutionActor [UUID(1faf5e96)wf_basemods.ipdsummary:7:1]: executing: /bin/bash /pub33/pbio10/smrtlink/userdata/jobs_root.default/cromwell-executions/pb_basemods/5c4cfdaa-3f43-4132-8dc3-0489a621ae23/call-wf_basemods/wf_basemods/1faf5e96-d4c5-44dc-bd45-f1548199dc79/call-ipdsummary/shard-7/execution/script
2022-04-14 11:22:36,377 INFO  - BackgroundConfigAsyncJobExecutionActor [UUID(1faf5e96)wf_basemods.ipdsummary:7:1]: job id: 1982735
2022-04-14 11:22:36,378 INFO  - BackgroundConfigAsyncJobExecutionActor [UUID(1faf5e96)wf_basemods.ipdsummary:7:1]: Status change from - to WaitingForReturnCode
2022-04-14 11:26:15,144 INFO  - BackgroundConfigAsyncJobExecutionActor [UUID(1faf5e96)wf_basemods.ipdsummary:7:1]: Status change from WaitingForReturnCode to Done
2022-04-14 11:28:50,430 WARN  - BackgroundConfigAsyncJobExecutionActor [UUID(1faf5e96)wf_basemods.ipdsummary:0:1]: Unrecognized runtime attribute keys: cpu, memory
2022-04-14 11:28:50,440 INFO  - BackgroundConfigAsyncJobExecutionActor [UUID(1faf5e96)wf_basemods.ipdsummary:0:1]: `ipdSummary \
  --log-level INFO \
  --numWorkers 15 \
  /pub33/pbio10/smrtlink/userdata/jobs_root.default/cromwell-executions/pb_basemods/5c4cfdaa-3f43-4132-8dc3-0489a621ae23/call-wf_basemods/wf_basemods/1faf5e96-d4c5-44dc-bd45-f1548199dc79/call-ipdsummary/shard-0/inputs/-141989452/mapped.chunk0.alignmentset.xml \
  --reference /pub33/pbio10/smrtlink/userdata/jobs_root.default/cromwell-executions/pb_basemods/5c4cfdaa-3f43-4132-8dc3-0489a621ae23/call-wf_basemods/wf_basemods/1faf5e96-d4c5-44dc-bd45-f1548199dc79/call-ipdsummary/shard-0/inputs/59415632/smrtlink_reference.referenceset.xml \
  --gff basemods.gff \
  --csv basemods.csv \
  --bigwig ipds.bw \
  --pvalue 0.001 \
  --alignmentSetRefWindows \
  --identify m4C,m6A \
   \`
2022-04-14 11:28:50,442 INFO  - BackgroundConfigAsyncJobExecutionActor [UUID(1faf5e96)wf_basemods.ipdsummary:0:1]: executing: /bin/bash /pub33/pbio10/smrtlink/userdata/jobs_root.default/cromwell-executions/pb_basemods/5c4cfdaa-3f43-4132-8dc3-0489a621ae23/call-wf_basemods/wf_basemods/1faf5e96-d4c5-44dc-bd45-f1548199dc79/call-ipdsummary/shard-0/execution/script
2022-04-14 11:28:51,377 INFO  - BackgroundConfigAsyncJobExecutionActor [UUID(1faf5e96)wf_basemods.ipdsummary:0:1]: job id: 1984083
2022-04-14 11:28:51,378 INFO  - BackgroundConfigAsyncJobExecutionActor [UUID(1faf5e96)wf_basemods.ipdsummary:0:1]: Status change from - to WaitingForReturnCode
2022-04-14 11:32:29,443 INFO  - BackgroundConfigAsyncJobExecutionActor [UUID(1faf5e96)wf_basemods.ipdsummary:0:1]: Status change from WaitingForReturnCode to Done
2022-04-14 11:35:44,429 WARN  - BackgroundConfigAsyncJobExecutionActor [UUID(1faf5e96)wf_basemods.ipdsummary:6:1]: Unrecognized runtime attribute keys: cpu, memory
2022-04-14 11:35:44,436 INFO  - BackgroundConfigAsyncJobExecutionActor [UUID(1faf5e96)wf_basemods.ipdsummary:6:1]: `ipdSummary \
  --log-level INFO \
  --numWorkers 15 \
  /pub33/pbio10/smrtlink/userdata/jobs_root.default/cromwell-executions/pb_basemods/5c4cfdaa-3f43-4132-8dc3-0489a621ae23/call-wf_basemods/wf_basemods/1faf5e96-d4c5-44dc-bd45-f1548199dc79/call-ipdsummary/shard-6/inputs/-141989452/mapped.chunk6.alignmentset.xml \
  --reference /pub33/pbio10/smrtlink/userdata/jobs_root.default/cromwell-executions/pb_basemods/5c4cfdaa-3f43-4132-8dc3-0489a621ae23/call-wf_basemods/wf_basemods/1faf5e96-d4c5-44dc-bd45-f1548199dc79/call-ipdsummary/shard-6/inputs/59415632/smrtlink_reference.referenceset.xml \
  --gff basemods.gff \
  --csv basemods.csv \
  --bigwig ipds.bw \
  --pvalue 0.001 \
  --alignmentSetRefWindows \
  --identify m4C,m6A \
   \`
2022-04-14 11:35:44,438 INFO  - BackgroundConfigAsyncJobExecutionActor [UUID(1faf5e96)wf_basemods.ipdsummary:6:1]: executing: /bin/bash /pub33/pbio10/smrtlink/userdata/jobs_root.default/cromwell-executions/pb_basemods/5c4cfdaa-3f43-4132-8dc3-0489a621ae23/call-wf_basemods/wf_basemods/1faf5e96-d4c5-44dc-bd45-f1548199dc79/call-ipdsummary/shard-6/execution/script
2022-04-14 11:35:46,378 INFO  - BackgroundConfigAsyncJobExecutionActor [UUID(1faf5e96)wf_basemods.ipdsummary:6:1]: job id: 1985532
2022-04-14 11:35:46,379 INFO  - BackgroundConfigAsyncJobExecutionActor [UUID(1faf5e96)wf_basemods.ipdsummary:6:1]: Status change from - to WaitingForReturnCode
2022-04-14 11:40:39,363 INFO  - BackgroundConfigAsyncJobExecutionActor [UUID(1faf5e96)wf_basemods.ipdsummary:6:1]: Status change from WaitingForReturnCode to Done
2022-04-14 11:53:59,427 WARN  - BackgroundConfigAsyncJobExecutionActor [UUID(1faf5e96)wf_basemods.ipdsummary:1:1]: Unrecognized runtime attribute keys: cpu, memory
2022-04-14 11:53:59,432 INFO  - BackgroundConfigAsyncJobExecutionActor [UUID(1faf5e96)wf_basemods.ipdsummary:1:1]: `ipdSummary \
  --log-level INFO \
  --numWorkers 15 \
  /pub33/pbio10/smrtlink/userdata/jobs_root.default/cromwell-executions/pb_basemods/5c4cfdaa-3f43-4132-8dc3-0489a621ae23/call-wf_basemods/wf_basemods/1faf5e96-d4c5-44dc-bd45-f1548199dc79/call-ipdsummary/shard-1/inputs/-141989452/mapped.chunk1.alignmentset.xml \
  --reference /pub33/pbio10/smrtlink/userdata/jobs_root.default/cromwell-executions/pb_basemods/5c4cfdaa-3f43-4132-8dc3-0489a621ae23/call-wf_basemods/wf_basemods/1faf5e96-d4c5-44dc-bd45-f1548199dc79/call-ipdsummary/shard-1/inputs/59415632/smrtlink_reference.referenceset.xml \
  --gff basemods.gff \
  --csv basemods.csv \
  --bigwig ipds.bw \
  --pvalue 0.001 \
  --alignmentSetRefWindows \
  --identify m4C,m6A \
   \`
2022-04-14 11:53:59,434 INFO  - BackgroundConfigAsyncJobExecutionActor [UUID(1faf5e96)wf_basemods.ipdsummary:1:1]: executing: /bin/bash /pub33/pbio10/smrtlink/userdata/jobs_root.default/cromwell-executions/pb_basemods/5c4cfdaa-3f43-4132-8dc3-0489a621ae23/call-wf_basemods/wf_basemods/1faf5e96-d4c5-44dc-bd45-f1548199dc79/call-ipdsummary/shard-1/execution/script
2022-04-14 11:54:01,390 INFO  - BackgroundConfigAsyncJobExecutionActor [UUID(1faf5e96)wf_basemods.ipdsummary:1:1]: job id: 1987786
2022-04-14 11:54:01,391 INFO  - BackgroundConfigAsyncJobExecutionActor [UUID(1faf5e96)wf_basemods.ipdsummary:1:1]: Status change from - to WaitingForReturnCode
2022-04-14 12:00:00,903 INFO  - BackgroundConfigAsyncJobExecutionActor [UUID(1faf5e96)wf_basemods.ipdsummary:1:1]: Status change from WaitingForReturnCode to Done
2022-04-14 12:00:04,634 INFO  - 1faf5e96-d4c5-44dc-bd45-f1548199dc79-SubWorkflowActor-SubWorkflow-wf_basemods:-1:1 [UUID(1faf5e96)]: Starting wf_basemods.gather_basemods_csv, wf_basemods.gather_bigwig, wf_basemods.gather_basemods_gff
2022-04-14 12:37:41,426 WARN  - BackgroundConfigAsyncJobExecutionActor [UUID(6b8be80e)coverage_reports.pbreports_coverage:NA:1]: Unrecognized runtime attribute keys: cpu, memory
2022-04-14 12:37:41,433 INFO  - BackgroundConfigAsyncJobExecutionActor [UUID(6b8be80e)coverage_reports.pbreports_coverage:NA:1]: `python3 \
  -m pbreports.report.coverage \
  --log-level INFO \
  --gc-cov-plot /pub33/pbio10/smrtlink/userdata/jobs_root.default/cromwell-executions/pb_basemods/5c4cfdaa-3f43-4132-8dc3-0489a621ae23/call-coverage_reports/coverage_reports/6b8be80e-bc4d-414f-bdbd-9d8dc00a88db/call-pbreports_coverage/inputs/1442110651/gc_coverage_boxplot.png \
  /pub33/pbio10/smrtlink/userdata/jobs_root.default/cromwell-executions/pb_basemods/5c4cfdaa-3f43-4132-8dc3-0489a621ae23/call-coverage_reports/coverage_reports/6b8be80e-bc4d-414f-bdbd-9d8dc00a88db/call-pbreports_coverage/inputs/59415632/smrtlink_reference.referenceset.xml /pub33/pbio10/smrtlink/userdata/jobs_root.default/cromwell-executions/pb_basemods/5c4cfdaa-3f43-4132-8dc3-0489a621ae23/call-coverage_reports/coverage_reports/6b8be80e-bc4d-414f-bdbd-9d8dc00a88db/call-pbreports_coverage/inputs/1763344556/coverage.gff \
  coverage.report.json`
2022-04-14 12:37:41,436 INFO  - BackgroundConfigAsyncJobExecutionActor [UUID(6b8be80e)coverage_reports.pbreports_coverage:NA:1]: executing: /bin/bash /pub33/pbio10/smrtlink/userdata/jobs_root.default/cromwell-executions/pb_basemods/5c4cfdaa-3f43-4132-8dc3-0489a621ae23/call-coverage_reports/coverage_reports/6b8be80e-bc4d-414f-bdbd-9d8dc00a88db/call-pbreports_coverage/execution/script
2022-04-14 12:37:46,375 INFO  - BackgroundConfigAsyncJobExecutionActor [UUID(6b8be80e)coverage_reports.pbreports_coverage:NA:1]: job id: 1991609
2022-04-14 12:37:46,375 INFO  - BackgroundConfigAsyncJobExecutionActor [UUID(6b8be80e)coverage_reports.pbreports_coverage:NA:1]: Status change from - to Done
2022-04-14 12:37:52,054 INFO  - 6b8be80e-bc4d-414f-bdbd-9d8dc00a88db-SubWorkflowActor-SubWorkflow-coverage_reports:-1:1 [UUID(6b8be80e)]: Workflow coverage_reports complete. Final Outputs:
{
  "coverage_reports.plot_target_coverage_png": null,
  "coverage_reports.report_target_coverage": null,
  "coverage_reports.coverage_gff": "/pub33/pbio10/smrtlink/userdata/jobs_root.default/cromwell-executions/pb_basemods/5c4cfdaa-3f43-4132-8dc3-0489a621ae23/call-coverage_reports/coverage_reports/6b8be80e-bc4d-414f-bdbd-9d8dc00a88db/call-summarize_coverage/execution/coverage.gff",
  "coverage_reports.report_coverage": "/pub33/pbio10/smrtlink/userdata/jobs_root.default/cromwell-executions/pb_basemods/5c4cfdaa-3f43-4132-8dc3-0489a621ae23/call-coverage_reports/coverage_reports/6b8be80e-bc4d-414f-bdbd-9d8dc00a88db/call-pbreports_coverage/execution/coverage.report.json"
}
2022-04-14 13:24:17,427 WARN  - BackgroundConfigAsyncJobExecutionActor [UUID(1faf5e96)wf_basemods.gather_bigwig:NA:1]: Unrecognized runtime attribute keys: cpu, memory
2022-04-14 13:24:17,442 INFO  - BackgroundConfigAsyncJobExecutionActor [UUID(1faf5e96)wf_basemods.gather_bigwig:NA:1]: `python3 \
  -m kineticsTools.tasks.gather_bigwig \
  --log-level INFO \
  ipds.bw \
  /pub33/pbio10/smrtlink/userdata/jobs_root.default/cromwell-executions/pb_basemods/5c4cfdaa-3f43-4132-8dc3-0489a621ae23/call-wf_basemods/wf_basemods/1faf5e96-d4c5-44dc-bd45-f1548199dc79/call-gather_bigwig/inputs/2107664437/ipds.bw /pub33/pbio10/smrtlink/userdata/jobs_root.default/cromwell-executions/pb_basemods/5c4cfdaa-3f43-4132-8dc3-0489a621ae23/call-wf_basemods/wf_basemods/1faf5e96-d4c5-44dc-bd45-f1548199dc79/call-gather_bigwig/inputs/310713078/ipds.bw /pub33/pbio10/smrtlink/userdata/jobs_root.default/cromwell-executions/pb_basemods/5c4cfdaa-3f43-4132-8dc3-0489a621ae23/call-wf_basemods/wf_basemods/1faf5e96-d4c5-44dc-bd45-f1548199dc79/call-gather_bigwig/inputs/-1486238281/ipds.bw /pub33/pbio10/smrtlink/userdata/jobs_root.default/cromwell-executions/pb_basemods/5c4cfdaa-3f43-4132-8dc3-0489a621ae23/call-wf_basemods/wf_basemods/1faf5e96-d4c5-44dc-bd45-f1548199dc79/call-gather_bigwig/inputs/1011777656/ipds.bw /pub33/pbio10/smrtlink/userdata/jobs_root.default/cromwell-executions/pb_basemods/5c4cfdaa-3f43-4132-8dc3-0489a621ae23/call-wf_basemods/wf_basemods/1faf5e96-d4c5-44dc-bd45-f1548199dc79/call-gather_bigwig/inputs/-785173703/ipds.bw /pub33/pbio10/smrtlink/userdata/jobs_root.default/cromwell-executions/pb_basemods/5c4cfdaa-3f43-4132-8dc3-0489a621ae23/call-wf_basemods/wf_basemods/1faf5e96-d4c5-44dc-bd45-f1548199dc79/call-gather_bigwig/inputs/1712842234/ipds.bw /pub33/pbio10/smrtlink/userdata/jobs_root.default/cromwell-executions/pb_basemods/5c4cfdaa-3f43-4132-8dc3-0489a621ae23/call-wf_basemods/wf_basemods/1faf5e96-d4c5-44dc-bd45-f1548199dc79/call-gather_bigwig/inputs/-84109125/ipds.bw /pub33/pbio10/smrtlink/userdata/jobs_root.default/cromwell-executions/pb_basemods/5c4cfdaa-3f43-4132-8dc3-0489a621ae23/call-wf_basemods/wf_basemods/1faf5e96-d4c5-44dc-bd45-f1548199dc79/call-gather_bigwig/inputs/-1881060484/ipds.bw`
2022-04-14 13:24:17,444 INFO  - BackgroundConfigAsyncJobExecutionActor [UUID(1faf5e96)wf_basemods.gather_bigwig:NA:1]: executing: /bin/bash /pub33/pbio10/smrtlink/userdata/jobs_root.default/cromwell-executions/pb_basemods/5c4cfdaa-3f43-4132-8dc3-0489a621ae23/call-wf_basemods/wf_basemods/1faf5e96-d4c5-44dc-bd45-f1548199dc79/call-gather_bigwig/execution/script
2022-04-14 13:24:21,377 INFO  - BackgroundConfigAsyncJobExecutionActor [UUID(1faf5e96)wf_basemods.gather_bigwig:NA:1]: job id: 1995300
2022-04-14 13:24:21,377 INFO  - BackgroundConfigAsyncJobExecutionActor [UUID(1faf5e96)wf_basemods.gather_bigwig:NA:1]: Status change from - to Done
2022-04-14 14:03:29,427 WARN  - BackgroundConfigAsyncJobExecutionActor [UUID(1faf5e96)wf_basemods.gather_basemods_gff:NA:1]: Unrecognized runtime attribute keys: cpu, memory
2022-04-14 14:03:29,440 INFO  - BackgroundConfigAsyncJobExecutionActor [UUID(1faf5e96)wf_basemods.gather_basemods_gff:NA:1]: `python3 \
  -m pbcoretools.tasks.gather \
  --log-level INFO \
   \
  basemods.gff \
  /pub33/pbio10/smrtlink/userdata/jobs_root.default/cromwell-executions/pb_basemods/5c4cfdaa-3f43-4132-8dc3-0489a621ae23/call-wf_basemods/wf_basemods/1faf5e96-d4c5-44dc-bd45-f1548199dc79/call-gather_basemods_gff/inputs/2107664437/basemods.gff /pub33/pbio10/smrtlink/userdata/jobs_root.default/cromwell-executions/pb_basemods/5c4cfdaa-3f43-4132-8dc3-0489a621ae23/call-wf_basemods/wf_basemods/1faf5e96-d4c5-44dc-bd45-f1548199dc79/call-gather_basemods_gff/inputs/310713078/basemods.gff /pub33/pbio10/smrtlink/userdata/jobs_root.default/cromwell-executions/pb_basemods/5c4cfdaa-3f43-4132-8dc3-0489a621ae23/call-wf_basemods/wf_basemods/1faf5e96-d4c5-44dc-bd45-f1548199dc79/call-gather_basemods_gff/inputs/-1486238281/basemods.gff /pub33/pbio10/smrtlink/userdata/jobs_root.default/cromwell-executions/pb_basemods/5c4cfdaa-3f43-4132-8dc3-0489a621ae23/call-wf_basemods/wf_basemods/1faf5e96-d4c5-44dc-bd45-f1548199dc79/call-gather_basemods_gff/inputs/1011777656/basemods.gff /pub33/pbio10/smrtlink/userdata/jobs_root.default/cromwell-executions/pb_basemods/5c4cfdaa-3f43-4132-8dc3-0489a621ae23/call-wf_basemods/wf_basemods/1faf5e96-d4c5-44dc-bd45-f1548199dc79/call-gather_basemods_gff/inputs/-785173703/basemods.gff /pub33/pbio10/smrtlink/userdata/jobs_root.default/cromwell-executions/pb_basemods/5c4cfdaa-3f43-4132-8dc3-0489a621ae23/call-wf_basemods/wf_basemods/1faf5e96-d4c5-44dc-bd45-f1548199dc79/call-gather_basemods_gff/inputs/1712842234/basemods.gff /pub33/pbio10/smrtlink/userdata/jobs_root.default/cromwell-executions/pb_basemods/5c4cfdaa-3f43-4132-8dc3-0489a621ae23/call-wf_basemods/wf_basemods/1faf5e96-d4c5-44dc-bd45-f1548199dc79/call-gather_basemods_gff/inputs/-84109125/basemods.gff /pub33/pbio10/smrtlink/userdata/jobs_root.default/cromwell-executions/pb_basemods/5c4cfdaa-3f43-4132-8dc3-0489a621ae23/call-wf_basemods/wf_basemods/1faf5e96-d4c5-44dc-bd45-f1548199dc79/call-gather_basemods_gff/inputs/-1881060484/basemods.gff`
2022-04-14 14:03:29,442 INFO  - BackgroundConfigAsyncJobExecutionActor [UUID(1faf5e96)wf_basemods.gather_basemods_gff:NA:1]: executing: /bin/bash /pub33/pbio10/smrtlink/userdata/jobs_root.default/cromwell-executions/pb_basemods/5c4cfdaa-3f43-4132-8dc3-0489a621ae23/call-wf_basemods/wf_basemods/1faf5e96-d4c5-44dc-bd45-f1548199dc79/call-gather_basemods_gff/execution/script
2022-04-14 14:03:31,391 INFO  - BackgroundConfigAsyncJobExecutionActor [UUID(1faf5e96)wf_basemods.gather_basemods_gff:NA:1]: job id: 1998635
2022-04-14 14:03:31,391 INFO  - BackgroundConfigAsyncJobExecutionActor [UUID(1faf5e96)wf_basemods.gather_basemods_gff:NA:1]: Status change from - to Done
2022-04-14 14:03:36,864 INFO  - 1faf5e96-d4c5-44dc-bd45-f1548199dc79-SubWorkflowActor-SubWorkflow-wf_basemods:-1:1 [UUID(1faf5e96)]: Starting wf_basemods.find_motifs
2022-04-14 14:43:38,429 WARN  - BackgroundConfigAsyncJobExecutionActor [UUID(1faf5e96)wf_basemods.gather_basemods_csv:NA:1]: Unrecognized runtime attribute keys: cpu, memory
2022-04-14 14:43:38,445 INFO  - BackgroundConfigAsyncJobExecutionActor [UUID(1faf5e96)wf_basemods.gather_basemods_csv:NA:1]: `python3 \
  -m pbcoretools.tasks.gather \
  --log-level INFO \
   \
  basemods.csv \
  /pub33/pbio10/smrtlink/userdata/jobs_root.default/cromwell-executions/pb_basemods/5c4cfdaa-3f43-4132-8dc3-0489a621ae23/call-wf_basemods/wf_basemods/1faf5e96-d4c5-44dc-bd45-f1548199dc79/call-gather_basemods_csv/inputs/2107664437/basemods.csv /pub33/pbio10/smrtlink/userdata/jobs_root.default/cromwell-executions/pb_basemods/5c4cfdaa-3f43-4132-8dc3-0489a621ae23/call-wf_basemods/wf_basemods/1faf5e96-d4c5-44dc-bd45-f1548199dc79/call-gather_basemods_csv/inputs/310713078/basemods.csv /pub33/pbio10/smrtlink/userdata/jobs_root.default/cromwell-executions/pb_basemods/5c4cfdaa-3f43-4132-8dc3-0489a621ae23/call-wf_basemods/wf_basemods/1faf5e96-d4c5-44dc-bd45-f1548199dc79/call-gather_basemods_csv/inputs/-1486238281/basemods.csv /pub33/pbio10/smrtlink/userdata/jobs_root.default/cromwell-executions/pb_basemods/5c4cfdaa-3f43-4132-8dc3-0489a621ae23/call-wf_basemods/wf_basemods/1faf5e96-d4c5-44dc-bd45-f1548199dc79/call-gather_basemods_csv/inputs/1011777656/basemods.csv /pub33/pbio10/smrtlink/userdata/jobs_root.default/cromwell-executions/pb_basemods/5c4cfdaa-3f43-4132-8dc3-0489a621ae23/call-wf_basemods/wf_basemods/1faf5e96-d4c5-44dc-bd45-f1548199dc79/call-gather_basemods_csv/inputs/-785173703/basemods.csv /pub33/pbio10/smrtlink/userdata/jobs_root.default/cromwell-executions/pb_basemods/5c4cfdaa-3f43-4132-8dc3-0489a621ae23/call-wf_basemods/wf_basemods/1faf5e96-d4c5-44dc-bd45-f1548199dc79/call-gather_basemods_csv/inputs/1712842234/basemods.csv /pub33/pbio10/smrtlink/userdata/jobs_root.default/cromwell-executions/pb_basemods/5c4cfdaa-3f43-4132-8dc3-0489a621ae23/call-wf_basemods/wf_basemods/1faf5e96-d4c5-44dc-bd45-f1548199dc79/call-gather_basemods_csv/inputs/-84109125/basemods.csv /pub33/pbio10/smrtlink/userdata/jobs_root.default/cromwell-executions/pb_basemods/5c4cfdaa-3f43-4132-8dc3-0489a621ae23/call-wf_basemods/wf_basemods/1faf5e96-d4c5-44dc-bd45-f1548199dc79/call-gather_basemods_csv/inputs/-1881060484/basemods.csv`
2022-04-14 14:43:38,446 INFO  - BackgroundConfigAsyncJobExecutionActor [UUID(1faf5e96)wf_basemods.gather_basemods_csv:NA:1]: executing: /bin/bash /pub33/pbio10/smrtlink/userdata/jobs_root.default/cromwell-executions/pb_basemods/5c4cfdaa-3f43-4132-8dc3-0489a621ae23/call-wf_basemods/wf_basemods/1faf5e96-d4c5-44dc-bd45-f1548199dc79/call-gather_basemods_csv/execution/script
2022-04-14 14:43:41,377 INFO  - BackgroundConfigAsyncJobExecutionActor [UUID(1faf5e96)wf_basemods.gather_basemods_csv:NA:1]: job id: 2002209
2022-04-14 14:43:41,377 INFO  - BackgroundConfigAsyncJobExecutionActor [UUID(1faf5e96)wf_basemods.gather_basemods_csv:NA:1]: Status change from - to Done
2022-04-14 14:43:46,054 INFO  - 1faf5e96-d4c5-44dc-bd45-f1548199dc79-SubWorkflowActor-SubWorkflow-wf_basemods:-1:1 [UUID(1faf5e96)]: Starting wf_basemods.modifications_report
2022-04-14 15:20:08,427 WARN  - BackgroundConfigAsyncJobExecutionActor [UUID(1faf5e96)wf_basemods.find_motifs:NA:1]: Unrecognized runtime attribute keys: cpu, memory
2022-04-14 15:20:08,432 INFO  - BackgroundConfigAsyncJobExecutionActor [UUID(1faf5e96)wf_basemods.find_motifs:NA:1]: `python3 <<EOF
from pbcore.io import ReferenceSet
import os
fasta_file = ReferenceSet("/pub33/pbio10/smrtlink/userdata/jobs_root.default/cromwell-executions/pb_basemods/5c4cfdaa-3f43-4132-8dc3-0489a621ae23/call-wf_basemods/wf_basemods/1faf5e96-d4c5-44dc-bd45-f1548199dc79/call-find_motifs/inputs/59415632/smrtlink_reference.referenceset.xml", skipCounts=True).toExternalFiles()[0]
os.symlink(fasta_file, "reference.fasta")
EOF
motifMaker find \
  --parallelize \
  --gff /pub33/pbio10/smrtlink/userdata/jobs_root.default/cromwell-executions/pb_basemods/5c4cfdaa-3f43-4132-8dc3-0489a621ae23/call-wf_basemods/wf_basemods/1faf5e96-d4c5-44dc-bd45-f1548199dc79/call-find_motifs/inputs/-735800698/basemods.gff \
  --fasta reference.fasta \
  --output motifs.csv \
  --minScore 100`
2022-04-14 15:20:08,433 INFO  - BackgroundConfigAsyncJobExecutionActor [UUID(1faf5e96)wf_basemods.find_motifs:NA:1]: executing: /bin/bash /pub33/pbio10/smrtlink/userdata/jobs_root.default/cromwell-executions/pb_basemods/5c4cfdaa-3f43-4132-8dc3-0489a621ae23/call-wf_basemods/wf_basemods/1faf5e96-d4c5-44dc-bd45-f1548199dc79/call-find_motifs/execution/script
2022-04-14 15:20:11,395 INFO  - BackgroundConfigAsyncJobExecutionActor [UUID(1faf5e96)wf_basemods.find_motifs:NA:1]: job id: 2005663
2022-04-14 15:20:11,396 INFO  - BackgroundConfigAsyncJobExecutionActor [UUID(1faf5e96)wf_basemods.find_motifs:NA:1]: Status change from - to WaitingForReturnCode
2022-04-14 15:20:32,603 INFO  - BackgroundConfigAsyncJobExecutionActor [UUID(1faf5e96)wf_basemods.find_motifs:NA:1]: Status change from WaitingForReturnCode to Done
2022-04-14 15:20:37,394 INFO  - 1faf5e96-d4c5-44dc-bd45-f1548199dc79-SubWorkflowActor-SubWorkflow-wf_basemods:-1:1 [UUID(1faf5e96)]: Starting wf_basemods.reprocess_motifs
2022-04-14 15:55:17,426 WARN  - BackgroundConfigAsyncJobExecutionActor [UUID(1faf5e96)wf_basemods.modifications_report:NA:1]: Unrecognized runtime attribute keys: cpu, memory
2022-04-14 15:55:17,430 INFO  - BackgroundConfigAsyncJobExecutionActor [UUID(1faf5e96)wf_basemods.modifications_report:NA:1]: `python3 \
  -m pbreports.report.modifications \
  --log-level INFO \
  --modqv-cutoff 100 \
  /pub33/pbio10/smrtlink/userdata/jobs_root.default/cromwell-executions/pb_basemods/5c4cfdaa-3f43-4132-8dc3-0489a621ae23/call-wf_basemods/wf_basemods/1faf5e96-d4c5-44dc-bd45-f1548199dc79/call-modifications_report/inputs/-865531291/basemods.csv \
  modifications.report.json`
2022-04-14 15:55:17,433 INFO  - BackgroundConfigAsyncJobExecutionActor [UUID(1faf5e96)wf_basemods.modifications_report:NA:1]: executing: /bin/bash /pub33/pbio10/smrtlink/userdata/jobs_root.default/cromwell-executions/pb_basemods/5c4cfdaa-3f43-4132-8dc3-0489a621ae23/call-wf_basemods/wf_basemods/1faf5e96-d4c5-44dc-bd45-f1548199dc79/call-modifications_report/execution/script
2022-04-14 15:55:21,377 INFO  - BackgroundConfigAsyncJobExecutionActor [UUID(1faf5e96)wf_basemods.modifications_report:NA:1]: job id: 2009169
2022-04-14 15:55:21,377 INFO  - BackgroundConfigAsyncJobExecutionActor [UUID(1faf5e96)wf_basemods.modifications_report:NA:1]: Status change from - to WaitingForReturnCode
2022-04-14 15:55:25,973 INFO  - BackgroundConfigAsyncJobExecutionActor [UUID(1faf5e96)wf_basemods.modifications_report:NA:1]: Status change from WaitingForReturnCode to Done
2022-04-14 16:34:56,426 WARN  - BackgroundConfigAsyncJobExecutionActor [UUID(1faf5e96)wf_basemods.reprocess_motifs:NA:1]: Unrecognized runtime attribute keys: cpu, memory
2022-04-14 16:34:56,434 INFO  - BackgroundConfigAsyncJobExecutionActor [UUID(1faf5e96)wf_basemods.reprocess_motifs:NA:1]: `motifMaker reprocess \
  --gff /pub33/pbio10/smrtlink/userdata/jobs_root.default/cromwell-executions/pb_basemods/5c4cfdaa-3f43-4132-8dc3-0489a621ae23/call-wf_basemods/wf_basemods/1faf5e96-d4c5-44dc-bd45-f1548199dc79/call-reprocess_motifs/inputs/-735800698/basemods.gff \
  --motifs /pub33/pbio10/smrtlink/userdata/jobs_root.default/cromwell-executions/pb_basemods/5c4cfdaa-3f43-4132-8dc3-0489a621ae23/call-wf_basemods/wf_basemods/1faf5e96-d4c5-44dc-bd45-f1548199dc79/call-reprocess_motifs/inputs/1473331458/motifs.csv \
  --fasta /pub33/pbio10/smrtlink/userdata/jobs_root.default/cromwell-executions/pb_basemods/5c4cfdaa-3f43-4132-8dc3-0489a621ae23/call-wf_basemods/wf_basemods/1faf5e96-d4c5-44dc-bd45-f1548199dc79/call-reprocess_motifs/inputs/1473331458/reference.fasta \
  --output motifs.gff \
  --minFraction 0.3`
2022-04-14 16:34:56,436 INFO  - BackgroundConfigAsyncJobExecutionActor [UUID(1faf5e96)wf_basemods.reprocess_motifs:NA:1]: executing: /bin/bash /pub33/pbio10/smrtlink/userdata/jobs_root.default/cromwell-executions/pb_basemods/5c4cfdaa-3f43-4132-8dc3-0489a621ae23/call-wf_basemods/wf_basemods/1faf5e96-d4c5-44dc-bd45-f1548199dc79/call-reprocess_motifs/execution/script
2022-04-14 16:35:01,376 INFO  - BackgroundConfigAsyncJobExecutionActor [UUID(1faf5e96)wf_basemods.reprocess_motifs:NA:1]: job id: 2012746
2022-04-14 16:35:01,376 INFO  - BackgroundConfigAsyncJobExecutionActor [UUID(1faf5e96)wf_basemods.reprocess_motifs:NA:1]: Status change from - to Done
2022-04-14 16:35:06,993 INFO  - 1faf5e96-d4c5-44dc-bd45-f1548199dc79-SubWorkflowActor-SubWorkflow-wf_basemods:-1:1 [UUID(1faf5e96)]: Starting wf_basemods.motifs_report
2022-04-14 16:55:59,426 WARN  - BackgroundConfigAsyncJobExecutionActor [UUID(1faf5e96)wf_basemods.motifs_report:NA:1]: Unrecognized runtime attribute keys: cpu, memory
2022-04-14 16:55:59,434 INFO  - BackgroundConfigAsyncJobExecutionActor [UUID(1faf5e96)wf_basemods.motifs_report:NA:1]: `python3 \
  -m pbreports.report.motifs \
  --log-level INFO \
  /pub33/pbio10/smrtlink/userdata/jobs_root.default/cromwell-executions/pb_basemods/5c4cfdaa-3f43-4132-8dc3-0489a621ae23/call-wf_basemods/wf_basemods/1faf5e96-d4c5-44dc-bd45-f1548199dc79/call-motifs_report/inputs/-1450207743/motifs.gff /pub33/pbio10/smrtlink/userdata/jobs_root.default/cromwell-executions/pb_basemods/5c4cfdaa-3f43-4132-8dc3-0489a621ae23/call-wf_basemods/wf_basemods/1faf5e96-d4c5-44dc-bd45-f1548199dc79/call-motifs_report/inputs/1473331458/motifs.csv \
  motifs.report.json \
  --maxMotifs 10 \
  --modqv-cutoff 100 \
  --kinetics-csv /pub33/pbio10/smrtlink/userdata/jobs_root.default/cromwell-executions/pb_basemods/5c4cfdaa-3f43-4132-8dc3-0489a621ae23/call-wf_basemods/wf_basemods/1faf5e96-d4c5-44dc-bd45-f1548199dc79/call-motifs_report/inputs/-865531291/basemods.csv \
  --reference /pub33/pbio10/smrtlink/userdata/jobs_root.default/cromwell-executions/pb_basemods/5c4cfdaa-3f43-4132-8dc3-0489a621ae23/call-wf_basemods/wf_basemods/1faf5e96-d4c5-44dc-bd45-f1548199dc79/call-motifs_report/inputs/59415632/smrtlink_reference.referenceset.xml`
2022-04-14 16:55:59,436 INFO  - BackgroundConfigAsyncJobExecutionActor [UUID(1faf5e96)wf_basemods.motifs_report:NA:1]: executing: /bin/bash /pub33/pbio10/smrtlink/userdata/jobs_root.default/cromwell-executions/pb_basemods/5c4cfdaa-3f43-4132-8dc3-0489a621ae23/call-wf_basemods/wf_basemods/1faf5e96-d4c5-44dc-bd45-f1548199dc79/call-motifs_report/execution/script
2022-04-14 16:56:01,376 INFO  - BackgroundConfigAsyncJobExecutionActor [UUID(1faf5e96)wf_basemods.motifs_report:NA:1]: job id: 2015161
2022-04-14 16:56:01,377 INFO  - BackgroundConfigAsyncJobExecutionActor [UUID(1faf5e96)wf_basemods.motifs_report:NA:1]: Status change from - to WaitingForReturnCode
2022-04-14 16:56:05,984 INFO  - BackgroundConfigAsyncJobExecutionActor [UUID(1faf5e96)wf_basemods.motifs_report:NA:1]: Status change from WaitingForReturnCode to Done
2022-04-14 16:56:10,694 INFO  - 1faf5e96-d4c5-44dc-bd45-f1548199dc79-SubWorkflowActor-SubWorkflow-wf_basemods:-1:1 [UUID(1faf5e96)]: Workflow wf_basemods complete. Final Outputs:
{
  "wf_basemods.basemods_gff": "/pub33/pbio10/smrtlink/userdata/jobs_root.default/cromwell-executions/pb_basemods/5c4cfdaa-3f43-4132-8dc3-0489a621ae23/call-wf_basemods/wf_basemods/1faf5e96-d4c5-44dc-bd45-f1548199dc79/call-gather_basemods_gff/execution/basemods.gff",
  "wf_basemods.motifs_csv": "/pub33/pbio10/smrtlink/userdata/jobs_root.default/cromwell-executions/pb_basemods/5c4cfdaa-3f43-4132-8dc3-0489a621ae23/call-wf_basemods/wf_basemods/1faf5e96-d4c5-44dc-bd45-f1548199dc79/call-find_motifs/execution/motifs.csv",
  "wf_basemods.motifs_gff": "/pub33/pbio10/smrtlink/userdata/jobs_root.default/cromwell-executions/pb_basemods/5c4cfdaa-3f43-4132-8dc3-0489a621ae23/call-wf_basemods/wf_basemods/1faf5e96-d4c5-44dc-bd45-f1548199dc79/call-reprocess_motifs/execution/motifs.gff",
  "wf_basemods.basemods_csv": "/pub33/pbio10/smrtlink/userdata/jobs_root.default/cromwell-executions/pb_basemods/5c4cfdaa-3f43-4132-8dc3-0489a621ae23/call-wf_basemods/wf_basemods/1faf5e96-d4c5-44dc-bd45-f1548199dc79/call-gather_basemods_csv/execution/basemods.csv",
  "wf_basemods.bigwig_file": "/pub33/pbio10/smrtlink/userdata/jobs_root.default/cromwell-executions/pb_basemods/5c4cfdaa-3f43-4132-8dc3-0489a621ae23/call-wf_basemods/wf_basemods/1faf5e96-d4c5-44dc-bd45-f1548199dc79/call-gather_bigwig/execution/ipds.bw",
  "wf_basemods.report_motifs": "/pub33/pbio10/smrtlink/userdata/jobs_root.default/cromwell-executions/pb_basemods/5c4cfdaa-3f43-4132-8dc3-0489a621ae23/call-wf_basemods/wf_basemods/1faf5e96-d4c5-44dc-bd45-f1548199dc79/call-motifs_report/execution/motifs.report.json",
  "wf_basemods.report_modifications": "/pub33/pbio10/smrtlink/userdata/jobs_root.default/cromwell-executions/pb_basemods/5c4cfdaa-3f43-4132-8dc3-0489a621ae23/call-wf_basemods/wf_basemods/1faf5e96-d4c5-44dc-bd45-f1548199dc79/call-modifications_report/execution/modifications.report.json"
}
2022-04-14 16:56:11,804 INFO  - WorkflowExecutionActor-5c4cfdaa-3f43-4132-8dc3-0489a621ae23 [UUID(5c4cfdaa)]: Workflow pb_basemods complete. Final Outputs:
{
  "pb_basemods.report_modifications": "/pub33/pbio10/smrtlink/userdata/jobs_root.default/cromwell-executions/pb_basemods/5c4cfdaa-3f43-4132-8dc3-0489a621ae23/call-wf_basemods/wf_basemods/1faf5e96-d4c5-44dc-bd45-f1548199dc79/call-modifications_report/execution/modifications.report.json",
  "pb_basemods.basemods_gff": "/pub33/pbio10/smrtlink/userdata/jobs_root.default/cromwell-executions/pb_basemods/5c4cfdaa-3f43-4132-8dc3-0489a621ae23/call-wf_basemods/wf_basemods/1faf5e96-d4c5-44dc-bd45-f1548199dc79/call-gather_basemods_gff/execution/basemods.gff",
  "pb_basemods.motifs_csv": "/pub33/pbio10/smrtlink/userdata/jobs_root.default/cromwell-executions/pb_basemods/5c4cfdaa-3f43-4132-8dc3-0489a621ae23/call-wf_basemods/wf_basemods/1faf5e96-d4c5-44dc-bd45-f1548199dc79/call-find_motifs/execution/motifs.csv",
  "pb_basemods.basemods_csv": "/pub33/pbio10/smrtlink/userdata/jobs_root.default/cromwell-executions/pb_basemods/5c4cfdaa-3f43-4132-8dc3-0489a621ae23/call-wf_basemods/wf_basemods/1faf5e96-d4c5-44dc-bd45-f1548199dc79/call-gather_basemods_csv/execution/basemods.csv",
  "pb_basemods.report_mapping_stats": "/pub33/pbio10/smrtlink/userdata/jobs_root.default/cromwell-executions/pb_basemods/5c4cfdaa-3f43-4132-8dc3-0489a621ae23/call-mapping/mapping/edb61810-cb50-4672-83a9-52dd27ea5c45/call-mapping_stats/execution/mapping_stats.report.json",
  "pb_basemods.mapped_bam_datastore": null,
  "pb_basemods.motifs_gff": "/pub33/pbio10/smrtlink/userdata/jobs_root.default/cromwell-executions/pb_basemods/5c4cfdaa-3f43-4132-8dc3-0489a621ae23/call-wf_basemods/wf_basemods/1faf5e96-d4c5-44dc-bd45-f1548199dc79/call-reprocess_motifs/execution/motifs.gff",
  "pb_basemods.report_motifs": "/pub33/pbio10/smrtlink/userdata/jobs_root.default/cromwell-executions/pb_basemods/5c4cfdaa-3f43-4132-8dc3-0489a621ae23/call-wf_basemods/wf_basemods/1faf5e96-d4c5-44dc-bd45-f1548199dc79/call-motifs_report/execution/motifs.report.json",
  "pb_basemods.report_coverage": "/pub33/pbio10/smrtlink/userdata/jobs_root.default/cromwell-executions/pb_basemods/5c4cfdaa-3f43-4132-8dc3-0489a621ae23/call-coverage_reports/coverage_reports/6b8be80e-bc4d-414f-bdbd-9d8dc00a88db/call-pbreports_coverage/execution/coverage.report.json",
  "pb_basemods.bigwig_file": "/pub33/pbio10/smrtlink/userdata/jobs_root.default/cromwell-executions/pb_basemods/5c4cfdaa-3f43-4132-8dc3-0489a621ae23/call-wf_basemods/wf_basemods/1faf5e96-d4c5-44dc-bd45-f1548199dc79/call-gather_bigwig/execution/ipds.bw",
  "pb_basemods.mapped": "/pub33/pbio10/smrtlink/userdata/jobs_root.default/cromwell-executions/pb_basemods/5c4cfdaa-3f43-4132-8dc3-0489a621ae23/call-mapping/mapping/edb61810-cb50-4672-83a9-52dd27ea5c45/call-gather_alignments/execution/mapped.alignmentset.xml",
  "pb_basemods.coverage_gff": "/pub33/pbio10/smrtlink/userdata/jobs_root.default/cromwell-executions/pb_basemods/5c4cfdaa-3f43-4132-8dc3-0489a621ae23/call-coverage_reports/coverage_reports/6b8be80e-bc4d-414f-bdbd-9d8dc00a88db/call-summarize_coverage/execution/coverage.gff"
}
2022-04-14 16:56:12,323 INFO  - $e [UUID(5c4cfdaa)]: Copying workflow logs from /pub33/pbio10/smrtlink/userdata/jobs_root.default/cromwell-workflow-logs/workflow.5c4cfdaa-3f43-4132-8dc3-0489a621ae23.log to /pub33/pbio10/smrtlink/userdata/jobs_root/0000/0000001/0000001020/logs/workflow.5c4cfdaa-3f43-4132-8dc3-0489a621ae23.log
