2022-04-14 10:01:47,326 INFO  - MaterializeWorkflowDescriptorActor [UUID(5cb40ebe)]: Parsing workflow as WDL 1.0
2022-04-14 10:01:47,979 INFO  - MaterializeWorkflowDescriptorActor [UUID(5cb40ebe)]: Call-to-Backend assignments: pb_basemods.cleanup_chunked_dataset_files -> Local, coverage_reports.pbreports_coverage -> Local, mapping.cleanup_chunked_dataset_files -> Local, wf_basemods.reprocess_motifs -> Local, mapping.gather_alignments -> Local, wf_basemods.motifs_report -> Local, mapping.pbmm2_align -> Local, pb_basemods.auto_consolidate_alignments -> Local, coverage_reports.summarize_coverage -> Local, coverage_reports.target_coverage -> Local, coverage_reports.summarize_coverage -> Local, pb_basemods.update_reference -> Local, get_input_sizes.get_ref_size -> Local, wf_basemods.find_motifs -> Local, get_input_sizes.get_bam_size -> Local, coverage_reports.pbreports_coverage -> Local, mapping.auto_consolidate_alignments -> Local, mapping.split_reads -> Local, wf_basemods.gather_basemods_gff -> Local, coverage_reports.target_coverage -> Local, wf_basemods.ipdsummary -> Local, wf_basemods.gather_bigwig -> Local, coverage_reports.plot_target_coverage -> Local, wf_basemods.modifications_report -> Local, coverage_reports.gc_coverage_plot -> Local, pb_basemods.dataset_filter -> Local, wf_basemods.split_alignments -> Local, mapping.mapping_stats -> Local, wf_basemods.gather_basemods_csv -> Local, coverage_reports.gc_coverage_plot -> Local, coverage_reports.plot_target_coverage -> Local, pb_basemods.update_subreads -> Local
2022-04-14 10:01:47,985 WARN  - Local [UUID(5cb40ebe)]: Key/s [cpu, memory] is/are not supported by backend. Unsupported attributes will not be part of job executions.
2022-04-14 10:01:47,985 WARN  - Local [UUID(5cb40ebe)]: Key/s [cpu, memory] is/are not supported by backend. Unsupported attributes will not be part of job executions.
2022-04-14 10:01:47,985 WARN  - Local [UUID(5cb40ebe)]: Key/s [cpu, memory] is/are not supported by backend. Unsupported attributes will not be part of job executions.
2022-04-14 10:01:47,985 WARN  - Local [UUID(5cb40ebe)]: Key/s [cpu, memory] is/are not supported by backend. Unsupported attributes will not be part of job executions.
2022-04-14 10:01:47,985 WARN  - Local [UUID(5cb40ebe)]: Key/s [cpu, memory] is/are not supported by backend. Unsupported attributes will not be part of job executions.
2022-04-14 10:01:47,985 WARN  - Local [UUID(5cb40ebe)]: Key/s [cpu, memory] is/are not supported by backend. Unsupported attributes will not be part of job executions.
2022-04-14 10:01:47,985 WARN  - Local [UUID(5cb40ebe)]: Key/s [cpu, memory] is/are not supported by backend. Unsupported attributes will not be part of job executions.
2022-04-14 10:01:47,985 WARN  - Local [UUID(5cb40ebe)]: Key/s [cpu, memory] is/are not supported by backend. Unsupported attributes will not be part of job executions.
2022-04-14 10:01:47,985 WARN  - Local [UUID(5cb40ebe)]: Key/s [cpu, memory] is/are not supported by backend. Unsupported attributes will not be part of job executions.
2022-04-14 10:01:47,985 WARN  - Local [UUID(5cb40ebe)]: Key/s [cpu, memory] is/are not supported by backend. Unsupported attributes will not be part of job executions.
2022-04-14 10:01:47,985 WARN  - Local [UUID(5cb40ebe)]: Key/s [cpu, memory] is/are not supported by backend. Unsupported attributes will not be part of job executions.
2022-04-14 10:01:47,985 WARN  - Local [UUID(5cb40ebe)]: Key/s [backend, memory] is/are not supported by backend. Unsupported attributes will not be part of job executions.
2022-04-14 10:01:47,985 WARN  - Local [UUID(5cb40ebe)]: Key/s [cpu, memory] is/are not supported by backend. Unsupported attributes will not be part of job executions.
2022-04-14 10:01:47,985 WARN  - Local [UUID(5cb40ebe)]: Key/s [cpu, memory] is/are not supported by backend. Unsupported attributes will not be part of job executions.
2022-04-14 10:01:47,985 WARN  - Local [UUID(5cb40ebe)]: Key/s [cpu, memory] is/are not supported by backend. Unsupported attributes will not be part of job executions.
2022-04-14 10:01:47,985 WARN  - Local [UUID(5cb40ebe)]: Key/s [cpu, memory] is/are not supported by backend. Unsupported attributes will not be part of job executions.
2022-04-14 10:01:47,985 WARN  - Local [UUID(5cb40ebe)]: Key/s [cpu, memory] is/are not supported by backend. Unsupported attributes will not be part of job executions.
2022-04-14 10:01:47,985 WARN  - Local [UUID(5cb40ebe)]: Key/s [cpu, memory] is/are not supported by backend. Unsupported attributes will not be part of job executions.
2022-04-14 10:01:47,985 WARN  - Local [UUID(5cb40ebe)]: Key/s [cpu, memory] is/are not supported by backend. Unsupported attributes will not be part of job executions.
2022-04-14 10:01:47,985 WARN  - Local [UUID(5cb40ebe)]: Key/s [cpu, memory] is/are not supported by backend. Unsupported attributes will not be part of job executions.
2022-04-14 10:01:47,985 WARN  - Local [UUID(5cb40ebe)]: Key/s [cpu, memory] is/are not supported by backend. Unsupported attributes will not be part of job executions.
2022-04-14 10:01:47,985 WARN  - Local [UUID(5cb40ebe)]: Key/s [cpu, memory] is/are not supported by backend. Unsupported attributes will not be part of job executions.
2022-04-14 10:01:47,985 WARN  - Local [UUID(5cb40ebe)]: Key/s [cpu, memory] is/are not supported by backend. Unsupported attributes will not be part of job executions.
2022-04-14 10:01:47,985 WARN  - Local [UUID(5cb40ebe)]: Key/s [cpu, memory] is/are not supported by backend. Unsupported attributes will not be part of job executions.
2022-04-14 10:01:47,985 WARN  - Local [UUID(5cb40ebe)]: Key/s [cpu, memory] is/are not supported by backend. Unsupported attributes will not be part of job executions.
2022-04-14 10:01:47,985 WARN  - Local [UUID(5cb40ebe)]: Key/s [cpu, memory] is/are not supported by backend. Unsupported attributes will not be part of job executions.
2022-04-14 10:01:47,985 WARN  - Local [UUID(5cb40ebe)]: Key/s [cpu, memory] is/are not supported by backend. Unsupported attributes will not be part of job executions.
2022-04-14 10:01:47,985 WARN  - Local [UUID(5cb40ebe)]: Key/s [cpu, memory] is/are not supported by backend. Unsupported attributes will not be part of job executions.
2022-04-14 10:01:47,985 WARN  - Local [UUID(5cb40ebe)]: Key/s [cpu, memory] is/are not supported by backend. Unsupported attributes will not be part of job executions.
2022-04-14 10:01:47,985 WARN  - Local [UUID(5cb40ebe)]: Key/s [cpu, memory] is/are not supported by backend. Unsupported attributes will not be part of job executions.
2022-04-14 10:01:47,985 WARN  - Local [UUID(5cb40ebe)]: Key/s [cpu, memory] is/are not supported by backend. Unsupported attributes will not be part of job executions.
2022-04-14 10:01:47,985 WARN  - Local [UUID(5cb40ebe)]: Key/s [backend, memory] is/are not supported by backend. Unsupported attributes will not be part of job executions.
2022-04-14 10:01:50,024 INFO  - WorkflowExecutionActor-5cb40ebe-71f3-456d-9c2c-2267cd8f47bc [UUID(5cb40ebe)]: Starting pb_basemods.update_reference, pb_basemods.update_subreads
2022-04-14 10:11:08,426 WARN  - BackgroundConfigAsyncJobExecutionActor [UUID(5cb40ebe)pb_basemods.update_subreads:NA:1]: Unrecognized runtime attribute keys: backend, memory
2022-04-14 10:11:08,430 INFO  - BackgroundConfigAsyncJobExecutionActor [UUID(5cb40ebe)pb_basemods.update_subreads:NA:1]: `touch .NOARCHIVE
set -vex
dataset \
  --skipCounts \
  --log-level INFO \
  absolutize \
  /pub33/pbio10/smrtlink/userdata/jobs_root.default/cromwell-executions/pb_basemods/5cb40ebe-71f3-456d-9c2c-2267cd8f47bc/call-update_subreads/inputs/693143382/demultiplex.bc2019--bc2019.subreadset.xml \
  --outdir .`
2022-04-14 10:11:08,434 INFO  - BackgroundConfigAsyncJobExecutionActor [UUID(5cb40ebe)pb_basemods.update_subreads:NA:1]: executing: /bin/bash /pub33/pbio10/smrtlink/userdata/jobs_root.default/cromwell-executions/pb_basemods/5cb40ebe-71f3-456d-9c2c-2267cd8f47bc/call-update_subreads/execution/script
2022-04-14 10:11:11,559 INFO  - BackgroundConfigAsyncJobExecutionActor [UUID(5cb40ebe)pb_basemods.update_subreads:NA:1]: job id: 1963591
2022-04-14 10:11:11,560 INFO  - BackgroundConfigAsyncJobExecutionActor [UUID(5cb40ebe)pb_basemods.update_subreads:NA:1]: Status change from - to Done
2022-04-14 10:11:15,703 INFO  - WorkflowExecutionActor-5cb40ebe-71f3-456d-9c2c-2267cd8f47bc [UUID(5cb40ebe)]: Starting pb_basemods.dataset_filter
2022-04-14 10:12:53,426 WARN  - BackgroundConfigAsyncJobExecutionActor [UUID(5cb40ebe)pb_basemods.update_reference:NA:1]: Unrecognized runtime attribute keys: backend, memory
2022-04-14 10:12:53,430 INFO  - BackgroundConfigAsyncJobExecutionActor [UUID(5cb40ebe)pb_basemods.update_reference:NA:1]: `touch .NOARCHIVE
set -vex
dataset \
  --skipCounts \
  --log-level INFO \
  absolutize \
  /pub33/pbio10/smrtlink/userdata/jobs_root.default/cromwell-executions/pb_basemods/5cb40ebe-71f3-456d-9c2c-2267cd8f47bc/call-update_reference/inputs/-1895845120/smrtlink_reference.referenceset.xml \
  --outdir .`
2022-04-14 10:12:53,432 INFO  - BackgroundConfigAsyncJobExecutionActor [UUID(5cb40ebe)pb_basemods.update_reference:NA:1]: executing: /bin/bash /pub33/pbio10/smrtlink/userdata/jobs_root.default/cromwell-executions/pb_basemods/5cb40ebe-71f3-456d-9c2c-2267cd8f47bc/call-update_reference/execution/script
2022-04-14 10:12:56,377 INFO  - BackgroundConfigAsyncJobExecutionActor [UUID(5cb40ebe)pb_basemods.update_reference:NA:1]: job id: 1964290
2022-04-14 10:12:56,377 INFO  - BackgroundConfigAsyncJobExecutionActor [UUID(5cb40ebe)pb_basemods.update_reference:NA:1]: Status change from - to Done
2022-04-14 10:13:23,427 WARN  - BackgroundConfigAsyncJobExecutionActor [UUID(5cb40ebe)pb_basemods.dataset_filter:NA:1]: Unrecognized runtime attribute keys: cpu, memory
2022-04-14 10:13:23,431 INFO  - BackgroundConfigAsyncJobExecutionActor [UUID(5cb40ebe)pb_basemods.dataset_filter:NA:1]: `touch .NOARCHIVE
set -vex
python3 \
  -m pbcoretools.tasks.dataset_filter \
  --log-level INFO \
  /pub33/pbio10/smrtlink/userdata/jobs_root.default/cromwell-executions/pb_basemods/5cb40ebe-71f3-456d-9c2c-2267cd8f47bc/call-dataset_filter/inputs/1159948632/demultiplex.bc2019--bc2019.subreadset.xml \
  filtered.subreadset.xml \
  '' \
   \
   \
   \
  --downsample 0`
2022-04-14 10:13:23,433 INFO  - BackgroundConfigAsyncJobExecutionActor [UUID(5cb40ebe)pb_basemods.dataset_filter:NA:1]: executing: /bin/bash /pub33/pbio10/smrtlink/userdata/jobs_root.default/cromwell-executions/pb_basemods/5cb40ebe-71f3-456d-9c2c-2267cd8f47bc/call-dataset_filter/execution/script
2022-04-14 10:13:26,377 INFO  - BackgroundConfigAsyncJobExecutionActor [UUID(5cb40ebe)pb_basemods.dataset_filter:NA:1]: job id: 1964746
2022-04-14 10:13:26,377 INFO  - BackgroundConfigAsyncJobExecutionActor [UUID(5cb40ebe)pb_basemods.dataset_filter:NA:1]: Status change from - to Done
2022-04-14 10:13:35,444 INFO  - 66601b41-23e4-4133-a819-1ff94b34ab91-SubWorkflowActor-SubWorkflow-get_input_sizes:-1:1 [UUID(66601b41)]: Starting get_input_sizes.get_bam_size
2022-04-14 10:13:37,484 INFO  - 66601b41-23e4-4133-a819-1ff94b34ab91-SubWorkflowActor-SubWorkflow-get_input_sizes:-1:1 [UUID(66601b41)]: Starting get_input_sizes.get_ref_size
2022-04-14 10:14:05,426 WARN  - BackgroundConfigAsyncJobExecutionActor [UUID(66601b41)get_input_sizes.get_bam_size:NA:1]: Unrecognized runtime attribute keys: cpu, memory
2022-04-14 10:14:05,435 INFO  - BackgroundConfigAsyncJobExecutionActor [UUID(66601b41)get_input_sizes.get_bam_size:NA:1]: `python3 -m pbcoretools.tasks.memory.get_dataset_size \
  /pub33/pbio10/smrtlink/userdata/jobs_root.default/cromwell-executions/pb_basemods/5cb40ebe-71f3-456d-9c2c-2267cd8f47bc/call-mapping/mapping/2cce6d72-7910-4d46-9be0-2258668d89c4/call-get_input_sizes/get_input_sizes/66601b41-23e4-4133-a819-1ff94b34ab91/call-get_bam_size/inputs/-2005404820/filtered.subreadset.xml \
  --skip-counts \
  --get-index-size`
2022-04-14 10:14:05,436 INFO  - BackgroundConfigAsyncJobExecutionActor [UUID(66601b41)get_input_sizes.get_bam_size:NA:1]: executing: /bin/bash /pub33/pbio10/smrtlink/userdata/jobs_root.default/cromwell-executions/pb_basemods/5cb40ebe-71f3-456d-9c2c-2267cd8f47bc/call-mapping/mapping/2cce6d72-7910-4d46-9be0-2258668d89c4/call-get_input_sizes/get_input_sizes/66601b41-23e4-4133-a819-1ff94b34ab91/call-get_bam_size/execution/script
2022-04-14 10:14:06,377 INFO  - BackgroundConfigAsyncJobExecutionActor [UUID(66601b41)get_input_sizes.get_bam_size:NA:1]: job id: 1965261
2022-04-14 10:14:06,378 INFO  - BackgroundConfigAsyncJobExecutionActor [UUID(66601b41)get_input_sizes.get_bam_size:NA:1]: Status change from - to Done
2022-04-14 10:14:23,427 WARN  - BackgroundConfigAsyncJobExecutionActor [UUID(66601b41)get_input_sizes.get_ref_size:NA:1]: Unrecognized runtime attribute keys: cpu, memory
2022-04-14 10:14:23,431 INFO  - BackgroundConfigAsyncJobExecutionActor [UUID(66601b41)get_input_sizes.get_ref_size:NA:1]: `python3 -m pbcoretools.tasks.memory.get_dataset_size \
  /pub33/pbio10/smrtlink/userdata/jobs_root.default/cromwell-executions/pb_basemods/5cb40ebe-71f3-456d-9c2c-2267cd8f47bc/call-mapping/mapping/2cce6d72-7910-4d46-9be0-2258668d89c4/call-get_input_sizes/get_input_sizes/66601b41-23e4-4133-a819-1ff94b34ab91/call-get_ref_size/inputs/-454421214/smrtlink_reference.referenceset.xml \
  --no-skip-counts \`
2022-04-14 10:14:23,433 INFO  - BackgroundConfigAsyncJobExecutionActor [UUID(66601b41)get_input_sizes.get_ref_size:NA:1]: executing: /bin/bash /pub33/pbio10/smrtlink/userdata/jobs_root.default/cromwell-executions/pb_basemods/5cb40ebe-71f3-456d-9c2c-2267cd8f47bc/call-mapping/mapping/2cce6d72-7910-4d46-9be0-2258668d89c4/call-get_input_sizes/get_input_sizes/66601b41-23e4-4133-a819-1ff94b34ab91/call-get_ref_size/execution/script
2022-04-14 10:14:26,377 INFO  - BackgroundConfigAsyncJobExecutionActor [UUID(66601b41)get_input_sizes.get_ref_size:NA:1]: job id: 1965658
2022-04-14 10:14:26,378 INFO  - BackgroundConfigAsyncJobExecutionActor [UUID(66601b41)get_input_sizes.get_ref_size:NA:1]: Status change from - to Done
2022-04-14 10:14:32,674 INFO  - 66601b41-23e4-4133-a819-1ff94b34ab91-SubWorkflowActor-SubWorkflow-get_input_sizes:-1:1 [UUID(66601b41)]: Workflow get_input_sizes complete. Final Outputs:
{
  "get_input_sizes.bam_filters": 1,
  "get_input_sizes.index_memory_gb": 2,
  "get_input_sizes.bam_size": 7102627,
  "get_input_sizes.bam_files": 1,
  "get_input_sizes.bam_length_mb": 22341,
  "get_input_sizes.genome_length_mb": 1,
  "get_input_sizes.num_contigs": 1
}
2022-04-14 10:14:34,604 INFO  - 2cce6d72-7910-4d46-9be0-2258668d89c4-SubWorkflowActor-SubWorkflow-mapping:-1:1 [UUID(2cce6d72)]: Starting mapping.split_reads
2022-04-14 10:16:50,428 WARN  - BackgroundConfigAsyncJobExecutionActor [UUID(2cce6d72)mapping.split_reads:NA:1]: Unrecognized runtime attribute keys: cpu, memory
2022-04-14 10:16:50,433 INFO  - BackgroundConfigAsyncJobExecutionActor [UUID(2cce6d72)mapping.split_reads:NA:1]: `touch .NOARCHIVE
dataset \
  --log-level INFO \
  split --zmws --simple-chunk-ids  \
  --maxChunks 8 \
  --targetSize 20000 \
  --outdir . \
  /pub33/pbio10/smrtlink/userdata/jobs_root.default/cromwell-executions/pb_basemods/5cb40ebe-71f3-456d-9c2c-2267cd8f47bc/call-mapping/mapping/2cce6d72-7910-4d46-9be0-2258668d89c4/call-split_reads/inputs/-2005404820/filtered.subreadset.xml`
2022-04-14 10:16:50,435 INFO  - BackgroundConfigAsyncJobExecutionActor [UUID(2cce6d72)mapping.split_reads:NA:1]: executing: /bin/bash /pub33/pbio10/smrtlink/userdata/jobs_root.default/cromwell-executions/pb_basemods/5cb40ebe-71f3-456d-9c2c-2267cd8f47bc/call-mapping/mapping/2cce6d72-7910-4d46-9be0-2258668d89c4/call-split_reads/execution/script
2022-04-14 10:16:51,376 INFO  - BackgroundConfigAsyncJobExecutionActor [UUID(2cce6d72)mapping.split_reads:NA:1]: job id: 1966475
2022-04-14 10:16:51,377 INFO  - BackgroundConfigAsyncJobExecutionActor [UUID(2cce6d72)mapping.split_reads:NA:1]: Status change from - to WaitingForReturnCode
2022-04-14 10:17:33,443 INFO  - BackgroundConfigAsyncJobExecutionActor [UUID(2cce6d72)mapping.split_reads:NA:1]: Status change from WaitingForReturnCode to Done
2022-04-14 10:17:39,224 INFO  - 2cce6d72-7910-4d46-9be0-2258668d89c4-SubWorkflowActor-SubWorkflow-mapping:-1:1 [UUID(2cce6d72)]: Starting mapping.pbmm2_align (8 shards)
2022-04-14 10:26:20,428 WARN  - BackgroundConfigAsyncJobExecutionActor [UUID(2cce6d72)mapping.pbmm2_align:7:1]: Unrecognized runtime attribute keys: cpu, memory
2022-04-14 10:26:20,435 INFO  - BackgroundConfigAsyncJobExecutionActor [UUID(2cce6d72)mapping.pbmm2_align:7:1]: `set -vex
TMPDIR=/pub33/pbio10/smrtlink/userdata/tmp_dir \
pbmm2 \
  align \
  /pub33/pbio10/smrtlink/userdata/jobs_root.default/cromwell-executions/pb_basemods/5cb40ebe-71f3-456d-9c2c-2267cd8f47bc/call-mapping/mapping/2cce6d72-7910-4d46-9be0-2258668d89c4/call-pbmm2_align/shard-7/inputs/-454421214/smrtlink_reference.referenceset.xml \
  /pub33/pbio10/smrtlink/userdata/jobs_root.default/cromwell-executions/pb_basemods/5cb40ebe-71f3-456d-9c2c-2267cd8f47bc/call-mapping/mapping/2cce6d72-7910-4d46-9be0-2258668d89c4/call-pbmm2_align/shard-7/inputs/2119352614/filtered.chunk7.subreadset.xml \
  mapped.alignmentset.xml \
  --sort \
  --min-gap-comp-id-perc 70.0 \
  --min-length 50 \
  --sample "" \
   \
   \
   \
   \
   \
   \
   \
  -j 15 \
  --log-level INFO \
  --log-file pbmm2.log \
  --alarms alarms.json && \
ls mapped.alignmentset.xml || ( \
cp mapped.json mapped.datastore.json && \
python3 \
  -m pbcoretools.tasks.dataset_to_datastore \
  mapped.datastore.json \
  mapped.alignmentset.xml
)`
2022-04-14 10:26:20,437 INFO  - BackgroundConfigAsyncJobExecutionActor [UUID(2cce6d72)mapping.pbmm2_align:7:1]: executing: /bin/bash /pub33/pbio10/smrtlink/userdata/jobs_root.default/cromwell-executions/pb_basemods/5cb40ebe-71f3-456d-9c2c-2267cd8f47bc/call-mapping/mapping/2cce6d72-7910-4d46-9be0-2258668d89c4/call-pbmm2_align/shard-7/execution/script
2022-04-14 10:26:21,438 INFO  - BackgroundConfigAsyncJobExecutionActor [UUID(2cce6d72)mapping.pbmm2_align:7:1]: job id: 1968081
2022-04-14 10:26:21,444 INFO  - BackgroundConfigAsyncJobExecutionActor [UUID(2cce6d72)mapping.pbmm2_align:7:1]: Status change from - to WaitingForReturnCode
2022-04-14 10:30:29,326 INFO  - BackgroundConfigAsyncJobExecutionActor [UUID(2cce6d72)mapping.pbmm2_align:7:1]: Status change from WaitingForReturnCode to Done
2022-04-14 10:30:35,427 WARN  - BackgroundConfigAsyncJobExecutionActor [UUID(2cce6d72)mapping.pbmm2_align:2:1]: Unrecognized runtime attribute keys: cpu, memory
2022-04-14 10:30:35,434 INFO  - BackgroundConfigAsyncJobExecutionActor [UUID(2cce6d72)mapping.pbmm2_align:2:1]: `set -vex
TMPDIR=/pub33/pbio10/smrtlink/userdata/tmp_dir \
pbmm2 \
  align \
  /pub33/pbio10/smrtlink/userdata/jobs_root.default/cromwell-executions/pb_basemods/5cb40ebe-71f3-456d-9c2c-2267cd8f47bc/call-mapping/mapping/2cce6d72-7910-4d46-9be0-2258668d89c4/call-pbmm2_align/shard-2/inputs/-454421214/smrtlink_reference.referenceset.xml \
  /pub33/pbio10/smrtlink/userdata/jobs_root.default/cromwell-executions/pb_basemods/5cb40ebe-71f3-456d-9c2c-2267cd8f47bc/call-mapping/mapping/2cce6d72-7910-4d46-9be0-2258668d89c4/call-pbmm2_align/shard-2/inputs/2119352614/filtered.chunk2.subreadset.xml \
  mapped.alignmentset.xml \
  --sort \
  --min-gap-comp-id-perc 70.0 \
  --min-length 50 \
  --sample "" \
   \
   \
   \
   \
   \
   \
   \
  -j 15 \
  --log-level INFO \
  --log-file pbmm2.log \
  --alarms alarms.json && \
ls mapped.alignmentset.xml || ( \
cp mapped.json mapped.datastore.json && \
python3 \
  -m pbcoretools.tasks.dataset_to_datastore \
  mapped.datastore.json \
  mapped.alignmentset.xml
)`
2022-04-14 10:30:35,435 INFO  - BackgroundConfigAsyncJobExecutionActor [UUID(2cce6d72)mapping.pbmm2_align:2:1]: executing: /bin/bash /pub33/pbio10/smrtlink/userdata/jobs_root.default/cromwell-executions/pb_basemods/5cb40ebe-71f3-456d-9c2c-2267cd8f47bc/call-mapping/mapping/2cce6d72-7910-4d46-9be0-2258668d89c4/call-pbmm2_align/shard-2/execution/script
2022-04-14 10:30:36,377 INFO  - BackgroundConfigAsyncJobExecutionActor [UUID(2cce6d72)mapping.pbmm2_align:2:1]: job id: 1969247
2022-04-14 10:30:36,377 INFO  - BackgroundConfigAsyncJobExecutionActor [UUID(2cce6d72)mapping.pbmm2_align:2:1]: Status change from - to WaitingForReturnCode
2022-04-14 10:35:22,456 INFO  - BackgroundConfigAsyncJobExecutionActor [UUID(2cce6d72)mapping.pbmm2_align:2:1]: Status change from WaitingForReturnCode to Done
2022-04-14 10:36:14,427 WARN  - BackgroundConfigAsyncJobExecutionActor [UUID(2cce6d72)mapping.pbmm2_align:1:1]: Unrecognized runtime attribute keys: cpu, memory
2022-04-14 10:36:14,432 INFO  - BackgroundConfigAsyncJobExecutionActor [UUID(2cce6d72)mapping.pbmm2_align:1:1]: `set -vex
TMPDIR=/pub33/pbio10/smrtlink/userdata/tmp_dir \
pbmm2 \
  align \
  /pub33/pbio10/smrtlink/userdata/jobs_root.default/cromwell-executions/pb_basemods/5cb40ebe-71f3-456d-9c2c-2267cd8f47bc/call-mapping/mapping/2cce6d72-7910-4d46-9be0-2258668d89c4/call-pbmm2_align/shard-1/inputs/-454421214/smrtlink_reference.referenceset.xml \
  /pub33/pbio10/smrtlink/userdata/jobs_root.default/cromwell-executions/pb_basemods/5cb40ebe-71f3-456d-9c2c-2267cd8f47bc/call-mapping/mapping/2cce6d72-7910-4d46-9be0-2258668d89c4/call-pbmm2_align/shard-1/inputs/2119352614/filtered.chunk1.subreadset.xml \
  mapped.alignmentset.xml \
  --sort \
  --min-gap-comp-id-perc 70.0 \
  --min-length 50 \
  --sample "" \
   \
   \
   \
   \
   \
   \
   \
  -j 15 \
  --log-level INFO \
  --log-file pbmm2.log \
  --alarms alarms.json && \
ls mapped.alignmentset.xml || ( \
cp mapped.json mapped.datastore.json && \
python3 \
  -m pbcoretools.tasks.dataset_to_datastore \
  mapped.datastore.json \
  mapped.alignmentset.xml
)`
2022-04-14 10:36:14,433 INFO  - BackgroundConfigAsyncJobExecutionActor [UUID(2cce6d72)mapping.pbmm2_align:1:1]: executing: /bin/bash /pub33/pbio10/smrtlink/userdata/jobs_root.default/cromwell-executions/pb_basemods/5cb40ebe-71f3-456d-9c2c-2267cd8f47bc/call-mapping/mapping/2cce6d72-7910-4d46-9be0-2258668d89c4/call-pbmm2_align/shard-1/execution/script
2022-04-14 10:36:16,378 INFO  - BackgroundConfigAsyncJobExecutionActor [UUID(2cce6d72)mapping.pbmm2_align:1:1]: job id: 1970580
2022-04-14 10:36:16,381 INFO  - BackgroundConfigAsyncJobExecutionActor [UUID(2cce6d72)mapping.pbmm2_align:1:1]: Status change from - to WaitingForReturnCode
2022-04-14 10:40:50,227 INFO  - BackgroundConfigAsyncJobExecutionActor [UUID(2cce6d72)mapping.pbmm2_align:1:1]: Status change from WaitingForReturnCode to Done
2022-04-14 10:42:14,427 WARN  - BackgroundConfigAsyncJobExecutionActor [UUID(2cce6d72)mapping.pbmm2_align:3:1]: Unrecognized runtime attribute keys: cpu, memory
2022-04-14 10:42:14,434 INFO  - BackgroundConfigAsyncJobExecutionActor [UUID(2cce6d72)mapping.pbmm2_align:3:1]: `set -vex
TMPDIR=/pub33/pbio10/smrtlink/userdata/tmp_dir \
pbmm2 \
  align \
  /pub33/pbio10/smrtlink/userdata/jobs_root.default/cromwell-executions/pb_basemods/5cb40ebe-71f3-456d-9c2c-2267cd8f47bc/call-mapping/mapping/2cce6d72-7910-4d46-9be0-2258668d89c4/call-pbmm2_align/shard-3/inputs/-454421214/smrtlink_reference.referenceset.xml \
  /pub33/pbio10/smrtlink/userdata/jobs_root.default/cromwell-executions/pb_basemods/5cb40ebe-71f3-456d-9c2c-2267cd8f47bc/call-mapping/mapping/2cce6d72-7910-4d46-9be0-2258668d89c4/call-pbmm2_align/shard-3/inputs/2119352614/filtered.chunk3.subreadset.xml \
  mapped.alignmentset.xml \
  --sort \
  --min-gap-comp-id-perc 70.0 \
  --min-length 50 \
  --sample "" \
   \
   \
   \
   \
   \
   \
   \
  -j 15 \
  --log-level INFO \
  --log-file pbmm2.log \
  --alarms alarms.json && \
ls mapped.alignmentset.xml || ( \
cp mapped.json mapped.datastore.json && \
python3 \
  -m pbcoretools.tasks.dataset_to_datastore \
  mapped.datastore.json \
  mapped.alignmentset.xml
)`
2022-04-14 10:42:14,436 INFO  - BackgroundConfigAsyncJobExecutionActor [UUID(2cce6d72)mapping.pbmm2_align:3:1]: executing: /bin/bash /pub33/pbio10/smrtlink/userdata/jobs_root.default/cromwell-executions/pb_basemods/5cb40ebe-71f3-456d-9c2c-2267cd8f47bc/call-mapping/mapping/2cce6d72-7910-4d46-9be0-2258668d89c4/call-pbmm2_align/shard-3/execution/script
2022-04-14 10:42:16,393 INFO  - BackgroundConfigAsyncJobExecutionActor [UUID(2cce6d72)mapping.pbmm2_align:3:1]: job id: 1972029
2022-04-14 10:42:16,394 INFO  - BackgroundConfigAsyncJobExecutionActor [UUID(2cce6d72)mapping.pbmm2_align:3:1]: Status change from - to WaitingForReturnCode
2022-04-14 10:46:11,233 INFO  - BackgroundConfigAsyncJobExecutionActor [UUID(2cce6d72)mapping.pbmm2_align:3:1]: Status change from WaitingForReturnCode to Done
2022-04-14 10:48:02,427 WARN  - BackgroundConfigAsyncJobExecutionActor [UUID(2cce6d72)mapping.pbmm2_align:0:1]: Unrecognized runtime attribute keys: cpu, memory
2022-04-14 10:48:02,434 INFO  - BackgroundConfigAsyncJobExecutionActor [UUID(2cce6d72)mapping.pbmm2_align:0:1]: `set -vex
TMPDIR=/pub33/pbio10/smrtlink/userdata/tmp_dir \
pbmm2 \
  align \
  /pub33/pbio10/smrtlink/userdata/jobs_root.default/cromwell-executions/pb_basemods/5cb40ebe-71f3-456d-9c2c-2267cd8f47bc/call-mapping/mapping/2cce6d72-7910-4d46-9be0-2258668d89c4/call-pbmm2_align/shard-0/inputs/-454421214/smrtlink_reference.referenceset.xml \
  /pub33/pbio10/smrtlink/userdata/jobs_root.default/cromwell-executions/pb_basemods/5cb40ebe-71f3-456d-9c2c-2267cd8f47bc/call-mapping/mapping/2cce6d72-7910-4d46-9be0-2258668d89c4/call-pbmm2_align/shard-0/inputs/2119352614/filtered.chunk0.subreadset.xml \
  mapped.alignmentset.xml \
  --sort \
  --min-gap-comp-id-perc 70.0 \
  --min-length 50 \
  --sample "" \
   \
   \
   \
   \
   \
   \
   \
  -j 15 \
  --log-level INFO \
  --log-file pbmm2.log \
  --alarms alarms.json && \
ls mapped.alignmentset.xml || ( \
cp mapped.json mapped.datastore.json && \
python3 \
  -m pbcoretools.tasks.dataset_to_datastore \
  mapped.datastore.json \
  mapped.alignmentset.xml
)`
2022-04-14 10:48:02,436 INFO  - BackgroundConfigAsyncJobExecutionActor [UUID(2cce6d72)mapping.pbmm2_align:0:1]: executing: /bin/bash /pub33/pbio10/smrtlink/userdata/jobs_root.default/cromwell-executions/pb_basemods/5cb40ebe-71f3-456d-9c2c-2267cd8f47bc/call-mapping/mapping/2cce6d72-7910-4d46-9be0-2258668d89c4/call-pbmm2_align/shard-0/execution/script
2022-04-14 10:48:06,383 INFO  - BackgroundConfigAsyncJobExecutionActor [UUID(2cce6d72)mapping.pbmm2_align:0:1]: job id: 1973320
2022-04-14 10:48:06,384 INFO  - BackgroundConfigAsyncJobExecutionActor [UUID(2cce6d72)mapping.pbmm2_align:0:1]: Status change from - to WaitingForReturnCode
2022-04-14 10:52:04,304 INFO  - BackgroundConfigAsyncJobExecutionActor [UUID(2cce6d72)mapping.pbmm2_align:0:1]: Status change from WaitingForReturnCode to Done
2022-04-14 10:53:44,427 WARN  - BackgroundConfigAsyncJobExecutionActor [UUID(2cce6d72)mapping.pbmm2_align:6:1]: Unrecognized runtime attribute keys: cpu, memory
2022-04-14 10:53:44,435 INFO  - BackgroundConfigAsyncJobExecutionActor [UUID(2cce6d72)mapping.pbmm2_align:6:1]: `set -vex
TMPDIR=/pub33/pbio10/smrtlink/userdata/tmp_dir \
pbmm2 \
  align \
  /pub33/pbio10/smrtlink/userdata/jobs_root.default/cromwell-executions/pb_basemods/5cb40ebe-71f3-456d-9c2c-2267cd8f47bc/call-mapping/mapping/2cce6d72-7910-4d46-9be0-2258668d89c4/call-pbmm2_align/shard-6/inputs/-454421214/smrtlink_reference.referenceset.xml \
  /pub33/pbio10/smrtlink/userdata/jobs_root.default/cromwell-executions/pb_basemods/5cb40ebe-71f3-456d-9c2c-2267cd8f47bc/call-mapping/mapping/2cce6d72-7910-4d46-9be0-2258668d89c4/call-pbmm2_align/shard-6/inputs/2119352614/filtered.chunk6.subreadset.xml \
  mapped.alignmentset.xml \
  --sort \
  --min-gap-comp-id-perc 70.0 \
  --min-length 50 \
  --sample "" \
   \
   \
   \
   \
   \
   \
   \
  -j 15 \
  --log-level INFO \
  --log-file pbmm2.log \
  --alarms alarms.json && \
ls mapped.alignmentset.xml || ( \
cp mapped.json mapped.datastore.json && \
python3 \
  -m pbcoretools.tasks.dataset_to_datastore \
  mapped.datastore.json \
  mapped.alignmentset.xml
)`
2022-04-14 10:53:44,436 INFO  - BackgroundConfigAsyncJobExecutionActor [UUID(2cce6d72)mapping.pbmm2_align:6:1]: executing: /bin/bash /pub33/pbio10/smrtlink/userdata/jobs_root.default/cromwell-executions/pb_basemods/5cb40ebe-71f3-456d-9c2c-2267cd8f47bc/call-mapping/mapping/2cce6d72-7910-4d46-9be0-2258668d89c4/call-pbmm2_align/shard-6/execution/script
2022-04-14 10:53:46,379 INFO  - BackgroundConfigAsyncJobExecutionActor [UUID(2cce6d72)mapping.pbmm2_align:6:1]: job id: 1974548
2022-04-14 10:53:46,380 INFO  - BackgroundConfigAsyncJobExecutionActor [UUID(2cce6d72)mapping.pbmm2_align:6:1]: Status change from - to WaitingForReturnCode
2022-04-14 10:57:31,293 INFO  - BackgroundConfigAsyncJobExecutionActor [UUID(2cce6d72)mapping.pbmm2_align:6:1]: Status change from WaitingForReturnCode to Done
2022-04-14 10:59:59,427 WARN  - BackgroundConfigAsyncJobExecutionActor [UUID(2cce6d72)mapping.pbmm2_align:5:1]: Unrecognized runtime attribute keys: cpu, memory
2022-04-14 10:59:59,465 INFO  - BackgroundConfigAsyncJobExecutionActor [UUID(2cce6d72)mapping.pbmm2_align:5:1]: `set -vex
TMPDIR=/pub33/pbio10/smrtlink/userdata/tmp_dir \
pbmm2 \
  align \
  /pub33/pbio10/smrtlink/userdata/jobs_root.default/cromwell-executions/pb_basemods/5cb40ebe-71f3-456d-9c2c-2267cd8f47bc/call-mapping/mapping/2cce6d72-7910-4d46-9be0-2258668d89c4/call-pbmm2_align/shard-5/inputs/-454421214/smrtlink_reference.referenceset.xml \
  /pub33/pbio10/smrtlink/userdata/jobs_root.default/cromwell-executions/pb_basemods/5cb40ebe-71f3-456d-9c2c-2267cd8f47bc/call-mapping/mapping/2cce6d72-7910-4d46-9be0-2258668d89c4/call-pbmm2_align/shard-5/inputs/2119352614/filtered.chunk5.subreadset.xml \
  mapped.alignmentset.xml \
  --sort \
  --min-gap-comp-id-perc 70.0 \
  --min-length 50 \
  --sample "" \
   \
   \
   \
   \
   \
   \
   \
  -j 15 \
  --log-level INFO \
  --log-file pbmm2.log \
  --alarms alarms.json && \
ls mapped.alignmentset.xml || ( \
cp mapped.json mapped.datastore.json && \
python3 \
  -m pbcoretools.tasks.dataset_to_datastore \
  mapped.datastore.json \
  mapped.alignmentset.xml
)`
2022-04-14 10:59:59,474 INFO  - BackgroundConfigAsyncJobExecutionActor [UUID(2cce6d72)mapping.pbmm2_align:5:1]: executing: /bin/bash /pub33/pbio10/smrtlink/userdata/jobs_root.default/cromwell-executions/pb_basemods/5cb40ebe-71f3-456d-9c2c-2267cd8f47bc/call-mapping/mapping/2cce6d72-7910-4d46-9be0-2258668d89c4/call-pbmm2_align/shard-5/execution/script
2022-04-14 11:00:01,376 INFO  - BackgroundConfigAsyncJobExecutionActor [UUID(2cce6d72)mapping.pbmm2_align:5:1]: job id: 1976061
2022-04-14 11:00:01,377 INFO  - BackgroundConfigAsyncJobExecutionActor [UUID(2cce6d72)mapping.pbmm2_align:5:1]: Status change from - to WaitingForReturnCode
2022-04-14 11:03:44,544 INFO  - BackgroundConfigAsyncJobExecutionActor [UUID(2cce6d72)mapping.pbmm2_align:5:1]: Status change from WaitingForReturnCode to Done
2022-04-14 11:05:18,427 WARN  - BackgroundConfigAsyncJobExecutionActor [UUID(2cce6d72)mapping.pbmm2_align:4:1]: Unrecognized runtime attribute keys: cpu, memory
2022-04-14 11:05:18,434 INFO  - BackgroundConfigAsyncJobExecutionActor [UUID(2cce6d72)mapping.pbmm2_align:4:1]: `set -vex
TMPDIR=/pub33/pbio10/smrtlink/userdata/tmp_dir \
pbmm2 \
  align \
  /pub33/pbio10/smrtlink/userdata/jobs_root.default/cromwell-executions/pb_basemods/5cb40ebe-71f3-456d-9c2c-2267cd8f47bc/call-mapping/mapping/2cce6d72-7910-4d46-9be0-2258668d89c4/call-pbmm2_align/shard-4/inputs/-454421214/smrtlink_reference.referenceset.xml \
  /pub33/pbio10/smrtlink/userdata/jobs_root.default/cromwell-executions/pb_basemods/5cb40ebe-71f3-456d-9c2c-2267cd8f47bc/call-mapping/mapping/2cce6d72-7910-4d46-9be0-2258668d89c4/call-pbmm2_align/shard-4/inputs/2119352614/filtered.chunk4.subreadset.xml \
  mapped.alignmentset.xml \
  --sort \
  --min-gap-comp-id-perc 70.0 \
  --min-length 50 \
  --sample "" \
   \
   \
   \
   \
   \
   \
   \
  -j 15 \
  --log-level INFO \
  --log-file pbmm2.log \
  --alarms alarms.json && \
ls mapped.alignmentset.xml || ( \
cp mapped.json mapped.datastore.json && \
python3 \
  -m pbcoretools.tasks.dataset_to_datastore \
  mapped.datastore.json \
  mapped.alignmentset.xml
)`
2022-04-14 11:05:18,435 INFO  - BackgroundConfigAsyncJobExecutionActor [UUID(2cce6d72)mapping.pbmm2_align:4:1]: executing: /bin/bash /pub33/pbio10/smrtlink/userdata/jobs_root.default/cromwell-executions/pb_basemods/5cb40ebe-71f3-456d-9c2c-2267cd8f47bc/call-mapping/mapping/2cce6d72-7910-4d46-9be0-2258668d89c4/call-pbmm2_align/shard-4/execution/script
2022-04-14 11:05:21,386 INFO  - BackgroundConfigAsyncJobExecutionActor [UUID(2cce6d72)mapping.pbmm2_align:4:1]: job id: 1977052
2022-04-14 11:05:21,387 INFO  - BackgroundConfigAsyncJobExecutionActor [UUID(2cce6d72)mapping.pbmm2_align:4:1]: Status change from - to WaitingForReturnCode
2022-04-14 11:09:20,244 INFO  - BackgroundConfigAsyncJobExecutionActor [UUID(2cce6d72)mapping.pbmm2_align:4:1]: Status change from WaitingForReturnCode to Done
2022-04-14 11:09:26,144 INFO  - 2cce6d72-7910-4d46-9be0-2258668d89c4-SubWorkflowActor-SubWorkflow-mapping:-1:1 [UUID(2cce6d72)]: Starting mapping.gather_alignments
2022-04-14 11:13:02,426 WARN  - BackgroundConfigAsyncJobExecutionActor [UUID(2cce6d72)mapping.gather_alignments:NA:1]: Unrecognized runtime attribute keys: cpu, memory
2022-04-14 11:13:02,441 INFO  - BackgroundConfigAsyncJobExecutionActor [UUID(2cce6d72)mapping.gather_alignments:NA:1]: `dataset \
  --log-level INFO \
  --strict \
  create \
  --trustCounts \
  --no-sub-datasets \
  --unique-collections \
  --name 'Mapped Reads' \
  mapped.alignmentset.xml \
  /pub33/pbio10/smrtlink/userdata/jobs_root.default/cromwell-executions/pb_basemods/5cb40ebe-71f3-456d-9c2c-2267cd8f47bc/call-mapping/mapping/2cce6d72-7910-4d46-9be0-2258668d89c4/call-gather_alignments/inputs/500020577/mapped.alignmentset.xml /pub33/pbio10/smrtlink/userdata/jobs_root.default/cromwell-executions/pb_basemods/5cb40ebe-71f3-456d-9c2c-2267cd8f47bc/call-mapping/mapping/2cce6d72-7910-4d46-9be0-2258668d89c4/call-gather_alignments/inputs/-1296930782/mapped.alignmentset.xml /pub33/pbio10/smrtlink/userdata/jobs_root.default/cromwell-executions/pb_basemods/5cb40ebe-71f3-456d-9c2c-2267cd8f47bc/call-mapping/mapping/2cce6d72-7910-4d46-9be0-2258668d89c4/call-gather_alignments/inputs/1201085155/mapped.alignmentset.xml /pub33/pbio10/smrtlink/userdata/jobs_root.default/cromwell-executions/pb_basemods/5cb40ebe-71f3-456d-9c2c-2267cd8f47bc/call-mapping/mapping/2cce6d72-7910-4d46-9be0-2258668d89c4/call-gather_alignments/inputs/-595866204/mapped.alignmentset.xml /pub33/pbio10/smrtlink/userdata/jobs_root.default/cromwell-executions/pb_basemods/5cb40ebe-71f3-456d-9c2c-2267cd8f47bc/call-mapping/mapping/2cce6d72-7910-4d46-9be0-2258668d89c4/call-gather_alignments/inputs/1902149733/mapped.alignmentset.xml /pub33/pbio10/smrtlink/userdata/jobs_root.default/cromwell-executions/pb_basemods/5cb40ebe-71f3-456d-9c2c-2267cd8f47bc/call-mapping/mapping/2cce6d72-7910-4d46-9be0-2258668d89c4/call-gather_alignments/inputs/105198374/mapped.alignmentset.xml /pub33/pbio10/smrtlink/userdata/jobs_root.default/cromwell-executions/pb_basemods/5cb40ebe-71f3-456d-9c2c-2267cd8f47bc/call-mapping/mapping/2cce6d72-7910-4d46-9be0-2258668d89c4/call-gather_alignments/inputs/-1691752985/mapped.alignmentset.xml /pub33/pbio10/smrtlink/userdata/jobs_root.default/cromwell-executions/pb_basemods/5cb40ebe-71f3-456d-9c2c-2267cd8f47bc/call-mapping/mapping/2cce6d72-7910-4d46-9be0-2258668d89c4/call-gather_alignments/inputs/806262952/mapped.alignmentset.xml`
2022-04-14 11:13:02,443 INFO  - BackgroundConfigAsyncJobExecutionActor [UUID(2cce6d72)mapping.gather_alignments:NA:1]: executing: /bin/bash /pub33/pbio10/smrtlink/userdata/jobs_root.default/cromwell-executions/pb_basemods/5cb40ebe-71f3-456d-9c2c-2267cd8f47bc/call-mapping/mapping/2cce6d72-7910-4d46-9be0-2258668d89c4/call-gather_alignments/execution/script
2022-04-14 11:13:06,380 INFO  - BackgroundConfigAsyncJobExecutionActor [UUID(2cce6d72)mapping.gather_alignments:NA:1]: job id: 1980006
2022-04-14 11:13:06,380 INFO  - BackgroundConfigAsyncJobExecutionActor [UUID(2cce6d72)mapping.gather_alignments:NA:1]: Status change from - to Done
2022-04-14 11:13:09,524 INFO  - 2cce6d72-7910-4d46-9be0-2258668d89c4-SubWorkflowActor-SubWorkflow-mapping:-1:1 [UUID(2cce6d72)]: Starting mapping.mapping_stats
2022-04-14 11:18:08,426 WARN  - BackgroundConfigAsyncJobExecutionActor [UUID(2cce6d72)mapping.mapping_stats:NA:1]: Unrecognized runtime attribute keys: cpu, memory
2022-04-14 11:18:08,434 INFO  - BackgroundConfigAsyncJobExecutionActor [UUID(2cce6d72)mapping.mapping_stats:NA:1]: `python3 \
  -m pbreports.report.mapping_stats \
  --log-level INFO \
  --nproc 15 \
  --min-concordance 70.0 \
   \
  --all-reads /pub33/pbio10/smrtlink/userdata/jobs_root.default/cromwell-executions/pb_basemods/5cb40ebe-71f3-456d-9c2c-2267cd8f47bc/call-mapping/mapping/2cce6d72-7910-4d46-9be0-2258668d89c4/call-mapping_stats/inputs/-2005404820/filtered.subreadset.xml \
  /pub33/pbio10/smrtlink/userdata/jobs_root.default/cromwell-executions/pb_basemods/5cb40ebe-71f3-456d-9c2c-2267cd8f47bc/call-mapping/mapping/2cce6d72-7910-4d46-9be0-2258668d89c4/call-mapping_stats/inputs/1393745853/mapped.alignmentset.xml \
  mapping_stats.report.json`
2022-04-14 11:18:08,436 INFO  - BackgroundConfigAsyncJobExecutionActor [UUID(2cce6d72)mapping.mapping_stats:NA:1]: executing: /bin/bash /pub33/pbio10/smrtlink/userdata/jobs_root.default/cromwell-executions/pb_basemods/5cb40ebe-71f3-456d-9c2c-2267cd8f47bc/call-mapping/mapping/2cce6d72-7910-4d46-9be0-2258668d89c4/call-mapping_stats/execution/script
2022-04-14 11:18:11,378 INFO  - BackgroundConfigAsyncJobExecutionActor [UUID(2cce6d72)mapping.mapping_stats:NA:1]: job id: 1981563
2022-04-14 11:18:11,379 INFO  - BackgroundConfigAsyncJobExecutionActor [UUID(2cce6d72)mapping.mapping_stats:NA:1]: Status change from - to WaitingForReturnCode
2022-04-14 11:18:34,313 INFO  - BackgroundConfigAsyncJobExecutionActor [UUID(2cce6d72)mapping.mapping_stats:NA:1]: Status change from WaitingForReturnCode to Done
2022-04-14 11:18:37,953 INFO  - 2cce6d72-7910-4d46-9be0-2258668d89c4-SubWorkflowActor-SubWorkflow-mapping:-1:1 [UUID(2cce6d72)]: Workflow mapping complete. Final Outputs:
{
  "mapping.coverage_gff": null,
  "mapping.plot_target_coverage_png": null,
  "mapping.index_memory_gb": 2,
  "mapping.genome_length_mb": 1,
  "mapping.report_target_coverage": null,
  "mapping.mapped_bam_datastore": null,
  "mapping.mapped": "/pub33/pbio10/smrtlink/userdata/jobs_root.default/cromwell-executions/pb_basemods/5cb40ebe-71f3-456d-9c2c-2267cd8f47bc/call-mapping/mapping/2cce6d72-7910-4d46-9be0-2258668d89c4/call-gather_alignments/execution/mapped.alignmentset.xml",
  "mapping.report_mapping_stats": "/pub33/pbio10/smrtlink/userdata/jobs_root.default/cromwell-executions/pb_basemods/5cb40ebe-71f3-456d-9c2c-2267cd8f47bc/call-mapping/mapping/2cce6d72-7910-4d46-9be0-2258668d89c4/call-mapping_stats/execution/mapping_stats.report.json",
  "mapping.report_coverage": null
}
2022-04-14 11:18:39,964 INFO  - WorkflowExecutionActor-5cb40ebe-71f3-456d-9c2c-2267cd8f47bc [UUID(5cb40ebe)]: Starting pb_basemods.auto_consolidate_alignments
2022-04-14 11:18:42,014 INFO  - 3e0c6b50-7324-4d3a-aeb8-7f6d2ed8834e-SubWorkflowActor-SubWorkflow-coverage_reports:-1:1 [UUID(3e0c6b50)]: Starting coverage_reports.summarize_coverage
2022-04-14 11:18:42,014 INFO  - bbab34dc-dba3-4141-ae14-cd94449d1de3-SubWorkflowActor-SubWorkflow-wf_basemods:-1:1 [UUID(bbab34dc)]: Starting wf_basemods.split_alignments
2022-04-14 11:18:44,054 INFO  - 3e0c6b50-7324-4d3a-aeb8-7f6d2ed8834e-SubWorkflowActor-SubWorkflow-coverage_reports:-1:1 [UUID(3e0c6b50)]: Starting coverage_reports.gc_coverage_plot
2022-04-14 11:24:14,427 WARN  - BackgroundConfigAsyncJobExecutionActor [UUID(5cb40ebe)pb_basemods.auto_consolidate_alignments:NA:1]: Unrecognized runtime attribute keys: cpu, memory
2022-04-14 11:24:14,434 INFO  - BackgroundConfigAsyncJobExecutionActor [UUID(5cb40ebe)pb_basemods.auto_consolidate_alignments:NA:1]: `# We specify TMPDIR despite --noTmp b/c the XML will be written to TMPDIR anyway.
# --noTmp refers only to BAM.
set -vex

TMPDIR=/pub33/pbio10/smrtlink/userdata/tmp_dir \
python3 -m pbcoretools.tasks.auto_consolidate \
  --log-level INFO \
  --noTmp \
   \
  /pub33/pbio10/smrtlink/userdata/jobs_root.default/cromwell-executions/pb_basemods/5cb40ebe-71f3-456d-9c2c-2267cd8f47bc/call-auto_consolidate_alignments/inputs/1393745853/mapped.alignmentset.xml \
  --datastore mapped.datastore.json \
  mapped.bam`
2022-04-14 11:24:14,436 INFO  - BackgroundConfigAsyncJobExecutionActor [UUID(5cb40ebe)pb_basemods.auto_consolidate_alignments:NA:1]: executing: /bin/bash /pub33/pbio10/smrtlink/userdata/jobs_root.default/cromwell-executions/pb_basemods/5cb40ebe-71f3-456d-9c2c-2267cd8f47bc/call-auto_consolidate_alignments/execution/script
2022-04-14 11:24:16,377 INFO  - BackgroundConfigAsyncJobExecutionActor [UUID(5cb40ebe)pb_basemods.auto_consolidate_alignments:NA:1]: job id: 1983125
2022-04-14 11:24:16,378 INFO  - BackgroundConfigAsyncJobExecutionActor [UUID(5cb40ebe)pb_basemods.auto_consolidate_alignments:NA:1]: Status change from - to Done
2022-04-14 11:31:11,427 WARN  - BackgroundConfigAsyncJobExecutionActor [UUID(3e0c6b50)coverage_reports.summarize_coverage:NA:1]: Unrecognized runtime attribute keys: cpu, memory
2022-04-14 11:31:11,435 INFO  - BackgroundConfigAsyncJobExecutionActor [UUID(3e0c6b50)coverage_reports.summarize_coverage:NA:1]: `python3 \
  -m pbreports.report.summarize_coverage \
  --log-level INFO \
  /pub33/pbio10/smrtlink/userdata/jobs_root.default/cromwell-executions/pb_basemods/5cb40ebe-71f3-456d-9c2c-2267cd8f47bc/call-coverage_reports/coverage_reports/3e0c6b50-7324-4d3a-aeb8-7f6d2ed8834e/call-summarize_coverage/inputs/1393745853/mapped.alignmentset.xml \
  /pub33/pbio10/smrtlink/userdata/jobs_root.default/cromwell-executions/pb_basemods/5cb40ebe-71f3-456d-9c2c-2267cd8f47bc/call-coverage_reports/coverage_reports/3e0c6b50-7324-4d3a-aeb8-7f6d2ed8834e/call-summarize_coverage/inputs/-454421214/smrtlink_reference.referenceset.xml \
  coverage.gff`
2022-04-14 11:31:11,436 INFO  - BackgroundConfigAsyncJobExecutionActor [UUID(3e0c6b50)coverage_reports.summarize_coverage:NA:1]: executing: /bin/bash /pub33/pbio10/smrtlink/userdata/jobs_root.default/cromwell-executions/pb_basemods/5cb40ebe-71f3-456d-9c2c-2267cd8f47bc/call-coverage_reports/coverage_reports/3e0c6b50-7324-4d3a-aeb8-7f6d2ed8834e/call-summarize_coverage/execution/script
2022-04-14 11:31:16,370 INFO  - BackgroundConfigAsyncJobExecutionActor [UUID(3e0c6b50)coverage_reports.summarize_coverage:NA:1]: job id: 1984471
2022-04-14 11:31:16,371 INFO  - BackgroundConfigAsyncJobExecutionActor [UUID(3e0c6b50)coverage_reports.summarize_coverage:NA:1]: Status change from - to WaitingForReturnCode
2022-04-14 11:31:33,503 INFO  - BackgroundConfigAsyncJobExecutionActor [UUID(3e0c6b50)coverage_reports.summarize_coverage:NA:1]: Status change from WaitingForReturnCode to Done
2022-04-14 11:37:20,428 WARN  - BackgroundConfigAsyncJobExecutionActor [UUID(bbab34dc)wf_basemods.split_alignments:NA:1]: Unrecognized runtime attribute keys: cpu, memory
2022-04-14 11:37:20,433 INFO  - BackgroundConfigAsyncJobExecutionActor [UUID(bbab34dc)wf_basemods.split_alignments:NA:1]: `touch .NOARCHIVE
dataset \
  --log-level DEBUG \
  split \
  --maxChunks 8 \
   \
  --contigs --breakContigs \
  --outdir . \
  /pub33/pbio10/smrtlink/userdata/jobs_root.default/cromwell-executions/pb_basemods/5cb40ebe-71f3-456d-9c2c-2267cd8f47bc/call-wf_basemods/wf_basemods/bbab34dc-dba3-4141-ae14-cd94449d1de3/call-split_alignments/inputs/1393745853/mapped.alignmentset.xml`
2022-04-14 11:37:20,435 INFO  - BackgroundConfigAsyncJobExecutionActor [UUID(bbab34dc)wf_basemods.split_alignments:NA:1]: executing: /bin/bash /pub33/pbio10/smrtlink/userdata/jobs_root.default/cromwell-executions/pb_basemods/5cb40ebe-71f3-456d-9c2c-2267cd8f47bc/call-wf_basemods/wf_basemods/bbab34dc-dba3-4141-ae14-cd94449d1de3/call-split_alignments/execution/script
2022-04-14 11:37:21,377 INFO  - BackgroundConfigAsyncJobExecutionActor [UUID(bbab34dc)wf_basemods.split_alignments:NA:1]: job id: 1985925
2022-04-14 11:37:21,378 INFO  - BackgroundConfigAsyncJobExecutionActor [UUID(bbab34dc)wf_basemods.split_alignments:NA:1]: Status change from - to WaitingForReturnCode
2022-04-14 11:37:31,894 INFO  - BackgroundConfigAsyncJobExecutionActor [UUID(bbab34dc)wf_basemods.split_alignments:NA:1]: Status change from WaitingForReturnCode to Done
2022-04-14 11:37:39,284 INFO  - bbab34dc-dba3-4141-ae14-cd94449d1de3-SubWorkflowActor-SubWorkflow-wf_basemods:-1:1 [UUID(bbab34dc)]: Starting wf_basemods.ipdsummary (8 shards)
2022-04-14 12:11:11,426 WARN  - BackgroundConfigAsyncJobExecutionActor [UUID(3e0c6b50)coverage_reports.gc_coverage_plot:NA:1]: Unrecognized runtime attribute keys: cpu, memory
2022-04-14 12:11:11,432 INFO  - BackgroundConfigAsyncJobExecutionActor [UUID(3e0c6b50)coverage_reports.gc_coverage_plot:NA:1]: `python3 \
  -m pbreports.tasks.plot_gc_coverage \
  --log-level INFO \
  --region-size 100 \
  /pub33/pbio10/smrtlink/userdata/jobs_root.default/cromwell-executions/pb_basemods/5cb40ebe-71f3-456d-9c2c-2267cd8f47bc/call-coverage_reports/coverage_reports/3e0c6b50-7324-4d3a-aeb8-7f6d2ed8834e/call-gc_coverage_plot/inputs/1393745853/mapped.alignmentset.xml /pub33/pbio10/smrtlink/userdata/jobs_root.default/cromwell-executions/pb_basemods/5cb40ebe-71f3-456d-9c2c-2267cd8f47bc/call-coverage_reports/coverage_reports/3e0c6b50-7324-4d3a-aeb8-7f6d2ed8834e/call-gc_coverage_plot/inputs/-454421214/smrtlink_reference.referenceset.xml \
  -o gc_coverage_boxplot.png`
2022-04-14 12:11:11,436 INFO  - BackgroundConfigAsyncJobExecutionActor [UUID(3e0c6b50)coverage_reports.gc_coverage_plot:NA:1]: executing: /bin/bash /pub33/pbio10/smrtlink/userdata/jobs_root.default/cromwell-executions/pb_basemods/5cb40ebe-71f3-456d-9c2c-2267cd8f47bc/call-coverage_reports/coverage_reports/3e0c6b50-7324-4d3a-aeb8-7f6d2ed8834e/call-gc_coverage_plot/execution/script
2022-04-14 12:11:16,375 INFO  - BackgroundConfigAsyncJobExecutionActor [UUID(3e0c6b50)coverage_reports.gc_coverage_plot:NA:1]: job id: 1988852
2022-04-14 12:11:16,376 INFO  - BackgroundConfigAsyncJobExecutionActor [UUID(3e0c6b50)coverage_reports.gc_coverage_plot:NA:1]: Status change from - to WaitingForReturnCode
2022-04-14 12:11:34,734 INFO  - BackgroundConfigAsyncJobExecutionActor [UUID(3e0c6b50)coverage_reports.gc_coverage_plot:NA:1]: Status change from WaitingForReturnCode to Done
2022-04-14 12:11:40,323 INFO  - 3e0c6b50-7324-4d3a-aeb8-7f6d2ed8834e-SubWorkflowActor-SubWorkflow-coverage_reports:-1:1 [UUID(3e0c6b50)]: Starting coverage_reports.pbreports_coverage
2022-04-14 12:58:23,429 WARN  - BackgroundConfigAsyncJobExecutionActor [UUID(bbab34dc)wf_basemods.ipdsummary:3:1]: Unrecognized runtime attribute keys: cpu, memory
2022-04-14 12:58:23,437 INFO  - BackgroundConfigAsyncJobExecutionActor [UUID(bbab34dc)wf_basemods.ipdsummary:3:1]: `ipdSummary \
  --log-level INFO \
  --numWorkers 15 \
  /pub33/pbio10/smrtlink/userdata/jobs_root.default/cromwell-executions/pb_basemods/5cb40ebe-71f3-456d-9c2c-2267cd8f47bc/call-wf_basemods/wf_basemods/bbab34dc-dba3-4141-ae14-cd94449d1de3/call-ipdsummary/shard-3/inputs/1964094989/mapped.chunk3.alignmentset.xml \
  --reference /pub33/pbio10/smrtlink/userdata/jobs_root.default/cromwell-executions/pb_basemods/5cb40ebe-71f3-456d-9c2c-2267cd8f47bc/call-wf_basemods/wf_basemods/bbab34dc-dba3-4141-ae14-cd94449d1de3/call-ipdsummary/shard-3/inputs/-454421214/smrtlink_reference.referenceset.xml \
  --gff basemods.gff \
  --csv basemods.csv \
  --bigwig ipds.bw \
  --pvalue 0.001 \
  --alignmentSetRefWindows \
  --identify m4C,m6A \
   \`
2022-04-14 12:58:23,439 INFO  - BackgroundConfigAsyncJobExecutionActor [UUID(bbab34dc)wf_basemods.ipdsummary:3:1]: executing: /bin/bash /pub33/pbio10/smrtlink/userdata/jobs_root.default/cromwell-executions/pb_basemods/5cb40ebe-71f3-456d-9c2c-2267cd8f47bc/call-wf_basemods/wf_basemods/bbab34dc-dba3-4141-ae14-cd94449d1de3/call-ipdsummary/shard-3/execution/script
2022-04-14 12:58:26,376 INFO  - BackgroundConfigAsyncJobExecutionActor [UUID(bbab34dc)wf_basemods.ipdsummary:3:1]: job id: 1992740
2022-04-14 12:58:26,377 INFO  - BackgroundConfigAsyncJobExecutionActor [UUID(bbab34dc)wf_basemods.ipdsummary:3:1]: Status change from - to WaitingForReturnCode
2022-04-14 13:03:43,695 INFO  - BackgroundConfigAsyncJobExecutionActor [UUID(bbab34dc)wf_basemods.ipdsummary:3:1]: Status change from WaitingForReturnCode to Done
2022-04-14 13:41:38,428 WARN  - BackgroundConfigAsyncJobExecutionActor [UUID(bbab34dc)wf_basemods.ipdsummary:5:1]: Unrecognized runtime attribute keys: cpu, memory
2022-04-14 13:41:38,435 INFO  - BackgroundConfigAsyncJobExecutionActor [UUID(bbab34dc)wf_basemods.ipdsummary:5:1]: `ipdSummary \
  --log-level INFO \
  --numWorkers 15 \
  /pub33/pbio10/smrtlink/userdata/jobs_root.default/cromwell-executions/pb_basemods/5cb40ebe-71f3-456d-9c2c-2267cd8f47bc/call-wf_basemods/wf_basemods/bbab34dc-dba3-4141-ae14-cd94449d1de3/call-ipdsummary/shard-5/inputs/1964094989/mapped.chunk5.alignmentset.xml \
  --reference /pub33/pbio10/smrtlink/userdata/jobs_root.default/cromwell-executions/pb_basemods/5cb40ebe-71f3-456d-9c2c-2267cd8f47bc/call-wf_basemods/wf_basemods/bbab34dc-dba3-4141-ae14-cd94449d1de3/call-ipdsummary/shard-5/inputs/-454421214/smrtlink_reference.referenceset.xml \
  --gff basemods.gff \
  --csv basemods.csv \
  --bigwig ipds.bw \
  --pvalue 0.001 \
  --alignmentSetRefWindows \
  --identify m4C,m6A \
   \`
2022-04-14 13:41:38,437 INFO  - BackgroundConfigAsyncJobExecutionActor [UUID(bbab34dc)wf_basemods.ipdsummary:5:1]: executing: /bin/bash /pub33/pbio10/smrtlink/userdata/jobs_root.default/cromwell-executions/pb_basemods/5cb40ebe-71f3-456d-9c2c-2267cd8f47bc/call-wf_basemods/wf_basemods/bbab34dc-dba3-4141-ae14-cd94449d1de3/call-ipdsummary/shard-5/execution/script
2022-04-14 13:41:41,377 INFO  - BackgroundConfigAsyncJobExecutionActor [UUID(bbab34dc)wf_basemods.ipdsummary:5:1]: job id: 1996254
2022-04-14 13:41:41,378 INFO  - BackgroundConfigAsyncJobExecutionActor [UUID(bbab34dc)wf_basemods.ipdsummary:5:1]: Status change from - to WaitingForReturnCode
2022-04-14 13:45:18,643 INFO  - BackgroundConfigAsyncJobExecutionActor [UUID(bbab34dc)wf_basemods.ipdsummary:5:1]: Status change from WaitingForReturnCode to Done
2022-04-14 14:22:32,428 WARN  - BackgroundConfigAsyncJobExecutionActor [UUID(bbab34dc)wf_basemods.ipdsummary:6:1]: Unrecognized runtime attribute keys: cpu, memory
2022-04-14 14:22:32,434 INFO  - BackgroundConfigAsyncJobExecutionActor [UUID(bbab34dc)wf_basemods.ipdsummary:6:1]: `ipdSummary \
  --log-level INFO \
  --numWorkers 15 \
  /pub33/pbio10/smrtlink/userdata/jobs_root.default/cromwell-executions/pb_basemods/5cb40ebe-71f3-456d-9c2c-2267cd8f47bc/call-wf_basemods/wf_basemods/bbab34dc-dba3-4141-ae14-cd94449d1de3/call-ipdsummary/shard-6/inputs/1964094989/mapped.chunk6.alignmentset.xml \
  --reference /pub33/pbio10/smrtlink/userdata/jobs_root.default/cromwell-executions/pb_basemods/5cb40ebe-71f3-456d-9c2c-2267cd8f47bc/call-wf_basemods/wf_basemods/bbab34dc-dba3-4141-ae14-cd94449d1de3/call-ipdsummary/shard-6/inputs/-454421214/smrtlink_reference.referenceset.xml \
  --gff basemods.gff \
  --csv basemods.csv \
  --bigwig ipds.bw \
  --pvalue 0.001 \
  --alignmentSetRefWindows \
  --identify m4C,m6A \
   \`
2022-04-14 14:22:32,436 INFO  - BackgroundConfigAsyncJobExecutionActor [UUID(bbab34dc)wf_basemods.ipdsummary:6:1]: executing: /bin/bash /pub33/pbio10/smrtlink/userdata/jobs_root.default/cromwell-executions/pb_basemods/5cb40ebe-71f3-456d-9c2c-2267cd8f47bc/call-wf_basemods/wf_basemods/bbab34dc-dba3-4141-ae14-cd94449d1de3/call-ipdsummary/shard-6/execution/script
2022-04-14 14:22:36,376 INFO  - BackgroundConfigAsyncJobExecutionActor [UUID(bbab34dc)wf_basemods.ipdsummary:6:1]: job id: 1999805
2022-04-14 14:22:36,377 INFO  - BackgroundConfigAsyncJobExecutionActor [UUID(bbab34dc)wf_basemods.ipdsummary:6:1]: Status change from - to WaitingForReturnCode
2022-04-14 14:26:25,343 INFO  - BackgroundConfigAsyncJobExecutionActor [UUID(bbab34dc)wf_basemods.ipdsummary:6:1]: Status change from WaitingForReturnCode to Done
2022-04-14 14:56:41,428 WARN  - BackgroundConfigAsyncJobExecutionActor [UUID(bbab34dc)wf_basemods.ipdsummary:1:1]: Unrecognized runtime attribute keys: cpu, memory
2022-04-14 14:56:41,434 INFO  - BackgroundConfigAsyncJobExecutionActor [UUID(bbab34dc)wf_basemods.ipdsummary:1:1]: `ipdSummary \
  --log-level INFO \
  --numWorkers 15 \
  /pub33/pbio10/smrtlink/userdata/jobs_root.default/cromwell-executions/pb_basemods/5cb40ebe-71f3-456d-9c2c-2267cd8f47bc/call-wf_basemods/wf_basemods/bbab34dc-dba3-4141-ae14-cd94449d1de3/call-ipdsummary/shard-1/inputs/1964094989/mapped.chunk1.alignmentset.xml \
  --reference /pub33/pbio10/smrtlink/userdata/jobs_root.default/cromwell-executions/pb_basemods/5cb40ebe-71f3-456d-9c2c-2267cd8f47bc/call-wf_basemods/wf_basemods/bbab34dc-dba3-4141-ae14-cd94449d1de3/call-ipdsummary/shard-1/inputs/-454421214/smrtlink_reference.referenceset.xml \
  --gff basemods.gff \
  --csv basemods.csv \
  --bigwig ipds.bw \
  --pvalue 0.001 \
  --alignmentSetRefWindows \
  --identify m4C,m6A \
   \`
2022-04-14 14:56:41,435 INFO  - BackgroundConfigAsyncJobExecutionActor [UUID(bbab34dc)wf_basemods.ipdsummary:1:1]: executing: /bin/bash /pub33/pbio10/smrtlink/userdata/jobs_root.default/cromwell-executions/pb_basemods/5cb40ebe-71f3-456d-9c2c-2267cd8f47bc/call-wf_basemods/wf_basemods/bbab34dc-dba3-4141-ae14-cd94449d1de3/call-ipdsummary/shard-1/execution/script
2022-04-14 14:56:46,377 INFO  - BackgroundConfigAsyncJobExecutionActor [UUID(bbab34dc)wf_basemods.ipdsummary:1:1]: job id: 2003107
2022-04-14 14:56:46,378 INFO  - BackgroundConfigAsyncJobExecutionActor [UUID(bbab34dc)wf_basemods.ipdsummary:1:1]: Status change from - to WaitingForReturnCode
2022-04-14 15:02:53,614 INFO  - BackgroundConfigAsyncJobExecutionActor [UUID(bbab34dc)wf_basemods.ipdsummary:1:1]: Status change from WaitingForReturnCode to Done
2022-04-14 15:33:08,428 WARN  - BackgroundConfigAsyncJobExecutionActor [UUID(bbab34dc)wf_basemods.ipdsummary:2:1]: Unrecognized runtime attribute keys: cpu, memory
2022-04-14 15:33:08,434 INFO  - BackgroundConfigAsyncJobExecutionActor [UUID(bbab34dc)wf_basemods.ipdsummary:2:1]: `ipdSummary \
  --log-level INFO \
  --numWorkers 15 \
  /pub33/pbio10/smrtlink/userdata/jobs_root.default/cromwell-executions/pb_basemods/5cb40ebe-71f3-456d-9c2c-2267cd8f47bc/call-wf_basemods/wf_basemods/bbab34dc-dba3-4141-ae14-cd94449d1de3/call-ipdsummary/shard-2/inputs/1964094989/mapped.chunk2.alignmentset.xml \
  --reference /pub33/pbio10/smrtlink/userdata/jobs_root.default/cromwell-executions/pb_basemods/5cb40ebe-71f3-456d-9c2c-2267cd8f47bc/call-wf_basemods/wf_basemods/bbab34dc-dba3-4141-ae14-cd94449d1de3/call-ipdsummary/shard-2/inputs/-454421214/smrtlink_reference.referenceset.xml \
  --gff basemods.gff \
  --csv basemods.csv \
  --bigwig ipds.bw \
  --pvalue 0.001 \
  --alignmentSetRefWindows \
  --identify m4C,m6A \
   \`
2022-04-14 15:33:08,436 INFO  - BackgroundConfigAsyncJobExecutionActor [UUID(bbab34dc)wf_basemods.ipdsummary:2:1]: executing: /bin/bash /pub33/pbio10/smrtlink/userdata/jobs_root.default/cromwell-executions/pb_basemods/5cb40ebe-71f3-456d-9c2c-2267cd8f47bc/call-wf_basemods/wf_basemods/bbab34dc-dba3-4141-ae14-cd94449d1de3/call-ipdsummary/shard-2/execution/script
2022-04-14 15:33:11,376 INFO  - BackgroundConfigAsyncJobExecutionActor [UUID(bbab34dc)wf_basemods.ipdsummary:2:1]: job id: 2006926
2022-04-14 15:33:11,377 INFO  - BackgroundConfigAsyncJobExecutionActor [UUID(bbab34dc)wf_basemods.ipdsummary:2:1]: Status change from - to WaitingForReturnCode
2022-04-14 15:37:52,854 INFO  - BackgroundConfigAsyncJobExecutionActor [UUID(bbab34dc)wf_basemods.ipdsummary:2:1]: Status change from WaitingForReturnCode to Done
2022-04-14 16:13:38,429 WARN  - BackgroundConfigAsyncJobExecutionActor [UUID(bbab34dc)wf_basemods.ipdsummary:0:1]: Unrecognized runtime attribute keys: cpu, memory
2022-04-14 16:13:38,435 INFO  - BackgroundConfigAsyncJobExecutionActor [UUID(bbab34dc)wf_basemods.ipdsummary:0:1]: `ipdSummary \
  --log-level INFO \
  --numWorkers 15 \
  /pub33/pbio10/smrtlink/userdata/jobs_root.default/cromwell-executions/pb_basemods/5cb40ebe-71f3-456d-9c2c-2267cd8f47bc/call-wf_basemods/wf_basemods/bbab34dc-dba3-4141-ae14-cd94449d1de3/call-ipdsummary/shard-0/inputs/1964094989/mapped.chunk0.alignmentset.xml \
  --reference /pub33/pbio10/smrtlink/userdata/jobs_root.default/cromwell-executions/pb_basemods/5cb40ebe-71f3-456d-9c2c-2267cd8f47bc/call-wf_basemods/wf_basemods/bbab34dc-dba3-4141-ae14-cd94449d1de3/call-ipdsummary/shard-0/inputs/-454421214/smrtlink_reference.referenceset.xml \
  --gff basemods.gff \
  --csv basemods.csv \
  --bigwig ipds.bw \
  --pvalue 0.001 \
  --alignmentSetRefWindows \
  --identify m4C,m6A \
   \`
2022-04-14 16:13:38,437 INFO  - BackgroundConfigAsyncJobExecutionActor [UUID(bbab34dc)wf_basemods.ipdsummary:0:1]: executing: /bin/bash /pub33/pbio10/smrtlink/userdata/jobs_root.default/cromwell-executions/pb_basemods/5cb40ebe-71f3-456d-9c2c-2267cd8f47bc/call-wf_basemods/wf_basemods/bbab34dc-dba3-4141-ae14-cd94449d1de3/call-ipdsummary/shard-0/execution/script
2022-04-14 16:13:41,379 INFO  - BackgroundConfigAsyncJobExecutionActor [UUID(bbab34dc)wf_basemods.ipdsummary:0:1]: job id: 2010114
2022-04-14 16:13:41,379 INFO  - BackgroundConfigAsyncJobExecutionActor [UUID(bbab34dc)wf_basemods.ipdsummary:0:1]: Status change from - to WaitingForReturnCode
2022-04-14 16:17:38,084 INFO  - BackgroundConfigAsyncJobExecutionActor [UUID(bbab34dc)wf_basemods.ipdsummary:0:1]: Status change from WaitingForReturnCode to Done
2022-04-14 16:45:29,427 WARN  - BackgroundConfigAsyncJobExecutionActor [UUID(bbab34dc)wf_basemods.ipdsummary:4:1]: Unrecognized runtime attribute keys: cpu, memory
2022-04-14 16:45:29,432 INFO  - BackgroundConfigAsyncJobExecutionActor [UUID(bbab34dc)wf_basemods.ipdsummary:4:1]: `ipdSummary \
  --log-level INFO \
  --numWorkers 15 \
  /pub33/pbio10/smrtlink/userdata/jobs_root.default/cromwell-executions/pb_basemods/5cb40ebe-71f3-456d-9c2c-2267cd8f47bc/call-wf_basemods/wf_basemods/bbab34dc-dba3-4141-ae14-cd94449d1de3/call-ipdsummary/shard-4/inputs/1964094989/mapped.chunk4.alignmentset.xml \
  --reference /pub33/pbio10/smrtlink/userdata/jobs_root.default/cromwell-executions/pb_basemods/5cb40ebe-71f3-456d-9c2c-2267cd8f47bc/call-wf_basemods/wf_basemods/bbab34dc-dba3-4141-ae14-cd94449d1de3/call-ipdsummary/shard-4/inputs/-454421214/smrtlink_reference.referenceset.xml \
  --gff basemods.gff \
  --csv basemods.csv \
  --bigwig ipds.bw \
  --pvalue 0.001 \
  --alignmentSetRefWindows \
  --identify m4C,m6A \
   \`
2022-04-14 16:45:29,434 INFO  - BackgroundConfigAsyncJobExecutionActor [UUID(bbab34dc)wf_basemods.ipdsummary:4:1]: executing: /bin/bash /pub33/pbio10/smrtlink/userdata/jobs_root.default/cromwell-executions/pb_basemods/5cb40ebe-71f3-456d-9c2c-2267cd8f47bc/call-wf_basemods/wf_basemods/bbab34dc-dba3-4141-ae14-cd94449d1de3/call-ipdsummary/shard-4/execution/script
2022-04-14 16:45:31,376 INFO  - BackgroundConfigAsyncJobExecutionActor [UUID(bbab34dc)wf_basemods.ipdsummary:4:1]: job id: 2013915
2022-04-14 16:45:31,376 INFO  - BackgroundConfigAsyncJobExecutionActor [UUID(bbab34dc)wf_basemods.ipdsummary:4:1]: Status change from - to WaitingForReturnCode
2022-04-14 16:50:44,184 INFO  - BackgroundConfigAsyncJobExecutionActor [UUID(bbab34dc)wf_basemods.ipdsummary:4:1]: Status change from WaitingForReturnCode to Done
2022-04-14 16:56:38,426 WARN  - BackgroundConfigAsyncJobExecutionActor [UUID(bbab34dc)wf_basemods.ipdsummary:7:1]: Unrecognized runtime attribute keys: cpu, memory
2022-04-14 16:56:38,432 INFO  - BackgroundConfigAsyncJobExecutionActor [UUID(bbab34dc)wf_basemods.ipdsummary:7:1]: `ipdSummary \
  --log-level INFO \
  --numWorkers 15 \
  /pub33/pbio10/smrtlink/userdata/jobs_root.default/cromwell-executions/pb_basemods/5cb40ebe-71f3-456d-9c2c-2267cd8f47bc/call-wf_basemods/wf_basemods/bbab34dc-dba3-4141-ae14-cd94449d1de3/call-ipdsummary/shard-7/inputs/1964094989/mapped.chunk7.alignmentset.xml \
  --reference /pub33/pbio10/smrtlink/userdata/jobs_root.default/cromwell-executions/pb_basemods/5cb40ebe-71f3-456d-9c2c-2267cd8f47bc/call-wf_basemods/wf_basemods/bbab34dc-dba3-4141-ae14-cd94449d1de3/call-ipdsummary/shard-7/inputs/-454421214/smrtlink_reference.referenceset.xml \
  --gff basemods.gff \
  --csv basemods.csv \
  --bigwig ipds.bw \
  --pvalue 0.001 \
  --alignmentSetRefWindows \
  --identify m4C,m6A \
   \`
2022-04-14 16:56:38,433 INFO  - BackgroundConfigAsyncJobExecutionActor [UUID(bbab34dc)wf_basemods.ipdsummary:7:1]: executing: /bin/bash /pub33/pbio10/smrtlink/userdata/jobs_root.default/cromwell-executions/pb_basemods/5cb40ebe-71f3-456d-9c2c-2267cd8f47bc/call-wf_basemods/wf_basemods/bbab34dc-dba3-4141-ae14-cd94449d1de3/call-ipdsummary/shard-7/execution/script
2022-04-14 16:56:41,376 INFO  - BackgroundConfigAsyncJobExecutionActor [UUID(bbab34dc)wf_basemods.ipdsummary:7:1]: job id: 2015373
2022-04-14 16:56:41,376 INFO  - BackgroundConfigAsyncJobExecutionActor [UUID(bbab34dc)wf_basemods.ipdsummary:7:1]: Status change from - to WaitingForReturnCode
2022-04-14 16:59:38,425 WARN  - BackgroundConfigAsyncJobExecutionActor [UUID(3e0c6b50)coverage_reports.pbreports_coverage:NA:1]: Unrecognized runtime attribute keys: cpu, memory
2022-04-14 16:59:38,433 INFO  - BackgroundConfigAsyncJobExecutionActor [UUID(3e0c6b50)coverage_reports.pbreports_coverage:NA:1]: `python3 \
  -m pbreports.report.coverage \
  --log-level INFO \
  --gc-cov-plot /pub33/pbio10/smrtlink/userdata/jobs_root.default/cromwell-executions/pb_basemods/5cb40ebe-71f3-456d-9c2c-2267cd8f47bc/call-coverage_reports/coverage_reports/3e0c6b50-7324-4d3a-aeb8-7f6d2ed8834e/call-pbreports_coverage/inputs/-411984316/gc_coverage_boxplot.png \
  /pub33/pbio10/smrtlink/userdata/jobs_root.default/cromwell-executions/pb_basemods/5cb40ebe-71f3-456d-9c2c-2267cd8f47bc/call-coverage_reports/coverage_reports/3e0c6b50-7324-4d3a-aeb8-7f6d2ed8834e/call-pbreports_coverage/inputs/-454421214/smrtlink_reference.referenceset.xml /pub33/pbio10/smrtlink/userdata/jobs_root.default/cromwell-executions/pb_basemods/5cb40ebe-71f3-456d-9c2c-2267cd8f47bc/call-coverage_reports/coverage_reports/3e0c6b50-7324-4d3a-aeb8-7f6d2ed8834e/call-pbreports_coverage/inputs/-1905458187/coverage.gff \
  coverage.report.json`
2022-04-14 16:59:38,435 INFO  - BackgroundConfigAsyncJobExecutionActor [UUID(3e0c6b50)coverage_reports.pbreports_coverage:NA:1]: executing: /bin/bash /pub33/pbio10/smrtlink/userdata/jobs_root.default/cromwell-executions/pb_basemods/5cb40ebe-71f3-456d-9c2c-2267cd8f47bc/call-coverage_reports/coverage_reports/3e0c6b50-7324-4d3a-aeb8-7f6d2ed8834e/call-pbreports_coverage/execution/script
2022-04-14 16:59:41,393 INFO  - BackgroundConfigAsyncJobExecutionActor [UUID(3e0c6b50)coverage_reports.pbreports_coverage:NA:1]: job id: 2016729
2022-04-14 16:59:41,393 INFO  - BackgroundConfigAsyncJobExecutionActor [UUID(3e0c6b50)coverage_reports.pbreports_coverage:NA:1]: Status change from - to Done
2022-04-14 16:59:44,874 INFO  - 3e0c6b50-7324-4d3a-aeb8-7f6d2ed8834e-SubWorkflowActor-SubWorkflow-coverage_reports:-1:1 [UUID(3e0c6b50)]: Workflow coverage_reports complete. Final Outputs:
{
  "coverage_reports.plot_target_coverage_png": null,
  "coverage_reports.coverage_gff": "/pub33/pbio10/smrtlink/userdata/jobs_root.default/cromwell-executions/pb_basemods/5cb40ebe-71f3-456d-9c2c-2267cd8f47bc/call-coverage_reports/coverage_reports/3e0c6b50-7324-4d3a-aeb8-7f6d2ed8834e/call-summarize_coverage/execution/coverage.gff",
  "coverage_reports.report_target_coverage": null,
  "coverage_reports.report_coverage": "/pub33/pbio10/smrtlink/userdata/jobs_root.default/cromwell-executions/pb_basemods/5cb40ebe-71f3-456d-9c2c-2267cd8f47bc/call-coverage_reports/coverage_reports/3e0c6b50-7324-4d3a-aeb8-7f6d2ed8834e/call-pbreports_coverage/execution/coverage.report.json"
}
2022-04-14 17:00:18,874 INFO  - BackgroundConfigAsyncJobExecutionActor [UUID(bbab34dc)wf_basemods.ipdsummary:7:1]: Status change from WaitingForReturnCode to Done
2022-04-14 17:00:22,633 INFO  - bbab34dc-dba3-4141-ae14-cd94449d1de3-SubWorkflowActor-SubWorkflow-wf_basemods:-1:1 [UUID(bbab34dc)]: Starting wf_basemods.gather_bigwig, wf_basemods.gather_basemods_csv, wf_basemods.gather_basemods_gff
2022-04-14 17:01:44,425 WARN  - BackgroundConfigAsyncJobExecutionActor [UUID(bbab34dc)wf_basemods.gather_bigwig:NA:1]: Unrecognized runtime attribute keys: cpu, memory
2022-04-14 17:01:44,440 INFO  - BackgroundConfigAsyncJobExecutionActor [UUID(bbab34dc)wf_basemods.gather_bigwig:NA:1]: `python3 \
  -m kineticsTools.tasks.gather_bigwig \
  --log-level INFO \
  ipds.bw \
  /pub33/pbio10/smrtlink/userdata/jobs_root.default/cromwell-executions/pb_basemods/5cb40ebe-71f3-456d-9c2c-2267cd8f47bc/call-wf_basemods/wf_basemods/bbab34dc-dba3-4141-ae14-cd94449d1de3/call-gather_bigwig/inputs/-828871410/ipds.bw /pub33/pbio10/smrtlink/userdata/jobs_root.default/cromwell-executions/pb_basemods/5cb40ebe-71f3-456d-9c2c-2267cd8f47bc/call-wf_basemods/wf_basemods/bbab34dc-dba3-4141-ae14-cd94449d1de3/call-gather_bigwig/inputs/1669144527/ipds.bw /pub33/pbio10/smrtlink/userdata/jobs_root.default/cromwell-executions/pb_basemods/5cb40ebe-71f3-456d-9c2c-2267cd8f47bc/call-wf_basemods/wf_basemods/bbab34dc-dba3-4141-ae14-cd94449d1de3/call-gather_bigwig/inputs/-127806832/ipds.bw /pub33/pbio10/smrtlink/userdata/jobs_root.default/cromwell-executions/pb_basemods/5cb40ebe-71f3-456d-9c2c-2267cd8f47bc/call-wf_basemods/wf_basemods/bbab34dc-dba3-4141-ae14-cd94449d1de3/call-gather_bigwig/inputs/-1924758191/ipds.bw /pub33/pbio10/smrtlink/userdata/jobs_root.default/cromwell-executions/pb_basemods/5cb40ebe-71f3-456d-9c2c-2267cd8f47bc/call-wf_basemods/wf_basemods/bbab34dc-dba3-4141-ae14-cd94449d1de3/call-gather_bigwig/inputs/573257746/ipds.bw /pub33/pbio10/smrtlink/userdata/jobs_root.default/cromwell-executions/pb_basemods/5cb40ebe-71f3-456d-9c2c-2267cd8f47bc/call-wf_basemods/wf_basemods/bbab34dc-dba3-4141-ae14-cd94449d1de3/call-gather_bigwig/inputs/-1223693613/ipds.bw /pub33/pbio10/smrtlink/userdata/jobs_root.default/cromwell-executions/pb_basemods/5cb40ebe-71f3-456d-9c2c-2267cd8f47bc/call-wf_basemods/wf_basemods/bbab34dc-dba3-4141-ae14-cd94449d1de3/call-gather_bigwig/inputs/1274322324/ipds.bw /pub33/pbio10/smrtlink/userdata/jobs_root.default/cromwell-executions/pb_basemods/5cb40ebe-71f3-456d-9c2c-2267cd8f47bc/call-wf_basemods/wf_basemods/bbab34dc-dba3-4141-ae14-cd94449d1de3/call-gather_bigwig/inputs/-522629035/ipds.bw`
2022-04-14 17:01:44,442 INFO  - BackgroundConfigAsyncJobExecutionActor [UUID(bbab34dc)wf_basemods.gather_bigwig:NA:1]: executing: /bin/bash /pub33/pbio10/smrtlink/userdata/jobs_root.default/cromwell-executions/pb_basemods/5cb40ebe-71f3-456d-9c2c-2267cd8f47bc/call-wf_basemods/wf_basemods/bbab34dc-dba3-4141-ae14-cd94449d1de3/call-gather_bigwig/execution/script
2022-04-14 17:01:46,376 INFO  - BackgroundConfigAsyncJobExecutionActor [UUID(bbab34dc)wf_basemods.gather_bigwig:NA:1]: job id: 2017846
2022-04-14 17:01:46,377 INFO  - BackgroundConfigAsyncJobExecutionActor [UUID(bbab34dc)wf_basemods.gather_bigwig:NA:1]: Status change from - to Done
2022-04-14 17:03:10,427 WARN  - BackgroundConfigAsyncJobExecutionActor [UUID(bbab34dc)wf_basemods.gather_basemods_csv:NA:1]: Unrecognized runtime attribute keys: cpu, memory
2022-04-14 17:03:10,438 INFO  - BackgroundConfigAsyncJobExecutionActor [UUID(bbab34dc)wf_basemods.gather_basemods_csv:NA:1]: `python3 \
  -m pbcoretools.tasks.gather \
  --log-level INFO \
   \
  basemods.csv \
  /pub33/pbio10/smrtlink/userdata/jobs_root.default/cromwell-executions/pb_basemods/5cb40ebe-71f3-456d-9c2c-2267cd8f47bc/call-wf_basemods/wf_basemods/bbab34dc-dba3-4141-ae14-cd94449d1de3/call-gather_basemods_csv/inputs/-828871410/basemods.csv /pub33/pbio10/smrtlink/userdata/jobs_root.default/cromwell-executions/pb_basemods/5cb40ebe-71f3-456d-9c2c-2267cd8f47bc/call-wf_basemods/wf_basemods/bbab34dc-dba3-4141-ae14-cd94449d1de3/call-gather_basemods_csv/inputs/1669144527/basemods.csv /pub33/pbio10/smrtlink/userdata/jobs_root.default/cromwell-executions/pb_basemods/5cb40ebe-71f3-456d-9c2c-2267cd8f47bc/call-wf_basemods/wf_basemods/bbab34dc-dba3-4141-ae14-cd94449d1de3/call-gather_basemods_csv/inputs/-127806832/basemods.csv /pub33/pbio10/smrtlink/userdata/jobs_root.default/cromwell-executions/pb_basemods/5cb40ebe-71f3-456d-9c2c-2267cd8f47bc/call-wf_basemods/wf_basemods/bbab34dc-dba3-4141-ae14-cd94449d1de3/call-gather_basemods_csv/inputs/-1924758191/basemods.csv /pub33/pbio10/smrtlink/userdata/jobs_root.default/cromwell-executions/pb_basemods/5cb40ebe-71f3-456d-9c2c-2267cd8f47bc/call-wf_basemods/wf_basemods/bbab34dc-dba3-4141-ae14-cd94449d1de3/call-gather_basemods_csv/inputs/573257746/basemods.csv /pub33/pbio10/smrtlink/userdata/jobs_root.default/cromwell-executions/pb_basemods/5cb40ebe-71f3-456d-9c2c-2267cd8f47bc/call-wf_basemods/wf_basemods/bbab34dc-dba3-4141-ae14-cd94449d1de3/call-gather_basemods_csv/inputs/-1223693613/basemods.csv /pub33/pbio10/smrtlink/userdata/jobs_root.default/cromwell-executions/pb_basemods/5cb40ebe-71f3-456d-9c2c-2267cd8f47bc/call-wf_basemods/wf_basemods/bbab34dc-dba3-4141-ae14-cd94449d1de3/call-gather_basemods_csv/inputs/1274322324/basemods.csv /pub33/pbio10/smrtlink/userdata/jobs_root.default/cromwell-executions/pb_basemods/5cb40ebe-71f3-456d-9c2c-2267cd8f47bc/call-wf_basemods/wf_basemods/bbab34dc-dba3-4141-ae14-cd94449d1de3/call-gather_basemods_csv/inputs/-522629035/basemods.csv`
2022-04-14 17:03:10,440 INFO  - BackgroundConfigAsyncJobExecutionActor [UUID(bbab34dc)wf_basemods.gather_basemods_csv:NA:1]: executing: /bin/bash /pub33/pbio10/smrtlink/userdata/jobs_root.default/cromwell-executions/pb_basemods/5cb40ebe-71f3-456d-9c2c-2267cd8f47bc/call-wf_basemods/wf_basemods/bbab34dc-dba3-4141-ae14-cd94449d1de3/call-gather_basemods_csv/execution/script
2022-04-14 17:03:11,379 INFO  - BackgroundConfigAsyncJobExecutionActor [UUID(bbab34dc)wf_basemods.gather_basemods_csv:NA:1]: job id: 2018701
2022-04-14 17:03:11,380 INFO  - BackgroundConfigAsyncJobExecutionActor [UUID(bbab34dc)wf_basemods.gather_basemods_csv:NA:1]: Status change from - to Done
2022-04-14 17:03:16,024 INFO  - bbab34dc-dba3-4141-ae14-cd94449d1de3-SubWorkflowActor-SubWorkflow-wf_basemods:-1:1 [UUID(bbab34dc)]: Starting wf_basemods.modifications_report
2022-04-14 17:04:59,427 WARN  - BackgroundConfigAsyncJobExecutionActor [UUID(bbab34dc)wf_basemods.gather_basemods_gff:NA:1]: Unrecognized runtime attribute keys: cpu, memory
2022-04-14 17:04:59,464 INFO  - BackgroundConfigAsyncJobExecutionActor [UUID(bbab34dc)wf_basemods.gather_basemods_gff:NA:1]: `python3 \
  -m pbcoretools.tasks.gather \
  --log-level INFO \
   \
  basemods.gff \
  /pub33/pbio10/smrtlink/userdata/jobs_root.default/cromwell-executions/pb_basemods/5cb40ebe-71f3-456d-9c2c-2267cd8f47bc/call-wf_basemods/wf_basemods/bbab34dc-dba3-4141-ae14-cd94449d1de3/call-gather_basemods_gff/inputs/-828871410/basemods.gff /pub33/pbio10/smrtlink/userdata/jobs_root.default/cromwell-executions/pb_basemods/5cb40ebe-71f3-456d-9c2c-2267cd8f47bc/call-wf_basemods/wf_basemods/bbab34dc-dba3-4141-ae14-cd94449d1de3/call-gather_basemods_gff/inputs/1669144527/basemods.gff /pub33/pbio10/smrtlink/userdata/jobs_root.default/cromwell-executions/pb_basemods/5cb40ebe-71f3-456d-9c2c-2267cd8f47bc/call-wf_basemods/wf_basemods/bbab34dc-dba3-4141-ae14-cd94449d1de3/call-gather_basemods_gff/inputs/-127806832/basemods.gff /pub33/pbio10/smrtlink/userdata/jobs_root.default/cromwell-executions/pb_basemods/5cb40ebe-71f3-456d-9c2c-2267cd8f47bc/call-wf_basemods/wf_basemods/bbab34dc-dba3-4141-ae14-cd94449d1de3/call-gather_basemods_gff/inputs/-1924758191/basemods.gff /pub33/pbio10/smrtlink/userdata/jobs_root.default/cromwell-executions/pb_basemods/5cb40ebe-71f3-456d-9c2c-2267cd8f47bc/call-wf_basemods/wf_basemods/bbab34dc-dba3-4141-ae14-cd94449d1de3/call-gather_basemods_gff/inputs/573257746/basemods.gff /pub33/pbio10/smrtlink/userdata/jobs_root.default/cromwell-executions/pb_basemods/5cb40ebe-71f3-456d-9c2c-2267cd8f47bc/call-wf_basemods/wf_basemods/bbab34dc-dba3-4141-ae14-cd94449d1de3/call-gather_basemods_gff/inputs/-1223693613/basemods.gff /pub33/pbio10/smrtlink/userdata/jobs_root.default/cromwell-executions/pb_basemods/5cb40ebe-71f3-456d-9c2c-2267cd8f47bc/call-wf_basemods/wf_basemods/bbab34dc-dba3-4141-ae14-cd94449d1de3/call-gather_basemods_gff/inputs/1274322324/basemods.gff /pub33/pbio10/smrtlink/userdata/jobs_root.default/cromwell-executions/pb_basemods/5cb40ebe-71f3-456d-9c2c-2267cd8f47bc/call-wf_basemods/wf_basemods/bbab34dc-dba3-4141-ae14-cd94449d1de3/call-gather_basemods_gff/inputs/-522629035/basemods.gff`
2022-04-14 17:04:59,466 INFO  - BackgroundConfigAsyncJobExecutionActor [UUID(bbab34dc)wf_basemods.gather_basemods_gff:NA:1]: executing: /bin/bash /pub33/pbio10/smrtlink/userdata/jobs_root.default/cromwell-executions/pb_basemods/5cb40ebe-71f3-456d-9c2c-2267cd8f47bc/call-wf_basemods/wf_basemods/bbab34dc-dba3-4141-ae14-cd94449d1de3/call-gather_basemods_gff/execution/script
2022-04-14 17:05:01,377 INFO  - BackgroundConfigAsyncJobExecutionActor [UUID(bbab34dc)wf_basemods.gather_basemods_gff:NA:1]: job id: 2019256
2022-04-14 17:05:01,378 INFO  - BackgroundConfigAsyncJobExecutionActor [UUID(bbab34dc)wf_basemods.gather_basemods_gff:NA:1]: Status change from - to Done
2022-04-14 17:05:07,204 INFO  - bbab34dc-dba3-4141-ae14-cd94449d1de3-SubWorkflowActor-SubWorkflow-wf_basemods:-1:1 [UUID(bbab34dc)]: Starting wf_basemods.find_motifs
2022-04-14 17:07:05,427 WARN  - BackgroundConfigAsyncJobExecutionActor [UUID(bbab34dc)wf_basemods.modifications_report:NA:1]: Unrecognized runtime attribute keys: cpu, memory
2022-04-14 17:07:05,431 INFO  - BackgroundConfigAsyncJobExecutionActor [UUID(bbab34dc)wf_basemods.modifications_report:NA:1]: `python3 \
  -m pbreports.report.modifications \
  --log-level INFO \
  --modqv-cutoff 100 \
  /pub33/pbio10/smrtlink/userdata/jobs_root.default/cromwell-executions/pb_basemods/5cb40ebe-71f3-456d-9c2c-2267cd8f47bc/call-wf_basemods/wf_basemods/bbab34dc-dba3-4141-ae14-cd94449d1de3/call-modifications_report/inputs/-1703829332/basemods.csv \
  modifications.report.json`
2022-04-14 17:07:05,433 INFO  - BackgroundConfigAsyncJobExecutionActor [UUID(bbab34dc)wf_basemods.modifications_report:NA:1]: executing: /bin/bash /pub33/pbio10/smrtlink/userdata/jobs_root.default/cromwell-executions/pb_basemods/5cb40ebe-71f3-456d-9c2c-2267cd8f47bc/call-wf_basemods/wf_basemods/bbab34dc-dba3-4141-ae14-cd94449d1de3/call-modifications_report/execution/script
2022-04-14 17:07:06,387 INFO  - BackgroundConfigAsyncJobExecutionActor [UUID(bbab34dc)wf_basemods.modifications_report:NA:1]: job id: 2020049
2022-04-14 17:07:06,387 INFO  - BackgroundConfigAsyncJobExecutionActor [UUID(bbab34dc)wf_basemods.modifications_report:NA:1]: Status change from - to WaitingForReturnCode
2022-04-14 17:07:10,773 INFO  - BackgroundConfigAsyncJobExecutionActor [UUID(bbab34dc)wf_basemods.modifications_report:NA:1]: Status change from WaitingForReturnCode to Done
2022-04-14 17:08:05,426 WARN  - BackgroundConfigAsyncJobExecutionActor [UUID(bbab34dc)wf_basemods.find_motifs:NA:1]: Unrecognized runtime attribute keys: cpu, memory
2022-04-14 17:08:05,433 INFO  - BackgroundConfigAsyncJobExecutionActor [UUID(bbab34dc)wf_basemods.find_motifs:NA:1]: `python3 <<EOF
from pbcore.io import ReferenceSet
import os
fasta_file = ReferenceSet("/pub33/pbio10/smrtlink/userdata/jobs_root.default/cromwell-executions/pb_basemods/5cb40ebe-71f3-456d-9c2c-2267cd8f47bc/call-wf_basemods/wf_basemods/bbab34dc-dba3-4141-ae14-cd94449d1de3/call-find_motifs/inputs/-454421214/smrtlink_reference.referenceset.xml", skipCounts=True).toExternalFiles()[0]
os.symlink(fasta_file, "reference.fasta")
EOF
motifMaker find \
  --parallelize \
  --gff /pub33/pbio10/smrtlink/userdata/jobs_root.default/cromwell-executions/pb_basemods/5cb40ebe-71f3-456d-9c2c-2267cd8f47bc/call-wf_basemods/wf_basemods/bbab34dc-dba3-4141-ae14-cd94449d1de3/call-find_motifs/inputs/-1574098739/basemods.gff \
  --fasta reference.fasta \
  --output motifs.csv \
  --minScore 100`
2022-04-14 17:08:05,435 INFO  - BackgroundConfigAsyncJobExecutionActor [UUID(bbab34dc)wf_basemods.find_motifs:NA:1]: executing: /bin/bash /pub33/pbio10/smrtlink/userdata/jobs_root.default/cromwell-executions/pb_basemods/5cb40ebe-71f3-456d-9c2c-2267cd8f47bc/call-wf_basemods/wf_basemods/bbab34dc-dba3-4141-ae14-cd94449d1de3/call-find_motifs/execution/script
2022-04-14 17:08:06,376 INFO  - BackgroundConfigAsyncJobExecutionActor [UUID(bbab34dc)wf_basemods.find_motifs:NA:1]: job id: 2020625
2022-04-14 17:08:06,377 INFO  - BackgroundConfigAsyncJobExecutionActor [UUID(bbab34dc)wf_basemods.find_motifs:NA:1]: Status change from - to WaitingForReturnCode
2022-04-14 17:09:29,455 INFO  - BackgroundConfigAsyncJobExecutionActor [UUID(bbab34dc)wf_basemods.find_motifs:NA:1]: Status change from WaitingForReturnCode to Done
2022-04-14 17:09:33,424 INFO  - bbab34dc-dba3-4141-ae14-cd94449d1de3-SubWorkflowActor-SubWorkflow-wf_basemods:-1:1 [UUID(bbab34dc)]: Starting wf_basemods.reprocess_motifs
2022-04-14 17:10:41,426 WARN  - BackgroundConfigAsyncJobExecutionActor [UUID(bbab34dc)wf_basemods.reprocess_motifs:NA:1]: Unrecognized runtime attribute keys: cpu, memory
2022-04-14 17:10:41,435 INFO  - BackgroundConfigAsyncJobExecutionActor [UUID(bbab34dc)wf_basemods.reprocess_motifs:NA:1]: `motifMaker reprocess \
  --gff /pub33/pbio10/smrtlink/userdata/jobs_root.default/cromwell-executions/pb_basemods/5cb40ebe-71f3-456d-9c2c-2267cd8f47bc/call-wf_basemods/wf_basemods/bbab34dc-dba3-4141-ae14-cd94449d1de3/call-reprocess_motifs/inputs/-1574098739/basemods.gff \
  --motifs /pub33/pbio10/smrtlink/userdata/jobs_root.default/cromwell-executions/pb_basemods/5cb40ebe-71f3-456d-9c2c-2267cd8f47bc/call-wf_basemods/wf_basemods/bbab34dc-dba3-4141-ae14-cd94449d1de3/call-reprocess_motifs/inputs/66850377/motifs.csv \
  --fasta /pub33/pbio10/smrtlink/userdata/jobs_root.default/cromwell-executions/pb_basemods/5cb40ebe-71f3-456d-9c2c-2267cd8f47bc/call-wf_basemods/wf_basemods/bbab34dc-dba3-4141-ae14-cd94449d1de3/call-reprocess_motifs/inputs/66850377/reference.fasta \
  --output motifs.gff \
  --minFraction 0.3`
2022-04-14 17:10:41,437 INFO  - BackgroundConfigAsyncJobExecutionActor [UUID(bbab34dc)wf_basemods.reprocess_motifs:NA:1]: executing: /bin/bash /pub33/pbio10/smrtlink/userdata/jobs_root.default/cromwell-executions/pb_basemods/5cb40ebe-71f3-456d-9c2c-2267cd8f47bc/call-wf_basemods/wf_basemods/bbab34dc-dba3-4141-ae14-cd94449d1de3/call-reprocess_motifs/execution/script
2022-04-14 17:10:46,377 INFO  - BackgroundConfigAsyncJobExecutionActor [UUID(bbab34dc)wf_basemods.reprocess_motifs:NA:1]: job id: 2022119
2022-04-14 17:10:46,377 INFO  - BackgroundConfigAsyncJobExecutionActor [UUID(bbab34dc)wf_basemods.reprocess_motifs:NA:1]: Status change from - to Done
2022-04-14 17:10:51,964 INFO  - bbab34dc-dba3-4141-ae14-cd94449d1de3-SubWorkflowActor-SubWorkflow-wf_basemods:-1:1 [UUID(bbab34dc)]: Starting wf_basemods.motifs_report
2022-04-14 17:12:11,426 WARN  - BackgroundConfigAsyncJobExecutionActor [UUID(bbab34dc)wf_basemods.motifs_report:NA:1]: Unrecognized runtime attribute keys: cpu, memory
2022-04-14 17:12:11,480 INFO  - BackgroundConfigAsyncJobExecutionActor [UUID(bbab34dc)wf_basemods.motifs_report:NA:1]: `python3 \
  -m pbreports.report.motifs \
  --log-level INFO \
  /pub33/pbio10/smrtlink/userdata/jobs_root.default/cromwell-executions/pb_basemods/5cb40ebe-71f3-456d-9c2c-2267cd8f47bc/call-wf_basemods/wf_basemods/bbab34dc-dba3-4141-ae14-cd94449d1de3/call-motifs_report/inputs/1380252954/motifs.gff /pub33/pbio10/smrtlink/userdata/jobs_root.default/cromwell-executions/pb_basemods/5cb40ebe-71f3-456d-9c2c-2267cd8f47bc/call-wf_basemods/wf_basemods/bbab34dc-dba3-4141-ae14-cd94449d1de3/call-motifs_report/inputs/66850377/motifs.csv \
  motifs.report.json \
  --maxMotifs 10 \
  --modqv-cutoff 100 \
  --kinetics-csv /pub33/pbio10/smrtlink/userdata/jobs_root.default/cromwell-executions/pb_basemods/5cb40ebe-71f3-456d-9c2c-2267cd8f47bc/call-wf_basemods/wf_basemods/bbab34dc-dba3-4141-ae14-cd94449d1de3/call-motifs_report/inputs/-1703829332/basemods.csv \
  --reference /pub33/pbio10/smrtlink/userdata/jobs_root.default/cromwell-executions/pb_basemods/5cb40ebe-71f3-456d-9c2c-2267cd8f47bc/call-wf_basemods/wf_basemods/bbab34dc-dba3-4141-ae14-cd94449d1de3/call-motifs_report/inputs/-454421214/smrtlink_reference.referenceset.xml`
2022-04-14 17:12:11,481 INFO  - BackgroundConfigAsyncJobExecutionActor [UUID(bbab34dc)wf_basemods.motifs_report:NA:1]: executing: /bin/bash /pub33/pbio10/smrtlink/userdata/jobs_root.default/cromwell-executions/pb_basemods/5cb40ebe-71f3-456d-9c2c-2267cd8f47bc/call-wf_basemods/wf_basemods/bbab34dc-dba3-4141-ae14-cd94449d1de3/call-motifs_report/execution/script
2022-04-14 17:12:16,403 INFO  - BackgroundConfigAsyncJobExecutionActor [UUID(bbab34dc)wf_basemods.motifs_report:NA:1]: job id: 2023123
2022-04-14 17:12:16,410 INFO  - BackgroundConfigAsyncJobExecutionActor [UUID(bbab34dc)wf_basemods.motifs_report:NA:1]: Status change from - to WaitingForReturnCode
2022-04-14 17:12:20,934 INFO  - BackgroundConfigAsyncJobExecutionActor [UUID(bbab34dc)wf_basemods.motifs_report:NA:1]: Status change from WaitingForReturnCode to Done
2022-04-14 17:12:25,804 INFO  - bbab34dc-dba3-4141-ae14-cd94449d1de3-SubWorkflowActor-SubWorkflow-wf_basemods:-1:1 [UUID(bbab34dc)]: Workflow wf_basemods complete. Final Outputs:
{
  "wf_basemods.basemods_gff": "/pub33/pbio10/smrtlink/userdata/jobs_root.default/cromwell-executions/pb_basemods/5cb40ebe-71f3-456d-9c2c-2267cd8f47bc/call-wf_basemods/wf_basemods/bbab34dc-dba3-4141-ae14-cd94449d1de3/call-gather_basemods_gff/execution/basemods.gff",
  "wf_basemods.motifs_csv": "/pub33/pbio10/smrtlink/userdata/jobs_root.default/cromwell-executions/pb_basemods/5cb40ebe-71f3-456d-9c2c-2267cd8f47bc/call-wf_basemods/wf_basemods/bbab34dc-dba3-4141-ae14-cd94449d1de3/call-find_motifs/execution/motifs.csv",
  "wf_basemods.motifs_gff": "/pub33/pbio10/smrtlink/userdata/jobs_root.default/cromwell-executions/pb_basemods/5cb40ebe-71f3-456d-9c2c-2267cd8f47bc/call-wf_basemods/wf_basemods/bbab34dc-dba3-4141-ae14-cd94449d1de3/call-reprocess_motifs/execution/motifs.gff",
  "wf_basemods.basemods_csv": "/pub33/pbio10/smrtlink/userdata/jobs_root.default/cromwell-executions/pb_basemods/5cb40ebe-71f3-456d-9c2c-2267cd8f47bc/call-wf_basemods/wf_basemods/bbab34dc-dba3-4141-ae14-cd94449d1de3/call-gather_basemods_csv/execution/basemods.csv",
  "wf_basemods.bigwig_file": "/pub33/pbio10/smrtlink/userdata/jobs_root.default/cromwell-executions/pb_basemods/5cb40ebe-71f3-456d-9c2c-2267cd8f47bc/call-wf_basemods/wf_basemods/bbab34dc-dba3-4141-ae14-cd94449d1de3/call-gather_bigwig/execution/ipds.bw",
  "wf_basemods.report_motifs": "/pub33/pbio10/smrtlink/userdata/jobs_root.default/cromwell-executions/pb_basemods/5cb40ebe-71f3-456d-9c2c-2267cd8f47bc/call-wf_basemods/wf_basemods/bbab34dc-dba3-4141-ae14-cd94449d1de3/call-motifs_report/execution/motifs.report.json",
  "wf_basemods.report_modifications": "/pub33/pbio10/smrtlink/userdata/jobs_root.default/cromwell-executions/pb_basemods/5cb40ebe-71f3-456d-9c2c-2267cd8f47bc/call-wf_basemods/wf_basemods/bbab34dc-dba3-4141-ae14-cd94449d1de3/call-modifications_report/execution/modifications.report.json"
}
2022-04-14 17:12:26,924 INFO  - WorkflowExecutionActor-5cb40ebe-71f3-456d-9c2c-2267cd8f47bc [UUID(5cb40ebe)]: Workflow pb_basemods complete. Final Outputs:
{
  "pb_basemods.report_modifications": "/pub33/pbio10/smrtlink/userdata/jobs_root.default/cromwell-executions/pb_basemods/5cb40ebe-71f3-456d-9c2c-2267cd8f47bc/call-wf_basemods/wf_basemods/bbab34dc-dba3-4141-ae14-cd94449d1de3/call-modifications_report/execution/modifications.report.json",
  "pb_basemods.basemods_gff": "/pub33/pbio10/smrtlink/userdata/jobs_root.default/cromwell-executions/pb_basemods/5cb40ebe-71f3-456d-9c2c-2267cd8f47bc/call-wf_basemods/wf_basemods/bbab34dc-dba3-4141-ae14-cd94449d1de3/call-gather_basemods_gff/execution/basemods.gff",
  "pb_basemods.motifs_csv": "/pub33/pbio10/smrtlink/userdata/jobs_root.default/cromwell-executions/pb_basemods/5cb40ebe-71f3-456d-9c2c-2267cd8f47bc/call-wf_basemods/wf_basemods/bbab34dc-dba3-4141-ae14-cd94449d1de3/call-find_motifs/execution/motifs.csv",
  "pb_basemods.basemods_csv": "/pub33/pbio10/smrtlink/userdata/jobs_root.default/cromwell-executions/pb_basemods/5cb40ebe-71f3-456d-9c2c-2267cd8f47bc/call-wf_basemods/wf_basemods/bbab34dc-dba3-4141-ae14-cd94449d1de3/call-gather_basemods_csv/execution/basemods.csv",
  "pb_basemods.report_mapping_stats": "/pub33/pbio10/smrtlink/userdata/jobs_root.default/cromwell-executions/pb_basemods/5cb40ebe-71f3-456d-9c2c-2267cd8f47bc/call-mapping/mapping/2cce6d72-7910-4d46-9be0-2258668d89c4/call-mapping_stats/execution/mapping_stats.report.json",
  "pb_basemods.mapped_bam_datastore": null,
  "pb_basemods.motifs_gff": "/pub33/pbio10/smrtlink/userdata/jobs_root.default/cromwell-executions/pb_basemods/5cb40ebe-71f3-456d-9c2c-2267cd8f47bc/call-wf_basemods/wf_basemods/bbab34dc-dba3-4141-ae14-cd94449d1de3/call-reprocess_motifs/execution/motifs.gff",
  "pb_basemods.report_motifs": "/pub33/pbio10/smrtlink/userdata/jobs_root.default/cromwell-executions/pb_basemods/5cb40ebe-71f3-456d-9c2c-2267cd8f47bc/call-wf_basemods/wf_basemods/bbab34dc-dba3-4141-ae14-cd94449d1de3/call-motifs_report/execution/motifs.report.json",
  "pb_basemods.report_coverage": "/pub33/pbio10/smrtlink/userdata/jobs_root.default/cromwell-executions/pb_basemods/5cb40ebe-71f3-456d-9c2c-2267cd8f47bc/call-coverage_reports/coverage_reports/3e0c6b50-7324-4d3a-aeb8-7f6d2ed8834e/call-pbreports_coverage/execution/coverage.report.json",
  "pb_basemods.bigwig_file": "/pub33/pbio10/smrtlink/userdata/jobs_root.default/cromwell-executions/pb_basemods/5cb40ebe-71f3-456d-9c2c-2267cd8f47bc/call-wf_basemods/wf_basemods/bbab34dc-dba3-4141-ae14-cd94449d1de3/call-gather_bigwig/execution/ipds.bw",
  "pb_basemods.mapped": "/pub33/pbio10/smrtlink/userdata/jobs_root.default/cromwell-executions/pb_basemods/5cb40ebe-71f3-456d-9c2c-2267cd8f47bc/call-mapping/mapping/2cce6d72-7910-4d46-9be0-2258668d89c4/call-gather_alignments/execution/mapped.alignmentset.xml",
  "pb_basemods.coverage_gff": "/pub33/pbio10/smrtlink/userdata/jobs_root.default/cromwell-executions/pb_basemods/5cb40ebe-71f3-456d-9c2c-2267cd8f47bc/call-coverage_reports/coverage_reports/3e0c6b50-7324-4d3a-aeb8-7f6d2ed8834e/call-summarize_coverage/execution/coverage.gff"
}
2022-04-14 17:12:27,741 INFO  - $d [UUID(5cb40ebe)]: Copying workflow logs from /pub33/pbio10/smrtlink/userdata/jobs_root.default/cromwell-workflow-logs/workflow.5cb40ebe-71f3-456d-9c2c-2267cd8f47bc.log to /pub33/pbio10/smrtlink/userdata/jobs_root/0000/0000001/0000001022/logs/workflow.5cb40ebe-71f3-456d-9c2c-2267cd8f47bc.log
